2025-08-06 16:13:25.778 DEBUG 23844 --- [qtp766069067-33] org.eclipse.jetty.io.ManagedSelector     : updateable 1
2025-08-06 16:13:25.779 DEBUG 23844 --- [qtp766069067-33] org.eclipse.jetty.io.ManagedSelector     : update org.eclipse.jetty.io.ManagedSelector$CloseConnections@358ada29
2025-08-06 16:13:25.779 DEBUG 23844 --- [qtp766069067-33] org.eclipse.jetty.io.ManagedSelector     : Closing 0 connections on ManagedSelector@62d4fb2{STOPPING} id=1 keys=0 selected=0 updates=0
2025-08-06 16:13:25.779 DEBUG 23844 --- [qtp766069067-33] org.eclipse.jetty.io.ManagedSelector     : updates 0
2025-08-06 16:13:25.779 DEBUG 23844 --- [qtp766069067-33] org.eclipse.jetty.io.ManagedSelector     : Selector sun.nio.ch.WEPollSelectorImpl@67f8fed6 waiting with 0 keys
2025-08-06 16:13:25.779 DEBUG 23844 --- [SpringApplicationShutdownHook] org.eclipse.jetty.io.ManagedSelector     : Queued change lazy=false org.eclipse.jetty.io.ManagedSelector$StopSelector@57d38cb5 on ManagedSelector@62d4fb2{STOPPING} id=1 keys=0 selected=0 updates=0
2025-08-06 16:13:25.780 DEBUG 23844 --- [SpringApplicationShutdownHook] org.eclipse.jetty.io.ManagedSelector     : Wakeup on submit ManagedSelector@62d4fb2{STOPPING} id=1 keys=0 selected=0 updates=1
2025-08-06 16:13:25.780 DEBUG 23844 --- [qtp766069067-33] org.eclipse.jetty.io.ManagedSelector     : Selector sun.nio.ch.WEPollSelectorImpl@67f8fed6 woken with none selected
2025-08-06 16:13:25.780 DEBUG 23844 --- [qtp766069067-33] org.eclipse.jetty.io.ManagedSelector     : Selector sun.nio.ch.WEPollSelectorImpl@67f8fed6 woken up from select, 0/0/0 selected
2025-08-06 16:13:25.780 DEBUG 23844 --- [qtp766069067-33] org.eclipse.jetty.io.ManagedSelector     : Selector sun.nio.ch.WEPollSelectorImpl@67f8fed6 processing 0 keys, 1 updates
2025-08-06 16:13:25.780 DEBUG 23844 --- [qtp766069067-33] org.eclipse.jetty.io.ManagedSelector     : updateable 1
2025-08-06 16:13:25.780 DEBUG 23844 --- [qtp766069067-33] org.eclipse.jetty.io.ManagedSelector     : update org.eclipse.jetty.io.ManagedSelector$StopSelector@57d38cb5
2025-08-06 16:13:25.780 DEBUG 23844 --- [qtp766069067-33] org.eclipse.jetty.io.ManagedSelector     : updates 0
2025-08-06 16:13:25.780 DEBUG 23844 --- [qtp766069067-33] o.e.jetty.util.thread.QueuedThreadPool   : ran org.eclipse.jetty.io.ManagedSelector$$Lambda$906/0x0000015c0c627698@3aec22a0 in QueuedThreadPool[qtp766069067]@2da9494b{STARTED,8<=8<=200,i=6,r=-1,q=0}[ReservedThreadExecutor@24148cc1{reserved=0/12,pending=0}]
2025-08-06 16:13:25.780 DEBUG 23844 --- [SpringApplicationShutdownHook] org.eclipse.jetty.io.ManagedSelector     : Queued change lazy=false org.eclipse.jetty.io.ManagedSelector$CloseConnections@23e7d4bd on ManagedSelector@59ea561c{STOPPING} id=0 keys=0 selected=0 updates=0
2025-08-06 16:13:25.780 DEBUG 23844 --- [SpringApplicationShutdownHook] org.eclipse.jetty.io.ManagedSelector     : Wakeup on submit ManagedSelector@59ea561c{STOPPING} id=0 keys=0 selected=0 updates=1
2025-08-06 16:13:25.780 DEBUG 23844 --- [qtp766069067-34] org.eclipse.jetty.io.ManagedSelector     : Selector sun.nio.ch.WEPollSelectorImpl@54d1eb23 woken with none selected
2025-08-06 16:13:25.780 DEBUG 23844 --- [qtp766069067-34] org.eclipse.jetty.io.ManagedSelector     : Selector sun.nio.ch.WEPollSelectorImpl@54d1eb23 woken up from select, 0/0/0 selected
2025-08-06 16:13:25.780 DEBUG 23844 --- [qtp766069067-34] org.eclipse.jetty.io.ManagedSelector     : Selector sun.nio.ch.WEPollSelectorImpl@54d1eb23 processing 0 keys, 1 updates
2025-08-06 16:13:25.780 DEBUG 23844 --- [qtp766069067-34] org.eclipse.jetty.io.ManagedSelector     : updateable 1
2025-08-06 16:13:25.780 DEBUG 23844 --- [qtp766069067-34] org.eclipse.jetty.io.ManagedSelector     : update org.eclipse.jetty.io.ManagedSelector$CloseConnections@23e7d4bd
2025-08-06 16:13:25.780 DEBUG 23844 --- [qtp766069067-34] org.eclipse.jetty.io.ManagedSelector     : Closing 0 connections on ManagedSelector@59ea561c{STOPPING} id=0 keys=0 selected=0 updates=0
2025-08-06 16:13:25.780 DEBUG 23844 --- [qtp766069067-34] org.eclipse.jetty.io.ManagedSelector     : updates 0
2025-08-06 16:13:25.780 DEBUG 23844 --- [qtp766069067-34] org.eclipse.jetty.io.ManagedSelector     : Selector sun.nio.ch.WEPollSelectorImpl@54d1eb23 waiting with 0 keys
2025-08-06 16:13:25.780 DEBUG 23844 --- [SpringApplicationShutdownHook] org.eclipse.jetty.io.ManagedSelector     : Queued change lazy=false org.eclipse.jetty.io.ManagedSelector$StopSelector@ff415bd on ManagedSelector@59ea561c{STOPPING} id=0 keys=0 selected=0 updates=0
2025-08-06 16:13:25.780 DEBUG 23844 --- [SpringApplicationShutdownHook] org.eclipse.jetty.io.ManagedSelector     : Wakeup on submit ManagedSelector@59ea561c{STOPPING} id=0 keys=0 selected=0 updates=1
2025-08-06 16:13:25.780 DEBUG 23844 --- [qtp766069067-34] org.eclipse.jetty.io.ManagedSelector     : Selector sun.nio.ch.WEPollSelectorImpl@54d1eb23 woken with none selected
2025-08-06 16:13:25.780 DEBUG 23844 --- [qtp766069067-34] org.eclipse.jetty.io.ManagedSelector     : Selector sun.nio.ch.WEPollSelectorImpl@54d1eb23 woken up from select, 0/0/0 selected
2025-08-06 16:13:25.780 DEBUG 23844 --- [qtp766069067-34] org.eclipse.jetty.io.ManagedSelector     : Selector sun.nio.ch.WEPollSelectorImpl@54d1eb23 processing 0 keys, 1 updates
2025-08-06 16:13:25.780 DEBUG 23844 --- [qtp766069067-34] org.eclipse.jetty.io.ManagedSelector     : updateable 1
2025-08-06 16:13:25.780 DEBUG 23844 --- [qtp766069067-34] org.eclipse.jetty.io.ManagedSelector     : update org.eclipse.jetty.io.ManagedSelector$StopSelector@ff415bd
2025-08-06 16:13:25.780 DEBUG 23844 --- [qtp766069067-34] org.eclipse.jetty.io.ManagedSelector     : updates 0
2025-08-06 16:13:25.780 DEBUG 23844 --- [qtp766069067-34] o.e.jetty.util.thread.QueuedThreadPool   : ran org.eclipse.jetty.io.ManagedSelector$$Lambda$906/0x0000015c0c627698@63040 in QueuedThreadPool[qtp766069067]@2da9494b{STARTED,8<=8<=200,i=7,r=-1,q=0}[ReservedThreadExecutor@24148cc1{reserved=0/12,pending=0}]
2025-08-06 16:13:25.781  INFO 23844 --- [SpringApplicationShutdownHook] o.e.jetty.server.AbstractConnector       : Stopped ServerConnector@467b245f{HTTP/1.1, (http/1.1)}{0.0.0.0:8080}
2025-08-06 16:13:25.781 DEBUG 23844 --- [SpringApplicationShutdownHook] o.e.j.server.handler.AbstractHandler     : stopping Server@701b3fb2{STOPPING}[9.4.49.v20220914]
2025-08-06 16:13:25.781  INFO 23844 --- [SpringApplicationShutdownHook] org.eclipse.jetty.server.session         : node0 Stopped scavenging
2025-08-06 16:13:25.781 DEBUG 23844 --- [SpringApplicationShutdownHook] o.e.j.server.handler.AbstractHandler     : stopping ErrorHandler@521b54ff{STOPPING}
2025-08-06 16:13:25.781 DEBUG 23844 --- [SpringApplicationShutdownHook] o.e.j.server.handler.AbstractHandler     : stopping o.s.b.w.e.j.JettyEmbeddedWebAppContext@a53003{application,/,[file:///C:/Users/31006/AppData/Local/Temp/jetty-docbase.8080.4466292807157924677/],STOPPED}
2025-08-06 16:13:25.781 DEBUG 23844 --- [SpringApplicationShutdownHook] o.e.jetty.util.thread.ShutdownThread     : shutdown already commenced
2025-08-06 16:13:25.781 DEBUG 23844 --- [SpringApplicationShutdownHook] o.e.j.server.handler.AbstractHandler     : stopping JettyEmbeddedErrorHandler@62d824fe{STOPPING}
2025-08-06 16:13:25.781 DEBUG 23844 --- [SpringApplicationShutdownHook] org.eclipse.jetty.server.session         : Shutdown sessions, invalidating = false
2025-08-06 16:13:25.781 DEBUG 23844 --- [SpringApplicationShutdownHook] o.e.j.server.handler.AbstractHandler     : stopping org.eclipse.jetty.server.session.SessionHandler2056126729==dftMaxIdleSec=1800
2025-08-06 16:13:25.781 DEBUG 23844 --- [SpringApplicationShutdownHook] o.e.j.server.handler.AbstractHandler     : stopping ConstraintSecurityHandler@170075f0{STOPPING}
2025-08-06 16:13:25.781 DEBUG 23844 --- [SpringApplicationShutdownHook] o.e.j.server.handler.AbstractHandler     : stopping JettyEmbeddedServletHandler@17cde13{STOPPING}
2025-08-06 16:13:25.782  INFO 23844 --- [SpringApplicationShutdownHook] o.e.j.s.h.ContextHandler.application     : Destroying Spring FrameworkServlet 'dispatcherServlet'
2025-08-06 16:13:25.782  INFO 23844 --- [SpringApplicationShutdownHook] o.e.jetty.server.handler.ContextHandler  : Stopped o.s.b.w.e.j.JettyEmbeddedWebAppContext@a53003{application,/,[file:///C:/Users/31006/AppData/Local/Temp/jetty-docbase.8080.4466292807157924677/],STOPPED}
2025-08-06 16:13:25.782 DEBUG 23844 --- [SpringApplicationShutdownHook] o.e.jetty.util.thread.QueuedThreadPool   : Stopping QueuedThreadPool[qtp766069067]@2da9494b{STOPPING,8<=8<=200,i=8,r=-1,q=0}[ReservedThreadExecutor@24148cc1{reserved=0/12,pending=0}]
2025-08-06 16:13:25.783 DEBUG 23844 --- [SpringApplicationShutdownHook] o.e.jetty.util.thread.QueuedThreadPool   : Interrupting Thread[qtp766069067-39,5,main]
2025-08-06 16:13:25.783 DEBUG 23844 --- [SpringApplicationShutdownHook] o.e.jetty.util.thread.QueuedThreadPool   : Interrupting Thread[qtp766069067-38,5,main]
2025-08-06 16:13:25.783 DEBUG 23844 --- [qtp766069067-40] o.e.jetty.util.thread.QueuedThreadPool   : run org.eclipse.jetty.util.thread.QueuedThreadPool$$Lambda$561/0x0000015c0c3a8470@336cc882 in QueuedThreadPool[qtp766069067]@2da9494b{STOPPING,8<=0<=200,i=8,r=-1,q=0}[NO_TRY]
2025-08-06 16:13:25.783 DEBUG 23844 --- [SpringApplicationShutdownHook] o.e.jetty.util.thread.QueuedThreadPool   : Interrupting Thread[qtp766069067-34,5,main]
2025-08-06 16:13:25.783 DEBUG 23844 --- [SpringApplicationShutdownHook] o.e.jetty.util.thread.QueuedThreadPool   : Interrupting Thread[qtp766069067-37,5,main]
2025-08-06 16:13:25.783 DEBUG 23844 --- [qtp766069067-39] o.e.jetty.util.thread.QueuedThreadPool   : run org.eclipse.jetty.util.thread.QueuedThreadPool$$Lambda$561/0x0000015c0c3a8470@336cc882 in QueuedThreadPool[qtp766069067]@2da9494b{STOPPING,8<=0<=200,i=8,r=-1,q=0}[NO_TRY]
2025-08-06 16:13:25.783 DEBUG 23844 --- [SpringApplicationShutdownHook] o.e.jetty.util.thread.QueuedThreadPool   : Interrupting Thread[qtp766069067-35,5,main]
2025-08-06 16:13:25.783 DEBUG 23844 --- [qtp766069067-40] o.e.jetty.util.thread.QueuedThreadPool   : ran org.eclipse.jetty.util.thread.QueuedThreadPool$$Lambda$561/0x0000015c0c3a8470@336cc882 in QueuedThreadPool[qtp766069067]@2da9494b{STOPPING,8<=0<=200,i=8,r=-1,q=0}[NO_TRY]
2025-08-06 16:13:25.783 DEBUG 23844 --- [qtp766069067-38] o.e.jetty.util.thread.QueuedThreadPool   : run org.eclipse.jetty.util.thread.QueuedThreadPool$$Lambda$561/0x0000015c0c3a8470@336cc882 in QueuedThreadPool[qtp766069067]@2da9494b{STOPPING,8<=0<=200,i=8,r=-1,q=0}[NO_TRY]
2025-08-06 16:13:25.783 DEBUG 23844 --- [qtp766069067-37] o.e.jetty.util.thread.QueuedThreadPool   : run org.eclipse.jetty.util.thread.QueuedThreadPool$$Lambda$561/0x0000015c0c3a8470@336cc882 in QueuedThreadPool[qtp766069067]@2da9494b{STOPPING,8<=0<=200,i=8,r=-1,q=0}[NO_TRY]
2025-08-06 16:13:25.783 DEBUG 23844 --- [qtp766069067-39] o.e.jetty.util.thread.QueuedThreadPool   : ran org.eclipse.jetty.util.thread.QueuedThreadPool$$Lambda$561/0x0000015c0c3a8470@336cc882 in QueuedThreadPool[qtp766069067]@2da9494b{STOPPING,8<=0<=200,i=8,r=-1,q=0}[NO_TRY]
2025-08-06 16:13:25.783 DEBUG 23844 --- [qtp766069067-35] o.e.jetty.util.thread.QueuedThreadPool   : run org.eclipse.jetty.util.thread.QueuedThreadPool$$Lambda$561/0x0000015c0c3a8470@336cc882 in QueuedThreadPool[qtp766069067]@2da9494b{STOPPING,8<=0<=200,i=8,r=-1,q=0}[NO_TRY]
2025-08-06 16:13:25.783 DEBUG 23844 --- [SpringApplicationShutdownHook] o.e.jetty.util.thread.QueuedThreadPool   : Interrupting Thread[qtp766069067-33,5,main]
2025-08-06 16:13:25.783 DEBUG 23844 --- [qtp766069067-34] o.e.jetty.util.thread.QueuedThreadPool   : interrupted null in QueuedThreadPool[qtp766069067]@2da9494b{STOPPING,8<=0<=200,i=8,r=-1,q=0}[NO_TRY]
2025-08-06 16:13:25.783 DEBUG 23844 --- [qtp766069067-36] o.e.jetty.util.thread.QueuedThreadPool   : run org.eclipse.jetty.util.thread.QueuedThreadPool$$Lambda$561/0x0000015c0c3a8470@336cc882 in QueuedThreadPool[qtp766069067]@2da9494b{STOPPING,8<=0<=200,i=8,r=-1,q=0}[NO_TRY]
2025-08-06 16:13:25.783 DEBUG 23844 --- [qtp766069067-40] o.e.jetty.util.thread.QueuedThreadPool   : Thread[qtp766069067-40,5,main] exited for QueuedThreadPool[qtp766069067]@2da9494b{STOPPING,8<=0<=200,i=8,r=-1,q=0}[NO_TRY]
2025-08-06 16:13:25.783 DEBUG 23844 --- [qtp766069067-38] o.e.jetty.util.thread.QueuedThreadPool   : ran org.eclipse.jetty.util.thread.QueuedThreadPool$$Lambda$561/0x0000015c0c3a8470@336cc882 in QueuedThreadPool[qtp766069067]@2da9494b{STOPPING,8<=0<=200,i=8,r=-1,q=0}[NO_TRY]
