2025-08-06 16:12:04.182 DEBUG 15792 --- [restartedMain] o.s.b.f.s.DefaultListableBeanFactory     : Creating shared instance of singleton bean 'server-org.springframework.boot.autoconfigure.web.ServerProperties'
2025-08-06 16:12:04.189 DEBUG 15792 --- [restartedMain] o.s.b.f.s.DefaultListableBeanFactory     : Creating shared instance of singleton bean 'org.springframework.boot.context.properties.BoundConfigurationProperties'
2025-08-06 16:12:04.203 DEBUG 15792 --- [restartedMain] o.s.b.f.s.DefaultListableBeanFactory     : Autowiring by type from bean name 'servletWebServerFactoryCustomizer' via factory method to bean named 'server-org.springframework.boot.autoconfigure.web.ServerProperties'
2025-08-06 16:12:04.204 DEBUG 15792 --- [restartedMain] o.s.b.f.s.DefaultListableBeanFactory     : Creating shared instance of singleton bean 'jettyWebServerFactoryCustomizer'
2025-08-06 16:12:04.204 DEBUG 15792 --- [restartedMain] o.s.b.f.s.DefaultListableBeanFactory     : Creating shared instance of singleton bean 'org.springframework.boot.autoconfigure.web.embedded.EmbeddedWebServerFactoryCustomizerAutoConfiguration$JettyWebServerFactoryCustomizerConfiguration'
2025-08-06 16:12:04.205 DEBUG 15792 --- [restartedMain] o.s.b.f.s.DefaultListableBeanFactory     : Autowiring by type from bean name 'jettyWebServerFactoryCustomizer' via factory method to bean named 'environment'
2025-08-06 16:12:04.205 DEBUG 15792 --- [restartedMain] o.s.b.f.s.DefaultListableBeanFactory     : Autowiring by type from bean name 'jettyWebServerFactoryCustomizer' via factory method to bean named 'server-org.springframework.boot.autoconfigure.web.ServerProperties'
2025-08-06 16:12:04.210 DEBUG 15792 --- [restartedMain] o.s.b.f.s.DefaultListableBeanFactory     : Creating shared instance of singleton bean 'localeCharsetMappingsCustomizer'
2025-08-06 16:12:04.210 DEBUG 15792 --- [restartedMain] o.s.b.f.s.DefaultListableBeanFactory     : Creating shared instance of singleton bean 'org.springframework.boot.autoconfigure.web.servlet.HttpEncodingAutoConfiguration'
2025-08-06 16:12:04.211 DEBUG 15792 --- [restartedMain] o.s.b.f.s.DefaultListableBeanFactory     : Autowiring by type from bean name 'org.springframework.boot.autoconfigure.web.servlet.HttpEncodingAutoConfiguration' via constructor to bean named 'server-org.springframework.boot.autoconfigure.web.ServerProperties'
2025-08-06 16:12:04.226 DEBUG 15792 --- [restartedMain] org.eclipse.jetty.util.log               : Logging to Logger[org.eclipse.jetty.util.log] via org.eclipse.jetty.util.log.Slf4jLog
2025-08-06 16:12:04.227  INFO 15792 --- [restartedMain] org.eclipse.jetty.util.log               : Logging initialized @1914ms to org.eclipse.jetty.util.log.Slf4jLog
2025-08-06 16:12:04.232 DEBUG 15792 --- [restartedMain] o.e.j.util.component.ContainerLifeCycle  : QueuedThreadPool[qtp755037226]@2d00f42a{STOPPED,8<=0<=200,i=0,r=-1,q=0}[NO_TRY] added {org.eclipse.jetty.util.thread.ThreadPoolBudget@2286476a,POJO}
2025-08-06 16:12:04.240 DEBUG 15792 --- [restartedMain] o.s.b.f.s.DefaultListableBeanFactory     : Creating shared instance of singleton bean 'errorPageCustomizer'
2025-08-06 16:12:04.240 DEBUG 15792 --- [restartedMain] o.s.b.f.s.DefaultListableBeanFactory     : Creating shared instance of singleton bean 'org.springframework.boot.autoconfigure.web.servlet.error.ErrorMvcAutoConfiguration'
2025-08-06 16:12:04.241 DEBUG 15792 --- [restartedMain] o.s.b.f.s.DefaultListableBeanFactory     : Autowiring by type from bean name 'org.springframework.boot.autoconfigure.web.servlet.error.ErrorMvcAutoConfiguration' via constructor to bean named 'server-org.springframework.boot.autoconfigure.web.ServerProperties'
2025-08-06 16:12:04.241 DEBUG 15792 --- [restartedMain] o.s.b.f.s.DefaultListableBeanFactory     : Creating shared instance of singleton bean 'dispatcherServletRegistration'
2025-08-06 16:12:04.241 DEBUG 15792 --- [restartedMain] o.s.b.f.s.DefaultListableBeanFactory     : Creating shared instance of singleton bean 'org.springframework.boot.autoconfigure.web.servlet.DispatcherServletAutoConfiguration$DispatcherServletRegistrationConfiguration'
2025-08-06 16:12:04.242 DEBUG 15792 --- [restartedMain] o.s.b.f.s.DefaultListableBeanFactory     : Creating shared instance of singleton bean 'dispatcherServlet'
2025-08-06 16:12:04.242 DEBUG 15792 --- [restartedMain] o.s.b.f.s.DefaultListableBeanFactory     : Creating shared instance of singleton bean 'org.springframework.boot.autoconfigure.web.servlet.DispatcherServletAutoConfiguration$DispatcherServletConfiguration'
2025-08-06 16:12:04.243 DEBUG 15792 --- [restartedMain] o.s.b.f.s.DefaultListableBeanFactory     : Creating shared instance of singleton bean 'spring.mvc-org.springframework.boot.autoconfigure.web.servlet.WebMvcProperties'
2025-08-06 16:12:04.246 DEBUG 15792 --- [restartedMain] o.s.b.f.s.DefaultListableBeanFactory     : Autowiring by type from bean name 'dispatcherServlet' via factory method to bean named 'spring.mvc-org.springframework.boot.autoconfigure.web.servlet.WebMvcProperties'
2025-08-06 16:12:04.263 DEBUG 15792 --- [restartedMain] o.s.b.f.s.DefaultListableBeanFactory     : Autowiring by type from bean name 'dispatcherServletRegistration' via factory method to bean named 'dispatcherServlet'
2025-08-06 16:12:04.263 DEBUG 15792 --- [restartedMain] o.s.b.f.s.DefaultListableBeanFactory     : Autowiring by type from bean name 'dispatcherServletRegistration' via factory method to bean named 'spring.mvc-org.springframework.boot.autoconfigure.web.servlet.WebMvcProperties'
2025-08-06 16:12:04.265 DEBUG 15792 --- [restartedMain] o.s.b.f.s.DefaultListableBeanFactory     : Creating shared instance of singleton bean 'multipartConfigElement'
2025-08-06 16:12:04.265 DEBUG 15792 --- [restartedMain] o.s.b.f.s.DefaultListableBeanFactory     : Creating shared instance of singleton bean 'org.springframework.boot.autoconfigure.web.servlet.MultipartAutoConfiguration'
2025-08-06 16:12:04.266 DEBUG 15792 --- [restartedMain] o.s.b.f.s.DefaultListableBeanFactory     : Creating shared instance of singleton bean 'spring.servlet.multipart-org.springframework.boot.autoconfigure.web.servlet.MultipartProperties'
2025-08-06 16:12:04.269 DEBUG 15792 --- [restartedMain] o.s.b.f.s.DefaultListableBeanFactory     : Autowiring by type from bean name 'org.springframework.boot.autoconfigure.web.servlet.MultipartAutoConfiguration' via constructor to bean named 'spring.servlet.multipart-org.springframework.boot.autoconfigure.web.servlet.MultipartProperties'
2025-08-06 16:12:04.276 DEBUG 15792 --- [restartedMain] o.s.b.f.s.DefaultListableBeanFactory     : Autowiring by type from bean name 'errorPageCustomizer' via factory method to bean named 'dispatcherServletRegistration'
2025-08-06 16:12:04.291 DEBUG 15792 --- [restartedMain] o.e.jetty.util.DecoratedObjectFactory    : Adding Decorator: org.eclipse.jetty.util.DeprecationWarning@7ea816a2
2025-08-06 16:12:04.295 DEBUG 15792 --- [restartedMain] o.e.j.util.component.ContainerLifeCycle  : o.s.b.w.e.j.JettyEmbeddedWebAppContext@2df6137c{/,null,STOPPED} added {org.eclipse.jetty.server.session.SessionHandler668625165==dftMaxIdleSec=-1,MANAGED}
2025-08-06 16:12:04.306 DEBUG 15792 --- [restartedMain] o.e.j.util.component.ContainerLifeCycle  : ConstraintSecurityHandler@70610188{STOPPED} added {org.eclipse.jetty.util.component.DumpableCollection@7d715370,POJO}
