2025-08-06 16:12:04.382 DEBUG 15792 --- [restartedMain] o.e.jetty.util.thread.QueuedThreadPool   : Starting Thread[qtp755037226-39,5,main]
2025-08-06 16:12:04.382 DEBUG 15792 --- [qtp755037226-35] o.e.jetty.util.thread.QueuedThreadPool   : Runner started for QueuedThreadPool[qtp755037226]@2d00f42a{STARTING,8<=5<=200,i=5,r=-1,q=0}[ReservedThreadExecutor@48ce67b3{reserved=0/12,pending=0}]
2025-08-06 16:12:04.383 DEBUG 15792 --- [qtp755037226-38] o.e.jetty.util.thread.QueuedThreadPool   : Runner started for QueuedThreadPool[qtp755037226]@2d00f42a{STARTING,8<=6<=200,i=6,r=-1,q=0}[ReservedThreadExecutor@48ce67b3{reserved=0/12,pending=0}]
2025-08-06 16:12:04.383 DEBUG 15792 --- [qtp755037226-37] o.e.jetty.util.thread.QueuedThreadPool   : Runner started for QueuedThreadPool[qtp755037226]@2d00f42a{STARTING,8<=6<=200,i=6,r=-1,q=0}[ReservedThreadExecutor@48ce67b3{reserved=0/12,pending=0}]
2025-08-06 16:12:04.383 DEBUG 15792 --- [qtp755037226-36] o.e.jetty.util.thread.QueuedThreadPool   : Runner started for QueuedThreadPool[qtp755037226]@2d00f42a{STARTING,8<=6<=200,i=6,r=-1,q=0}[ReservedThreadExecutor@48ce67b3{reserved=0/12,pending=0}]
2025-08-06 16:12:04.384 DEBUG 15792 --- [restartedMain] o.e.jetty.util.thread.QueuedThreadPool   : Starting Thread[qtp755037226-41,5,main]
2025-08-06 16:12:04.384 DEBUG 15792 --- [qtp755037226-39] o.e.jetty.util.thread.QueuedThreadPool   : Runner started for QueuedThreadPool[qtp755037226]@2d00f42a{STARTING,8<=7<=200,i=7,r=-1,q=0}[ReservedThreadExecutor@48ce67b3{reserved=0/12,pending=0}]
2025-08-06 16:12:04.384 DEBUG 15792 --- [restartedMain] o.e.jetty.util.thread.QueuedThreadPool   : Starting Thread[qtp755037226-42,5,main]
2025-08-06 16:12:04.384 DEBUG 15792 --- [qtp755037226-41] o.e.jetty.util.thread.QueuedThreadPool   : Runner started for QueuedThreadPool[qtp755037226]@2d00f42a{STARTED,8<=8<=200,i=8,r=-1,q=0}[ReservedThreadExecutor@48ce67b3{reserved=0/12,pending=0}]
2025-08-06 16:12:04.385 DEBUG 15792 --- [qtp755037226-42] o.e.jetty.util.thread.QueuedThreadPool   : Runner started for QueuedThreadPool[qtp755037226]@2d00f42a{STARTED,8<=8<=200,i=8,r=-1,q=0}[ReservedThreadExecutor@48ce67b3{reserved=0/12,pending=0}]
2025-08-06 16:12:04.389 DEBUG 15792 --- [restartedMain] org.eclipse.jetty.webapp.WebAppContext   : Thread Context classloader org.springframework.boot.devtools.restart.classloader.RestartClassLoader@2ad032a6
2025-08-06 16:12:04.389 DEBUG 15792 --- [restartedMain] org.eclipse.jetty.webapp.WebAppContext   : Parent class loader: jdk.internal.loader.ClassLoaders$AppClassLoader@63947c6b 
2025-08-06 16:12:04.389 DEBUG 15792 --- [restartedMain] org.eclipse.jetty.webapp.WebAppContext   : Parent class loader: jdk.internal.loader.ClassLoaders$PlatformClassLoader@6bedb07 
2025-08-06 16:12:04.389 DEBUG 15792 --- [restartedMain] org.eclipse.jetty.webapp.WebAppContext   : preConfigure o.s.b.w.e.j.JettyEmbeddedWebAppContext@2df6137c{application,/,[file:///C:/Users/31006/AppData/Local/Temp/jetty-docbase.8080.776332476964233628/],STOPPED} with org.springframework.boot.web.embedded.jetty.ServletContextInitializerConfiguration@31cee237
2025-08-06 16:12:04.389 DEBUG 15792 --- [restartedMain] org.eclipse.jetty.webapp.WebAppContext   : preConfigure o.s.b.w.e.j.JettyEmbeddedWebAppContext@2df6137c{application,/,[file:///C:/Users/31006/AppData/Local/Temp/jetty-docbase.8080.776332476964233628/],STOPPED} with org.springframework.boot.web.embedded.jetty.JettyServletWebServerFactory$1@77190d6
2025-08-06 16:12:04.389 DEBUG 15792 --- [restartedMain] org.eclipse.jetty.webapp.WebAppContext   : preConfigure o.s.b.w.e.j.JettyEmbeddedWebAppContext@2df6137c{application,/,[file:///C:/Users/31006/AppData/Local/Temp/jetty-docbase.8080.776332476964233628/],STOPPED} with org.springframework.boot.web.embedded.jetty.JettyServletWebServerFactory$2@38d381c3
2025-08-06 16:12:04.389 DEBUG 15792 --- [restartedMain] org.eclipse.jetty.webapp.WebAppContext   : preConfigure o.s.b.w.e.j.JettyEmbeddedWebAppContext@2df6137c{application,/,[file:///C:/Users/31006/AppData/Local/Temp/jetty-docbase.8080.776332476964233628/],STOPPED} with org.springframework.boot.web.embedded.jetty.JettyServletWebServerFactory$WebListenersConfiguration@35d0e76
2025-08-06 16:12:04.389 DEBUG 15792 --- [restartedMain] org.eclipse.jetty.webapp.WebAppContext   : preConfigure o.s.b.w.e.j.JettyEmbeddedWebAppContext@2df6137c{application,/,[file:///C:/Users/31006/AppData/Local/Temp/jetty-docbase.8080.776332476964233628/],STOPPED} with org.springframework.boot.autoconfigure.websocket.servlet.JettyWebSocketServletWebServerCustomizer$1@45448b70
2025-08-06 16:12:04.391 DEBUG 15792 --- [restartedMain] o.e.jetty.http.PreEncodedHttpField       : HttpField encoders loaded: [org.eclipse.jetty.http.Http1FieldPreEncoder@30c2f984]
2025-08-06 16:12:04.393 DEBUG 15792 --- [restartedMain] org.eclipse.jetty.webapp.WebAppContext   : configure o.s.b.w.e.j.JettyEmbeddedWebAppContext@2df6137c{application,/,[file:///C:/Users/31006/AppData/Local/Temp/jetty-docbase.8080.776332476964233628/],STARTING} with org.springframework.boot.web.embedded.jetty.ServletContextInitializerConfiguration@31cee237
2025-08-06 16:12:04.395  INFO 15792 --- [restartedMain] o.e.j.s.h.ContextHandler.application     : Initializing Spring embedded WebApplicationContext
2025-08-06 16:12:04.396 DEBUG 15792 --- [restartedMain] w.s.c.ServletWebServerApplicationContext : Published root WebApplicationContext as ServletContext attribute with name [org.springframework.web.context.WebApplicationContext.ROOT]
2025-08-06 16:12:04.396  INFO 15792 --- [restartedMain] w.s.c.ServletWebServerApplicationContext : Root WebApplicationContext: initialization completed in 1087 ms
2025-08-06 16:12:04.398 DEBUG 15792 --- [restartedMain] o.s.b.f.s.DefaultListableBeanFactory     : Creating shared instance of singleton bean 'characterEncodingFilter'
2025-08-06 16:12:04.404 DEBUG 15792 --- [restartedMain] o.s.b.w.s.ServletContextInitializerBeans : Mapping filters: characterEncodingFilter urls=[/*] order=-2147483648
2025-08-06 16:12:04.404 DEBUG 15792 --- [restartedMain] o.s.b.w.s.ServletContextInitializerBeans : Mapping servlets: dispatcherServlet urls=[/]
2025-08-06 16:12:04.406 DEBUG 15792 --- [restartedMain] o.e.j.util.component.ContainerLifeCycle  : JettyEmbeddedServletHandler@25660dd2{STOPPED} added {dispatcherServlet==org.springframework.web.servlet.DispatcherServlet@7ef5559e{jsp=null,order=-1,inst=false,async=false,src=JAVAX_API:null,STOPPED},AUTO}
2025-08-06 16:12:04.408 DEBUG 15792 --- [restartedMain] o.e.j.util.component.ContainerLifeCycle  : JettyEmbeddedServletHandler@25660dd2{STOPPED} added {[/]=>dispatcherServlet,POJO}
2025-08-06 16:12:04.408 DEBUG 15792 --- [restartedMain] o.e.j.util.component.ContainerLifeCycle  : JettyEmbeddedServletHandler@25660dd2{STOPPED} added {characterEncodingFilter==org.springframework.boot.web.servlet.filter.OrderedCharacterEncodingFilter@1d35c72f{inst=false,async=false,src=JAVAX_API:null},AUTO}
2025-08-06 16:12:04.411 DEBUG 15792 --- [restartedMain] o.e.j.util.component.ContainerLifeCycle  : JettyEmbeddedServletHandler@25660dd2{STOPPED} added {[/*]/[]/[ERROR, REQUEST, ASYNC, FORWARD, INCLUDE]=>characterEncodingFilter,POJO}
2025-08-06 16:12:04.411 DEBUG 15792 --- [restartedMain] org.eclipse.jetty.webapp.WebAppContext   : configure o.s.b.w.e.j.JettyEmbeddedWebAppContext@2df6137c{application,/,[file:///C:/Users/31006/AppData/Local/Temp/jetty-docbase.8080.776332476964233628/],STARTING} with org.springframework.boot.web.embedded.jetty.JettyServletWebServerFactory$1@77190d6
2025-08-06 16:12:04.411 DEBUG 15792 --- [restartedMain] o.e.j.util.component.ContainerLifeCycle  : o.s.b.w.e.j.JettyEmbeddedWebAppContext@2df6137c{application,/,[file:///C:/Users/31006/AppData/Local/Temp/jetty-docbase.8080.776332476964233628/],STARTING} added {JettyEmbeddedErrorHandler@6629347c{STOPPED},MANAGED}
2025-08-06 16:12:04.411 DEBUG 15792 --- [restartedMain] org.eclipse.jetty.webapp.WebAppContext   : configure o.s.b.w.e.j.JettyEmbeddedWebAppContext@2df6137c{application,/,[file:///C:/Users/31006/AppData/Local/Temp/jetty-docbase.8080.776332476964233628/],STARTING} with org.springframework.boot.web.embedded.jetty.JettyServletWebServerFactory$2@38d381c3
2025-08-06 16:12:04.412 DEBUG 15792 --- [restartedMain] org.eclipse.jetty.webapp.WebAppContext   : configure o.s.b.w.e.j.JettyEmbeddedWebAppContext@2df6137c{application,/,[file:///C:/Users/31006/AppData/Local/Temp/jetty-docbase.8080.776332476964233628/],STARTING} with org.springframework.boot.web.embedded.jetty.JettyServletWebServerFactory$WebListenersConfiguration@35d0e76
2025-08-06 16:12:04.412 DEBUG 15792 --- [restartedMain] org.eclipse.jetty.webapp.WebAppContext   : configure o.s.b.w.e.j.JettyEmbeddedWebAppContext@2df6137c{application,/,[file:///C:/Users/31006/AppData/Local/Temp/jetty-docbase.8080.776332476964233628/],STARTING} with org.springframework.boot.autoconfigure.websocket.servlet.JettyWebSocketServletWebServerCustomizer$1@45448b70
2025-08-06 16:12:04.420 DEBUG 15792 --- [restartedMain] o.e.j.util.component.ContainerLifeCycle  : Server@3c0afb2f{STARTING}[9.4.49.v20220914] added {DeflaterPool@4d59e1db{STARTED,size=0,capacity=200},MANAGED}
2025-08-06 16:12:04.420 DEBUG 15792 --- [restartedMain] o.e.j.util.component.ContainerLifeCycle  : Server@3c0afb2f{STARTING}[9.4.49.v20220914] added {InflaterPool@3d141cd8{STARTED,size=0,capacity=200},MANAGED}
2025-08-06 16:12:04.425 DEBUG 15792 --- [restartedMain] o.e.j.util.component.ContainerLifeCycle  : WebSocketExtensionFactory@3a658727{STOPPED} added {InflaterPool@3d141cd8{STARTED,size=0,capacity=200},UNMANAGED}
2025-08-06 16:12:04.425 DEBUG 15792 --- [restartedMain] o.e.j.util.component.ContainerLifeCycle  : WebSocketExtensionFactory@3a658727{STOPPED} added {DeflaterPool@4d59e1db{STARTED,size=0,capacity=200},UNMANAGED}
2025-08-06 16:12:04.426 DEBUG 15792 --- [restartedMain] o.e.j.util.component.ContainerLifeCycle  : WebSocketServerFactory@56530efa[defaultPolicy=WebSocketPolicy@7c60d2aa[behavior=SERVER,maxTextMessageSize=65536,maxTextMessageBufferSize=32768,maxBinaryMessageSize=65536,maxBinaryMessageBufferSize=32768,asyncWriteTimeout=60000,idleTimeout=300000,inputBufferSize=4096],creator=org.eclipse.jetty.websocket.server.WebSocketServerFactory] added {MappedByteBufferPool@39d27294{maxQueueLength=-1, factor=1024},POJO}
2025-08-06 16:12:04.427 DEBUG 15792 --- [restartedMain] o.e.j.util.component.ContainerLifeCycle  : WebSocketServerFactory@56530efa[defaultPolicy=WebSocketPolicy@7c60d2aa[behavior=SERVER,maxTextMessageSize=65536,maxTextMessageBufferSize=32768,maxBinaryMessageSize=65536,maxBinaryMessageBufferSize=32768,asyncWriteTimeout=60000,idleTimeout=300000,inputBufferSize=4096],creator=org.eclipse.jetty.websocket.server.WebSocketServerFactory] added {ScheduledExecutorScheduler@4326f168{STOPPED},AUTO}
2025-08-06 16:12:04.427 DEBUG 15792 --- [restartedMain] o.e.j.util.component.ContainerLifeCycle  : WebSocketServerFactory@56530efa[defaultPolicy=WebSocketPolicy@7c60d2aa[behavior=SERVER,maxTextMessageSize=65536,maxTextMessageBufferSize=32768,maxBinaryMessageSize=65536,maxBinaryMessageBufferSize=32768,asyncWriteTimeout=60000,idleTimeout=300000,inputBufferSize=4096],creator=org.eclipse.jetty.websocket.server.WebSocketServerFactory] added {SessionTracker@50df5d42{STOPPED},AUTO}
2025-08-06 16:12:04.427 DEBUG 15792 --- [restartedMain] o.e.j.util.component.ContainerLifeCycle  : WebSocketServerFactory@56530efa[defaultPolicy=WebSocketPolicy@7c60d2aa[behavior=SERVER,maxTextMessageSize=65536,maxTextMessageBufferSize=32768,maxBinaryMessageSize=65536,maxBinaryMessageBufferSize=32768,asyncWriteTimeout=60000,idleTimeout=300000,inputBufferSize=4096],creator=org.eclipse.jetty.websocket.server.WebSocketServerFactory] added {WebSocketExtensionFactory@3a658727{STOPPED},AUTO}
2025-08-06 16:12:04.428 DEBUG 15792 --- [restartedMain] o.e.j.util.component.ContainerLifeCycle  : NativeWebSocketConfiguration@2515cd6d{STOPPED} added {WebSocketServerFactory@56530efa[defaultPolicy=WebSocketPolicy@7c60d2aa[behavior=SERVER,maxTextMessageSize=65536,maxTextMessageBufferSize=32768,maxBinaryMessageSize=65536,maxBinaryMessageBufferSize=32768,asyncWriteTimeout=60000,idleTimeout=300000,inputBufferSize=4096],creator=org.eclipse.jetty.websocket.server.WebSocketServerFactory],AUTO}
2025-08-06 16:12:04.428 DEBUG 15792 --- [restartedMain] o.e.j.util.component.ContainerLifeCycle  : NativeWebSocketConfiguration@2515cd6d{STOPPED} added {PathMappings[size=0],POJO}
2025-08-06 16:12:04.428 DEBUG 15792 --- [restartedMain] o.e.j.util.component.ContainerLifeCycle  : o.s.b.w.e.j.JettyEmbeddedWebAppContext@2df6137c{application,/,[file:///C:/Users/31006/AppData/Local/Temp/jetty-docbase.8080.776332476964233628/],STARTING} added {NativeWebSocketConfiguration@2515cd6d{STOPPED},MANAGED}
2025-08-06 16:12:04.435 DEBUG 15792 --- [restartedMain] o.e.j.w.jsr356.JsrSessionFactory         : Container: ServerContainer@15cfdcff{STOPPED}
2025-08-06 16:12:04.448 DEBUG 15792 --- [restartedMain] o.e.j.util.component.ContainerLifeCycle  : HttpClient@19465a80{STOPPED} added {HttpClientTransportOverHTTP@b6cd7f2{STOPPED},AUTO}
2025-08-06 16:12:04.448 DEBUG 15792 --- [restartedMain] o.e.j.util.component.ContainerLifeCycle  : HttpClient@19465a80{STOPPED} added {Client@6df06cc1[provider=null,keyStore=null,trustStore=null],AUTO}
2025-08-06 16:12:04.448 DEBUG 15792 --- [restartedMain] o.e.j.util.component.ContainerLifeCycle  : HttpClient@19465a80{STOPPED} added {org.eclipse.jetty.client.ProtocolHandlers@553e7c10,POJO}
2025-08-06 16:12:04.449 DEBUG 15792 --- [restartedMain] o.e.j.util.component.ContainerLifeCycle  : HttpClient@19465a80{STOPPED} added {org.eclipse.jetty.client.HttpClient$ContentDecoderFactorySet@7e87ae6d,POJO}
2025-08-06 16:12:04.449 DEBUG 15792 --- [restartedMain] o.e.j.util.component.ContainerLifeCycle  : HttpClient@19465a80{STOPPED} added {QueuedThreadPool[qtp755037226]@2d00f42a{STARTED,8<=8<=200,i=8,r=-1,q=0}[ReservedThreadExecutor@48ce67b3{reserved=0/12,pending=0}],UNMANAGED}
2025-08-06 16:12:04.449 DEBUG 15792 --- [restartedMain] o.e.j.util.component.ContainerLifeCycle  : HttpClient@19465a80{STOPPED} added {MappedByteBufferPool@39d27294{maxQueueLength=-1, factor=1024},POJO}
2025-08-06 16:12:04.449 DEBUG 15792 --- [restartedMain] o.e.j.util.component.ContainerLifeCycle  : WebSocketClient@f84f941[httpClient=HttpClient@19465a80{STOPPED},openSessions.size=0] added {HttpClient@19465a80{STOPPED},AUTO}
2025-08-06 16:12:04.449 DEBUG 15792 --- [restartedMain] o.e.j.util.component.ContainerLifeCycle  : WebSocketClient@f84f941[httpClient=HttpClient@19465a80{STOPPED},openSessions.size=0] added {SessionTracker@13b92508{STOPPED},AUTO}
2025-08-06 16:12:04.450 DEBUG 15792 --- [restartedMain] o.e.j.util.component.ContainerLifeCycle  : WebSocketExtensionFactory@4bdaf621{STOPPED} added {InflaterPool@2045ddb2{STOPPED,size=0,capacity=UNLIMITED},AUTO}
2025-08-06 16:12:04.450 DEBUG 15792 --- [restartedMain] o.e.j.util.component.ContainerLifeCycle  : WebSocketExtensionFactory@4bdaf621{STOPPED} added {DeflaterPool@5fc6a90f{STOPPED,size=0,capacity=UNLIMITED},AUTO}
2025-08-06 16:12:04.450 DEBUG 15792 --- [restartedMain] o.e.j.util.component.ContainerLifeCycle  : WebSocketClient@8f7326a5[httpClient=HttpClient@19465a80{STOPPED},openSessions.size=0] added {WebSocketExtensionFactory@4bdaf621{STOPPED},AUTO}
2025-08-06 16:12:04.457 DEBUG 15792 --- [restartedMain] o.e.j.util.component.ContainerLifeCycle  : ServerContainer@15cfdcff{STOPPED} added {JsrSessionTracker@4e33a5a{STOPPED},AUTO}
2025-08-06 16:12:04.458 DEBUG 15792 --- [restartedMain] o.e.j.w.jsr356.JsrSessionFactory         : Container: ServerContainer@15cfdcff{STOPPED}
2025-08-06 16:12:04.458 DEBUG 15792 --- [restartedMain] o.e.j.util.component.ContainerLifeCycle  : ServerContainer@15cfdcff{STOPPED} added {NativeWebSocketConfiguration@2515cd6d{STARTED},UNMANAGED}
2025-08-06 16:12:04.458 DEBUG 15792 --- [restartedMain] o.e.j.util.component.ContainerLifeCycle  : o.s.b.w.e.j.JettyEmbeddedWebAppContext@2df6137c{application,/,[file:///C:/Users/31006/AppData/Local/Temp/jetty-docbase.8080.776332476964233628/],STARTING} added {ServerContainer@15cfdcff{STOPPED},AUTO}
2025-08-06 16:12:04.459 DEBUG 15792 --- [restartedMain] o.e.j.util.component.ContainerLifeCycle  : JettyEmbeddedServletHandler@25660dd2{STOPPED} added {Jetty_WebSocketUpgradeFilter==org.eclipse.jetty.websocket.server.WebSocketUpgradeFilter@14e4608f{inst=false,async=true,src=EMBEDDED:null},AUTO}
2025-08-06 16:12:04.459 DEBUG 15792 --- [restartedMain] o.e.j.util.component.ContainerLifeCycle  : JettyEmbeddedServletHandler@25660dd2{STOPPED} added {[/*]/[]/[REQUEST]=>Jetty_WebSocketUpgradeFilter,POJO}
