2025-08-06 16:12:04.459 DEBUG 15792 --- [restartedMain] o.e.j.w.server.WebSocketUpgradeFilter    : Adding [Jetty_WebSocketUpgradeFilter] WebSocketUpgradeFilter[configuration=null] mapped to /* to o.s.b.w.e.j.JettyEmbeddedWebAppContext@2df6137c{application,/,[file:///C:/Users/31006/AppData/Local/Temp/jetty-docbase.8080.776332476964233628/],STARTING}
2025-08-06 16:12:04.461 DEBUG 15792 --- [restartedMain] org.eclipse.jetty.webapp.MetaData        : metadata resolve o.s.b.w.e.j.JettyEmbeddedWebAppContext@2df6137c{application,/,[file:///C:/Users/31006/AppData/Local/Temp/jetty-docbase.8080.776332476964233628/],STARTING}
2025-08-06 16:12:04.462 DEBUG 15792 --- [restartedMain] o.e.j.server.handler.AbstractHandler     : starting o.s.b.w.e.j.JettyEmbeddedWebAppContext@2df6137c{application,/,[file:///C:/Users/31006/AppData/Local/Temp/jetty-docbase.8080.776332476964233628/],STARTING}
2025-08-06 16:12:04.463  INFO 15792 --- [restartedMain] org.eclipse.jetty.server.session         : DefaultSessionIdManager workerName=node0
2025-08-06 16:12:04.463  INFO 15792 --- [restartedMain] org.eclipse.jetty.server.session         : No SessionScavenger set, using defaults
2025-08-06 16:12:04.464 DEBUG 15792 --- [restartedMain] o.e.j.util.component.ContainerLifeCycle  : DefaultSessionIdManager@35054d96{STARTING}[worker=node0] added {HouseKeeper@2fe2ddb9{STOPPED}[interval=600000, ownscheduler=false],MANAGED}
2025-08-06 16:12:04.464 DEBUG 15792 --- [restartedMain] org.eclipse.jetty.server.session         : Using own scheduler for scavenging
2025-08-06 16:12:04.464  INFO 15792 --- [restartedMain] org.eclipse.jetty.server.session         : node0 Scavenging every 660000ms
2025-08-06 16:12:04.465 DEBUG 15792 --- [restartedMain] o.e.j.util.component.ContainerLifeCycle  : Server@3c0afb2f{STARTING}[9.4.49.v20220914] added {DefaultSessionIdManager@35054d96{STARTED}[worker=node0],MANAGED}
2025-08-06 16:12:04.465 DEBUG 15792 --- [restartedMain] o.e.j.util.component.ContainerLifeCycle  : org.eclipse.jetty.server.session.SessionHandler668625165==dftMaxIdleSec=1800 added {DefaultSessionIdManager@35054d96{STARTED}[worker=node0],UNMANAGED}
2025-08-06 16:12:04.466 DEBUG 15792 --- [restartedMain] o.e.j.server.handler.AbstractHandler     : starting org.eclipse.jetty.server.session.SessionHandler668625165==dftMaxIdleSec=1800
2025-08-06 16:12:04.467 DEBUG 15792 --- [restartedMain] o.e.j.util.component.ContainerLifeCycle  : ConstraintSecurityHandler@70610188{STARTING} added {org.eclipse.jetty.security.DefaultIdentityService@1b8efb2e,POJO}
2025-08-06 16:12:04.467 DEBUG 15792 --- [restartedMain] o.e.j.server.handler.AbstractHandler     : starting ConstraintSecurityHandler@70610188{STARTING}
2025-08-06 16:12:04.467 DEBUG 15792 --- [restartedMain] o.eclipse.jetty.servlet.ServletHandler   : Path=/[JAVAX_API:null] mapped to servlet=dispatcherServlet[JAVAX_API:null]
2025-08-06 16:12:04.469 DEBUG 15792 --- [restartedMain] o.e.jetty.http.pathmap.PathMappings      : Added MappedResource[pathSpec=ServletPathSpec@9457dcb7{/},resource=dispatcherServlet==org.springframework.web.servlet.DispatcherServlet@7ef5559e{jsp=null,order=-1,inst=false,async=true,src=JAVAX_API:null,STOPPED}] to PathMappings[size=1]
2025-08-06 16:12:04.469 DEBUG 15792 --- [restartedMain] o.eclipse.jetty.servlet.ServletHandler   : filterNameMap={Jetty_WebSocketUpgradeFilter=Jetty_WebSocketUpgradeFilter==org.eclipse.jetty.websocket.server.WebSocketUpgradeFilter@14e4608f{inst=false,async=true,src=EMBEDDED:null}, characterEncodingFilter=characterEncodingFilter==org.springframework.boot.web.servlet.filter.OrderedCharacterEncodingFilter@1d35c72f{inst=false,async=true,src=JAVAX_API:null}}
2025-08-06 16:12:04.469 DEBUG 15792 --- [restartedMain] o.eclipse.jetty.servlet.ServletHandler   : pathFilters=[[/*]/[]/[REQUEST]=>Jetty_WebSocketUpgradeFilter, [/*]/[]/[ERROR, REQUEST, ASYNC, FORWARD, INCLUDE]=>characterEncodingFilter]
2025-08-06 16:12:04.469 DEBUG 15792 --- [restartedMain] o.eclipse.jetty.servlet.ServletHandler   : servletFilterMap={}
2025-08-06 16:12:04.469 DEBUG 15792 --- [restartedMain] o.eclipse.jetty.servlet.ServletHandler   : servletPathMap=PathMappings[size=1]
2025-08-06 16:12:04.469 DEBUG 15792 --- [restartedMain] o.eclipse.jetty.servlet.ServletHandler   : servletNameMap={dispatcherServlet=dispatcherServlet==org.springframework.web.servlet.DispatcherServlet@7ef5559e{jsp=null,order=-1,inst=false,async=true,src=JAVAX_API:null,STOPPED}}
2025-08-06 16:12:04.469 DEBUG 15792 --- [restartedMain] o.e.j.server.handler.AbstractHandler     : starting JettyEmbeddedServletHandler@25660dd2{STARTING}
2025-08-06 16:12:04.472 DEBUG 15792 --- [restartedMain] o.e.j.server.handler.AbstractHandler     : starting JettyEmbeddedErrorHandler@6629347c{STARTING}
2025-08-06 16:12:04.473 DEBUG 15792 --- [restartedMain] o.e.j.websocket.jsr356.DecoderFactory    : init(org.eclipse.jetty.websocket.jsr356.client.EmptyClientEndpointConfig@2215a13c)
2025-08-06 16:12:04.473 DEBUG 15792 --- [restartedMain] o.e.jetty.util.DecoratedObjectFactory    : Creating Instance: class org.eclipse.jetty.websocket.jsr356.decoders.BooleanDecoder
2025-08-06 16:12:04.473 DEBUG 15792 --- [restartedMain] o.e.jetty.util.DecoratedObjectFactory    : Creating Instance: class org.eclipse.jetty.websocket.jsr356.decoders.ByteDecoder
2025-08-06 16:12:04.473 DEBUG 15792 --- [restartedMain] o.e.jetty.util.DecoratedObjectFactory    : Creating Instance: class org.eclipse.jetty.websocket.jsr356.decoders.CharacterDecoder
2025-08-06 16:12:04.473 DEBUG 15792 --- [restartedMain] o.e.jetty.util.DecoratedObjectFactory    : Creating Instance: class org.eclipse.jetty.websocket.jsr356.decoders.DoubleDecoder
2025-08-06 16:12:04.474 DEBUG 15792 --- [restartedMain] o.e.jetty.util.DecoratedObjectFactory    : Creating Instance: class org.eclipse.jetty.websocket.jsr356.decoders.FloatDecoder
2025-08-06 16:12:04.474 DEBUG 15792 --- [restartedMain] o.e.jetty.util.DecoratedObjectFactory    : Creating Instance: class org.eclipse.jetty.websocket.jsr356.decoders.IntegerDecoder
2025-08-06 16:12:04.474 DEBUG 15792 --- [restartedMain] o.e.jetty.util.DecoratedObjectFactory    : Creating Instance: class org.eclipse.jetty.websocket.jsr356.decoders.LongDecoder
2025-08-06 16:12:04.474 DEBUG 15792 --- [restartedMain] o.e.jetty.util.DecoratedObjectFactory    : Creating Instance: class org.eclipse.jetty.websocket.jsr356.decoders.ShortDecoder
2025-08-06 16:12:04.474 DEBUG 15792 --- [restartedMain] o.e.jetty.util.DecoratedObjectFactory    : Creating Instance: class org.eclipse.jetty.websocket.jsr356.decoders.StringDecoder
2025-08-06 16:12:04.474 DEBUG 15792 --- [restartedMain] o.e.jetty.util.DecoratedObjectFactory    : Creating Instance: class org.eclipse.jetty.websocket.jsr356.decoders.BooleanDecoder
2025-08-06 16:12:04.474 DEBUG 15792 --- [restartedMain] o.e.jetty.util.DecoratedObjectFactory    : Creating Instance: class org.eclipse.jetty.websocket.jsr356.decoders.ByteDecoder
2025-08-06 16:12:04.474 DEBUG 15792 --- [restartedMain] o.e.jetty.util.DecoratedObjectFactory    : Creating Instance: class org.eclipse.jetty.websocket.jsr356.decoders.CharacterDecoder
2025-08-06 16:12:04.474 DEBUG 15792 --- [restartedMain] o.e.jetty.util.DecoratedObjectFactory    : Creating Instance: class org.eclipse.jetty.websocket.jsr356.decoders.DoubleDecoder
2025-08-06 16:12:04.474 DEBUG 15792 --- [restartedMain] o.e.jetty.util.DecoratedObjectFactory    : Creating Instance: class org.eclipse.jetty.websocket.jsr356.decoders.FloatDecoder
2025-08-06 16:12:04.474 DEBUG 15792 --- [restartedMain] o.e.jetty.util.DecoratedObjectFactory    : Creating Instance: class org.eclipse.jetty.websocket.jsr356.decoders.IntegerDecoder
2025-08-06 16:12:04.474 DEBUG 15792 --- [restartedMain] o.e.jetty.util.DecoratedObjectFactory    : Creating Instance: class org.eclipse.jetty.websocket.jsr356.decoders.LongDecoder
2025-08-06 16:12:04.474 DEBUG 15792 --- [restartedMain] o.e.jetty.util.DecoratedObjectFactory    : Creating Instance: class org.eclipse.jetty.websocket.jsr356.decoders.ShortDecoder
2025-08-06 16:12:04.474 DEBUG 15792 --- [restartedMain] o.e.jetty.util.DecoratedObjectFactory    : Creating Instance: class org.eclipse.jetty.websocket.jsr356.decoders.ByteBufferDecoder
2025-08-06 16:12:04.474 DEBUG 15792 --- [restartedMain] o.e.jetty.util.DecoratedObjectFactory    : Creating Instance: class org.eclipse.jetty.websocket.jsr356.decoders.ByteArrayDecoder
2025-08-06 16:12:04.474 DEBUG 15792 --- [restartedMain] o.e.jetty.util.DecoratedObjectFactory    : Creating Instance: class org.eclipse.jetty.websocket.jsr356.decoders.PongMessageDecoder
2025-08-06 16:12:04.474 DEBUG 15792 --- [restartedMain] o.e.jetty.util.DecoratedObjectFactory    : Creating Instance: class org.eclipse.jetty.websocket.jsr356.decoders.ReaderDecoder
2025-08-06 16:12:04.474 DEBUG 15792 --- [restartedMain] o.e.jetty.util.DecoratedObjectFactory    : Creating Instance: class org.eclipse.jetty.websocket.jsr356.decoders.InputStreamDecoder
2025-08-06 16:12:04.474 DEBUG 15792 --- [restartedMain] o.e.j.websocket.jsr356.EncoderFactory    : init(org.eclipse.jetty.websocket.jsr356.client.EmptyClientEndpointConfig@2215a13c)
2025-08-06 16:12:04.474 DEBUG 15792 --- [restartedMain] o.e.jetty.util.DecoratedObjectFactory    : Creating Instance: class org.eclipse.jetty.websocket.jsr356.encoders.BooleanEncoder
2025-08-06 16:12:04.475 DEBUG 15792 --- [restartedMain] o.e.jetty.util.DecoratedObjectFactory    : Creating Instance: class org.eclipse.jetty.websocket.jsr356.encoders.ByteEncoder
2025-08-06 16:12:04.475 DEBUG 15792 --- [restartedMain] o.e.jetty.util.DecoratedObjectFactory    : Creating Instance: class org.eclipse.jetty.websocket.jsr356.encoders.CharacterEncoder
2025-08-06 16:12:04.475 DEBUG 15792 --- [restartedMain] o.e.jetty.util.DecoratedObjectFactory    : Creating Instance: class org.eclipse.jetty.websocket.jsr356.encoders.DoubleEncoder
2025-08-06 16:12:04.475 DEBUG 15792 --- [restartedMain] o.e.jetty.util.DecoratedObjectFactory    : Creating Instance: class org.eclipse.jetty.websocket.jsr356.encoders.FloatEncoder
2025-08-06 16:12:04.475 DEBUG 15792 --- [restartedMain] o.e.jetty.util.DecoratedObjectFactory    : Creating Instance: class org.eclipse.jetty.websocket.jsr356.encoders.IntegerEncoder
2025-08-06 16:12:04.475 DEBUG 15792 --- [restartedMain] o.e.jetty.util.DecoratedObjectFactory    : Creating Instance: class org.eclipse.jetty.websocket.jsr356.encoders.LongEncoder
2025-08-06 16:12:04.475 DEBUG 15792 --- [restartedMain] o.e.jetty.util.DecoratedObjectFactory    : Creating Instance: class org.eclipse.jetty.websocket.jsr356.encoders.ShortEncoder
2025-08-06 16:12:04.475 DEBUG 15792 --- [restartedMain] o.e.jetty.util.DecoratedObjectFactory    : Creating Instance: class org.eclipse.jetty.websocket.jsr356.encoders.StringEncoder
2025-08-06 16:12:04.475 DEBUG 15792 --- [restartedMain] o.e.jetty.util.DecoratedObjectFactory    : Creating Instance: class org.eclipse.jetty.websocket.jsr356.encoders.BooleanEncoder
2025-08-06 16:12:04.475 DEBUG 15792 --- [restartedMain] o.e.jetty.util.DecoratedObjectFactory    : Creating Instance: class org.eclipse.jetty.websocket.jsr356.encoders.ByteEncoder
2025-08-06 16:12:04.475 DEBUG 15792 --- [restartedMain] o.e.jetty.util.DecoratedObjectFactory    : Creating Instance: class org.eclipse.jetty.websocket.jsr356.encoders.CharacterEncoder
2025-08-06 16:12:04.475 DEBUG 15792 --- [restartedMain] o.e.jetty.util.DecoratedObjectFactory    : Creating Instance: class org.eclipse.jetty.websocket.jsr356.encoders.DoubleEncoder
2025-08-06 16:12:04.475 DEBUG 15792 --- [restartedMain] o.e.jetty.util.DecoratedObjectFactory    : Creating Instance: class org.eclipse.jetty.websocket.jsr356.encoders.FloatEncoder
2025-08-06 16:12:04.475 DEBUG 15792 --- [restartedMain] o.e.jetty.util.DecoratedObjectFactory    : Creating Instance: class org.eclipse.jetty.websocket.jsr356.encoders.IntegerEncoder
2025-08-06 16:12:04.475 DEBUG 15792 --- [restartedMain] o.e.jetty.util.DecoratedObjectFactory    : Creating Instance: class org.eclipse.jetty.websocket.jsr356.encoders.LongEncoder
2025-08-06 16:12:04.475 DEBUG 15792 --- [restartedMain] o.e.jetty.util.DecoratedObjectFactory    : Creating Instance: class org.eclipse.jetty.websocket.jsr356.encoders.ShortEncoder
2025-08-06 16:12:04.475 DEBUG 15792 --- [restartedMain] o.e.jetty.util.DecoratedObjectFactory    : Creating Instance: class org.eclipse.jetty.websocket.jsr356.encoders.ByteBufferEncoder
2025-08-06 16:12:04.475 DEBUG 15792 --- [restartedMain] o.e.jetty.util.DecoratedObjectFactory    : Creating Instance: class org.eclipse.jetty.websocket.jsr356.encoders.ByteArrayEncoder
2025-08-06 16:12:04.475  INFO 15792 --- [restartedMain] o.e.jetty.server.handler.ContextHandler  : Started o.s.b.w.e.j.JettyEmbeddedWebAppContext@2df6137c{application,/,[file:///C:/Users/31006/AppData/Local/Temp/jetty-docbase.8080.776332476964233628/],AVAILABLE}
2025-08-06 16:12:04.475 DEBUG 15792 --- [restartedMain] org.eclipse.jetty.webapp.WebAppContext   : postConfigure o.s.b.w.e.j.JettyEmbeddedWebAppContext@2df6137c{application,/,[file:///C:/Users/31006/AppData/Local/Temp/jetty-docbase.8080.776332476964233628/],AVAILABLE} with org.springframework.boot.web.embedded.jetty.ServletContextInitializerConfiguration@31cee237
2025-08-06 16:12:04.475 DEBUG 15792 --- [restartedMain] org.eclipse.jetty.webapp.WebAppContext   : postConfigure o.s.b.w.e.j.JettyEmbeddedWebAppContext@2df6137c{application,/,[file:///C:/Users/31006/AppData/Local/Temp/jetty-docbase.8080.776332476964233628/],AVAILABLE} with org.springframework.boot.web.embedded.jetty.JettyServletWebServerFactory$1@77190d6
2025-08-06 16:12:04.476 DEBUG 15792 --- [restartedMain] org.eclipse.jetty.webapp.WebAppContext   : postConfigure o.s.b.w.e.j.JettyEmbeddedWebAppContext@2df6137c{application,/,[file:///C:/Users/31006/AppData/Local/Temp/jetty-docbase.8080.776332476964233628/],AVAILABLE} with org.springframework.boot.web.embedded.jetty.JettyServletWebServerFactory$2@38d381c3
2025-08-06 16:12:04.476 DEBUG 15792 --- [restartedMain] org.eclipse.jetty.webapp.WebAppContext   : postConfigure o.s.b.w.e.j.JettyEmbeddedWebAppContext@2df6137c{application,/,[file:///C:/Users/31006/AppData/Local/Temp/jetty-docbase.8080.776332476964233628/],AVAILABLE} with org.springframework.boot.web.embedded.jetty.JettyServletWebServerFactory$WebListenersConfiguration@35d0e76
2025-08-06 16:12:04.476 DEBUG 15792 --- [restartedMain] org.eclipse.jetty.webapp.WebAppContext   : postConfigure o.s.b.w.e.j.JettyEmbeddedWebAppContext@2df6137c{application,/,[file:///C:/Users/31006/AppData/Local/Temp/jetty-docbase.8080.776332476964233628/],AVAILABLE} with org.springframework.boot.autoconfigure.websocket.servlet.JettyWebSocketServletWebServerCustomizer$1@45448b70
2025-08-06 16:12:04.476 DEBUG 15792 --- [restartedMain] o.e.j.server.handler.AbstractHandler     : starting ErrorHandler@70ff1705{STARTING}
2025-08-06 16:12:04.476  INFO 15792 --- [restartedMain] org.eclipse.jetty.server.Server          : Started @2163ms
2025-08-06 16:12:04.477 DEBUG 15792 --- [restartedMain] o.s.b.f.s.DefaultListableBeanFactory     : Creating shared instance of singleton bean 'demoApplication'
2025-08-06 16:12:04.479 DEBUG 15792 --- [restartedMain] o.s.b.f.s.DefaultListableBeanFactory     : Creating shared instance of singleton bean 'aop'
2025-08-06 16:12:04.484 DEBUG 15792 --- [restartedMain] o.s.b.f.s.DefaultListableBeanFactory     : Creating shared instance of singleton bean 'JWT'
2025-08-06 16:12:04.485 DEBUG 15792 --- [restartedMain] o.s.c.e.PropertySourcesPropertyResolver  : Found key 'jwt.secret' in PropertySource 'environmentProperties' with value of type String
2025-08-06 16:12:04.486 DEBUG 15792 --- [restartedMain] o.s.c.e.PropertySourcesPropertyResolver  : Found key 'jwt.expire' in PropertySource 'environmentProperties' with value of type String
2025-08-06 16:12:04.487 DEBUG 15792 --- [restartedMain] o.s.b.f.s.DefaultListableBeanFactory     : Creating shared instance of singleton bean 'config'
2025-08-06 16:12:04.488 DEBUG 15792 --- [restartedMain] o.s.b.f.s.DefaultListableBeanFactory     : Creating shared instance of singleton bean 'pathVariableController'
2025-08-06 16:12:04.491 DEBUG 15792 --- [restartedMain] o.s.b.f.s.DefaultListableBeanFactory     : Creating shared instance of singleton bean 'sever'
2025-08-06 16:12:04.495 DEBUG 15792 --- [restartedMain] o.s.b.f.s.DefaultListableBeanFactory     : Creating shared instance of singleton bean 'data'
2025-08-06 16:12:04.499 DEBUG 15792 --- [restartedMain] o.s.b.f.s.DefaultListableBeanFactory     : Creating shared instance of singleton bean 'sqlSessionFactory'
2025-08-06 16:12:04.499 DEBUG 15792 --- [restartedMain] o.s.b.f.s.DefaultListableBeanFactory     : Creating shared instance of singleton bean 'com.baomidou.mybatisplus.autoconfigure.MybatisPlusAutoConfiguration'
2025-08-06 16:12:04.500 DEBUG 15792 --- [restartedMain] ocalVariableTableParameterNameDiscoverer : Cannot find '.class' file for class [class com.baomidou.mybatisplus.autoconfigure.MybatisPlusAutoConfiguration$$EnhancerBySpringCGLIB$$e6cdc82c] - unable to determine constructor/method parameter names
2025-08-06 16:12:04.500 DEBUG 15792 --- [restartedMain] o.s.b.f.s.DefaultListableBeanFactory     : Creating shared instance of singleton bean 'mybatis-plus-com.baomidou.mybatisplus.autoconfigure.MybatisPlusProperties'
2025-08-06 16:12:04.554 DEBUG 15792 --- [restartedMain] o.s.b.f.s.DefaultListableBeanFactory     : Autowiring by type from bean name 'com.baomidou.mybatisplus.autoconfigure.MybatisPlusAutoConfiguration' via constructor to bean named 'mybatis-plus-com.baomidou.mybatisplus.autoconfigure.MybatisPlusProperties'
2025-08-06 16:12:04.554 DEBUG 15792 --- [restartedMain] o.s.b.f.s.DefaultListableBeanFactory     : Autowiring by type from bean name 'com.baomidou.mybatisplus.autoconfigure.MybatisPlusAutoConfiguration' via constructor to bean named 'org.springframework.boot.web.servlet.context.AnnotationConfigServletWebServerApplicationContext@64d4d00b'
2025-08-06 16:12:04.554 DEBUG 15792 --- [restartedMain] o.s.b.f.s.DefaultListableBeanFactory     : Creating shared instance of singleton bean 'mybatisPlusInterceptor'
2025-08-06 16:12:04.554 DEBUG 15792 --- [restartedMain] o.s.b.f.s.DefaultListableBeanFactory     : Creating shared instance of singleton bean 'com.example.demo.Config.MyBatis'
2025-08-06 16:12:04.560 DEBUG 15792 --- [restartedMain] o.s.b.f.s.DefaultListableBeanFactory     : Creating shared instance of singleton bean 'dataSource'
2025-08-06 16:12:04.561 DEBUG 15792 --- [restartedMain] o.s.b.f.s.DefaultListableBeanFactory     : Creating shared instance of singleton bean 'com.alibaba.druid.spring.boot.autoconfigure.DruidDataSourceAutoConfigure'
2025-08-06 16:12:04.566 DEBUG 15792 --- [RMI TCP Connection(3)-192.168.75.1] sun.rmi.transport.tcp                    : RMI TCP Connection(3)-192.168.75.1: (port 65191) op = 82
2025-08-06 16:12:04.567  INFO 15792 --- [restartedMain] c.a.d.s.b.a.DruidDataSourceAutoConfigure : Init DruidDataSource
2025-08-06 16:12:04.567 DEBUG 15792 --- [RMI TCP Connection(3)-192.168.75.1] sun.rmi.transport.tcp                    : RMI TCP Connection(3)-192.168.75.1: (port 65191) op = 80
2025-08-06 16:12:04.568 DEBUG 15792 --- [RMI TCP Connection(3)-192.168.75.1] sun.rmi.transport.tcp                    : RMI TCP Connection(3)-192.168.75.1: (port 65191) op = 82
2025-08-06 16:12:04.568 DEBUG 15792 --- [RMI TCP Connection(3)-192.168.75.1] sun.rmi.transport.tcp                    : RMI TCP Connection(3)-192.168.75.1: (port 65191) op = 80
2025-08-06 16:12:04.568 DEBUG 15792 --- [RMI TCP Connection(3)-192.168.75.1] sun.rmi.loader                           : RMI TCP Connection(3)-192.168.75.1: name = "[Ljava.rmi.server.ObjID;", codebase = "", defaultLoader = jdk.internal.loader.ClassLoaders$PlatformClassLoader@6bedb07
2025-08-06 16:12:04.568 DEBUG 15792 --- [RMI TCP Connection(3)-192.168.75.1] sun.rmi.loader                           : RMI TCP Connection(3)-192.168.75.1: name = "java.rmi.server.ObjID", codebase = "", defaultLoader = jdk.internal.loader.ClassLoaders$PlatformClassLoader@6bedb07
2025-08-06 16:12:04.568 DEBUG 15792 --- [RMI TCP Connection(3)-192.168.75.1] sun.rmi.loader                           : RMI TCP Connection(3)-192.168.75.1: name = "java.rmi.server.UID", codebase = "", defaultLoader = jdk.internal.loader.ClassLoaders$PlatformClassLoader@6bedb07
2025-08-06 16:12:04.569 DEBUG 15792 --- [RMI TCP Connection(3)-192.168.75.1] sun.rmi.loader                           : RMI TCP Connection(3)-192.168.75.1: name = "java.rmi.dgc.Lease", codebase = "", defaultLoader = jdk.internal.loader.ClassLoaders$PlatformClassLoader@6bedb07
2025-08-06 16:12:04.569 DEBUG 15792 --- [RMI TCP Connection(3)-192.168.75.1] sun.rmi.loader                           : RMI TCP Connection(3)-192.168.75.1: name = "java.rmi.dgc.VMID", codebase = "", defaultLoader = jdk.internal.loader.ClassLoaders$PlatformClassLoader@6bedb07
2025-08-06 16:12:04.569 DEBUG 15792 --- [RMI TCP Connection(3)-192.168.75.1] sun.rmi.loader                           : RMI TCP Connection(3)-192.168.75.1: name = "[B", codebase = "", defaultLoader = jdk.internal.loader.ClassLoaders$PlatformClassLoader@6bedb07
2025-08-06 16:12:04.569 DEBUG 15792 --- [RMI TCP Connection(3)-192.168.75.1] sun.rmi.transport.tcp                    : RMI TCP Connection(3)-192.168.75.1: (port 65191) op = 82
2025-08-06 16:12:04.570 DEBUG 15792 --- [RMI TCP Connection(3)-192.168.75.1] sun.rmi.transport.tcp                    : RMI TCP Connection(3)-192.168.75.1: (port 65191) op = 84
2025-08-06 16:12:04.570 DEBUG 15792 --- [RMI TCP Connection(3)-192.168.75.1] sun.rmi.transport.tcp                    : RMI TCP Connection(3)-192.168.75.1: (port 65191) op = 80
2025-08-06 16:12:04.570 DEBUG 15792 --- [RMI TCP Connection(3)-192.168.75.1] sun.rmi.transport.tcp                    : RMI TCP Connection(3)-192.168.75.1: (port 65191) op = 80
2025-08-06 16:12:04.570 DEBUG 15792 --- [RMI TCP Connection(3)-192.168.75.1] sun.rmi.loader                           : RMI TCP Connection(3)-192.168.75.1: name = "javax.management.ObjectName", codebase = ""
2025-08-06 16:12:04.571 DEBUG 15792 --- [RMI TCP Connection(3)-192.168.75.1] javax.management.remote.rmi              : connectionId=rmi://192.168.75.1  3, name=org.springframework.boot:type=Admin,name=SpringApplication, attribute=Ready
2025-08-06 16:12:04.571 DEBUG 15792 --- [RMI TCP Connection(3)-192.168.75.1] sun.rmi.server.call                      : RMI TCP Connection(3)-192.168.75.1: [192.168.75.1] exception: 

javax.management.InstanceNotFoundException: org.springframework.boot:type=Admin,name=SpringApplication
	at java.management/com.sun.jmx.interceptor.DefaultMBeanServerInterceptor.getMBean(DefaultMBeanServerInterceptor.java:1088) ~[na:na]
	at java.management/com.sun.jmx.interceptor.DefaultMBeanServerInterceptor.getAttribute(DefaultMBeanServerInterceptor.java:640) ~[na:na]
	at java.management/com.sun.jmx.mbeanserver.JmxMBeanServer.getAttribute(JmxMBeanServer.java:679) ~[na:na]
	at java.management.rmi/javax.management.remote.rmi.RMIConnectionImpl.doOperation(RMIConnectionImpl.java:1449) ~[na:na]
	at java.management.rmi/javax.management.remote.rmi.RMIConnectionImpl$PrivilegedOperation.run(RMIConnectionImpl.java:1310) ~[na:na]
	at java.management.rmi/javax.management.remote.rmi.RMIConnectionImpl.doPrivilegedOperation(RMIConnectionImpl.java:1405) ~[na:na]
	at java.management.rmi/javax.management.remote.rmi.RMIConnectionImpl.getAttribute(RMIConnectionImpl.java:639) ~[na:na]
	at java.base/jdk.internal.reflect.NativeMethodAccessorImpl.invoke0(Native Method) ~[na:na]
	at java.base/jdk.internal.reflect.NativeMethodAccessorImpl.invoke(NativeMethodAccessorImpl.java:77) ~[na:na]
	at java.base/jdk.internal.reflect.DelegatingMethodAccessorImpl.invoke(DelegatingMethodAccessorImpl.java:43) ~[na:na]
	at java.base/java.lang.reflect.Method.invoke(Method.java:568) ~[na:na]
	at java.rmi/sun.rmi.server.UnicastServerRef.dispatch(UnicastServerRef.java:360) ~[na:na]
	at java.rmi/sun.rmi.transport.Transport$1.run(Transport.java:200) ~[na:na]
	at java.rmi/sun.rmi.transport.Transport$1.run(Transport.java:197) ~[na:na]
	at java.base/java.security.AccessController.doPrivileged(AccessController.java:712) ~[na:na]
	at java.rmi/sun.rmi.transport.Transport.serviceCall(Transport.java:196) ~[na:na]
	at java.rmi/sun.rmi.transport.tcp.TCPTransport.handleMessages(TCPTransport.java:587) ~[na:na]
	at java.rmi/sun.rmi.transport.tcp.TCPTransport$ConnectionHandler.run0(TCPTransport.java:828) ~[na:na]
	at java.rmi/sun.rmi.transport.tcp.TCPTransport$ConnectionHandler.lambda$run$0(TCPTransport.java:705) ~[na:na]
	at java.base/java.security.AccessController.doPrivileged(AccessController.java:399) ~[na:na]
	at java.rmi/sun.rmi.transport.tcp.TCPTransport$ConnectionHandler.run(TCPTransport.java:704) ~[na:na]
	at java.base/java.util.concurrent.ThreadPoolExecutor.runWorker(ThreadPoolExecutor.java:1136) ~[na:na]
	at java.base/java.util.concurrent.ThreadPoolExecutor$Worker.run(ThreadPoolExecutor.java:635) ~[na:na]
	at java.base/java.lang.Thread.run(Thread.java:842) ~[na:na]

2025-08-06 16:12:04.572 DEBUG 15792 --- [RMI TCP Connection(3)-192.168.75.1] sun.rmi.transport.tcp                    : RMI TCP Connection(3)-192.168.75.1: (port 65191) op = 80
2025-08-06 16:12:04.572 DEBUG 15792 --- [RMI TCP Connection(3)-192.168.75.1] javax.management.remote.rmi              : [javax.management.remote.rmi.RMIConnectionImpl@45bf28ce: connectionId=rmi://192.168.75.1  3] closing.
2025-08-06 16:12:04.572 DEBUG 15792 --- [RMI TCP Connection(3)-192.168.75.1] javax.management.remote.rmi              : [javax.management.remote.rmi.RMIConnectionImpl@45bf28ce: connectionId=rmi://192.168.75.1  3] closed.
2025-08-06 16:12:04.618 DEBUG 15792 --- [restartedMain] o.s.b.f.s.DefaultListableBeanFactory     : Creating shared instance of singleton bean 'spring.datasource-org.springframework.boot.autoconfigure.jdbc.DataSourceProperties'
2025-08-06 16:12:04.791 ERROR 15792 --- [restartedMain] com.alibaba.druid.pool.DruidDataSource   : init datasource error, url: jdbc:mysql://localhost:3306/db1?useSSL=false&serverTimezone=UTC

java.sql.SQLNonTransientConnectionException: Public Key Retrieval is not allowed
	at com.mysql.cj.jdbc.exceptions.SQLError.createSQLException(SQLError.java:110) ~[mysql-connector-j-8.0.31.jar:8.0.31]
	at com.mysql.cj.jdbc.exceptions.SQLExceptionsMapping.translateException(SQLExceptionsMapping.java:122) ~[mysql-connector-j-8.0.31.jar:8.0.31]
	at com.mysql.cj.jdbc.ConnectionImpl.createNewIO(ConnectionImpl.java:828) ~[mysql-connector-j-8.0.31.jar:8.0.31]
	at com.mysql.cj.jdbc.ConnectionImpl.<init>(ConnectionImpl.java:448) ~[mysql-connector-j-8.0.31.jar:8.0.31]
	at com.mysql.cj.jdbc.ConnectionImpl.getInstance(ConnectionImpl.java:241) ~[mysql-connector-j-8.0.31.jar:8.0.31]
	at com.mysql.cj.jdbc.NonRegisteringDriver.connect(NonRegisteringDriver.java:198) ~[mysql-connector-j-8.0.31.jar:8.0.31]
	at com.alibaba.druid.pool.DruidAbstractDataSource.createPhysicalConnection(DruidAbstractDataSource.java:1644) ~[druid-1.1.22.jar:1.1.22]
	at com.alibaba.druid.pool.DruidAbstractDataSource.createPhysicalConnection(DruidAbstractDataSource.java:1710) ~[druid-1.1.22.jar:1.1.22]
	at com.alibaba.druid.pool.DruidDataSource.init(DruidDataSource.java:923) ~[druid-1.1.22.jar:1.1.22]
	at java.base/jdk.internal.reflect.NativeMethodAccessorImpl.invoke0(Native Method) ~[na:na]
	at java.base/jdk.internal.reflect.NativeMethodAccessorImpl.invoke(NativeMethodAccessorImpl.java:77) ~[na:na]
	at java.base/jdk.internal.reflect.DelegatingMethodAccessorImpl.invoke(DelegatingMethodAccessorImpl.java:43) ~[na:na]
	at java.base/java.lang.reflect.Method.invoke(Method.java:568) ~[na:na]
	at org.springframework.beans.factory.support.AbstractAutowireCapableBeanFactory.invokeCustomInitMethod(AbstractAutowireCapableBeanFactory.java:1930) ~[spring-beans-5.3.23.jar:5.3.23]
	at org.springframework.beans.factory.support.AbstractAutowireCapableBeanFactory.invokeInitMethods(AbstractAutowireCapableBeanFactory.java:1872) ~[spring-beans-5.3.23.jar:5.3.23]
	at org.springframework.beans.factory.support.AbstractAutowireCapableBeanFactory.initializeBean(AbstractAutowireCapableBeanFactory.java:1800) ~[spring-beans-5.3.23.jar:5.3.23]
	at org.springframework.beans.factory.support.AbstractAutowireCapableBeanFactory.doCreateBean(AbstractAutowireCapableBeanFactory.java:620) ~[spring-beans-5.3.23.jar:5.3.23]
	at org.springframework.beans.factory.support.AbstractAutowireCapableBeanFactory.createBean(AbstractAutowireCapableBeanFactory.java:542) ~[spring-beans-5.3.23.jar:5.3.23]
	at org.springframework.beans.factory.support.AbstractBeanFactory.lambda$doGetBean$0(AbstractBeanFactory.java:335) ~[spring-beans-5.3.23.jar:5.3.23]
	at org.springframework.beans.factory.support.DefaultSingletonBeanRegistry.getSingleton(DefaultSingletonBeanRegistry.java:234) ~[spring-beans-5.3.23.jar:5.3.23]
	at org.springframework.beans.factory.support.AbstractBeanFactory.doGetBean(AbstractBeanFactory.java:333) ~[spring-beans-5.3.23.jar:5.3.23]
	at org.springframework.beans.factory.support.AbstractBeanFactory.getBean(AbstractBeanFactory.java:208) ~[spring-beans-5.3.23.jar:5.3.23]
	at org.springframework.beans.factory.config.DependencyDescriptor.resolveCandidate(DependencyDescriptor.java:276) ~[spring-beans-5.3.23.jar:5.3.23]
	at org.springframework.beans.factory.support.DefaultListableBeanFactory.doResolveDependency(DefaultListableBeanFactory.java:1391) ~[spring-beans-5.3.23.jar:5.3.23]
	at org.springframework.beans.factory.support.DefaultListableBeanFactory.resolveDependency(DefaultListableBeanFactory.java:1311) ~[spring-beans-5.3.23.jar:5.3.23]
	at org.springframework.beans.factory.support.ConstructorResolver.resolveAutowiredArgument(ConstructorResolver.java:887) ~[spring-beans-5.3.23.jar:5.3.23]
	at org.springframework.beans.factory.support.ConstructorResolver.createArgumentArray(ConstructorResolver.java:791) ~[spring-beans-5.3.23.jar:5.3.23]
	at org.springframework.beans.factory.support.ConstructorResolver.instantiateUsingFactoryMethod(ConstructorResolver.java:541) ~[spring-beans-5.3.23.jar:5.3.23]
	at org.springframework.beans.factory.support.AbstractAutowireCapableBeanFactory.instantiateUsingFactoryMethod(AbstractAutowireCapableBeanFactory.java:1352) ~[spring-beans-5.3.23.jar:5.3.23]
	at org.springframework.beans.factory.support.AbstractAutowireCapableBeanFactory.createBeanInstance(AbstractAutowireCapableBeanFactory.java:1195) ~[spring-beans-5.3.23.jar:5.3.23]
	at org.springframework.beans.factory.support.AbstractAutowireCapableBeanFactory.doCreateBean(AbstractAutowireCapableBeanFactory.java:582) ~[spring-beans-5.3.23.jar:5.3.23]
	at org.springframework.beans.factory.support.AbstractAutowireCapableBeanFactory.createBean(AbstractAutowireCapableBeanFactory.java:542) ~[spring-beans-5.3.23.jar:5.3.23]
	at org.springframework.beans.factory.support.AbstractBeanFactory.lambda$doGetBean$0(AbstractBeanFactory.java:335) ~[spring-beans-5.3.23.jar:5.3.23]
	at org.springframework.beans.factory.support.DefaultSingletonBeanRegistry.getSingleton(DefaultSingletonBeanRegistry.java:234) ~[spring-beans-5.3.23.jar:5.3.23]
	at org.springframework.beans.factory.support.AbstractBeanFactory.doGetBean(AbstractBeanFactory.java:333) ~[spring-beans-5.3.23.jar:5.3.23]
	at org.springframework.beans.factory.support.AbstractBeanFactory.getBean(AbstractBeanFactory.java:208) ~[spring-beans-5.3.23.jar:5.3.23]
	at org.springframework.beans.factory.config.DependencyDescriptor.resolveCandidate(DependencyDescriptor.java:276) ~[spring-beans-5.3.23.jar:5.3.23]
	at org.springframework.beans.factory.support.DefaultListableBeanFactory.doResolveDependency(DefaultListableBeanFactory.java:1391) ~[spring-beans-5.3.23.jar:5.3.23]
	at org.springframework.beans.factory.support.DefaultListableBeanFactory.resolveDependency(DefaultListableBeanFactory.java:1311) ~[spring-beans-5.3.23.jar:5.3.23]
	at org.springframework.beans.factory.support.AbstractAutowireCapableBeanFactory.autowireByType(AbstractAutowireCapableBeanFactory.java:1519) ~[spring-beans-5.3.23.jar:5.3.23]
	at org.springframework.beans.factory.support.AbstractAutowireCapableBeanFactory.populateBean(AbstractAutowireCapableBeanFactory.java:1417) ~[spring-beans-5.3.23.jar:5.3.23]
	at org.springframework.beans.factory.support.AbstractAutowireCapableBeanFactory.doCreateBean(AbstractAutowireCapableBeanFactory.java:619) ~[spring-beans-5.3.23.jar:5.3.23]
	at org.springframework.beans.factory.support.AbstractAutowireCapableBeanFactory.createBean(AbstractAutowireCapableBeanFactory.java:542) ~[spring-beans-5.3.23.jar:5.3.23]
	at org.springframework.beans.factory.support.AbstractBeanFactory.lambda$doGetBean$0(AbstractBeanFactory.java:335) ~[spring-beans-5.3.23.jar:5.3.23]
	at org.springframework.beans.factory.support.DefaultSingletonBeanRegistry.getSingleton(DefaultSingletonBeanRegistry.java:234) ~[spring-beans-5.3.23.jar:5.3.23]
	at org.springframework.beans.factory.support.AbstractBeanFactory.doGetBean(AbstractBeanFactory.java:333) ~[spring-beans-5.3.23.jar:5.3.23]
	at org.springframework.beans.factory.support.AbstractBeanFactory.getBean(AbstractBeanFactory.java:208) ~[spring-beans-5.3.23.jar:5.3.23]
	at org.springframework.beans.factory.config.DependencyDescriptor.resolveCandidate(DependencyDescriptor.java:276) ~[spring-beans-5.3.23.jar:5.3.23]
	at org.springframework.beans.factory.support.DefaultListableBeanFactory.doResolveDependency(DefaultListableBeanFactory.java:1391) ~[spring-beans-5.3.23.jar:5.3.23]
	at org.springframework.beans.factory.support.DefaultListableBeanFactory.resolveDependency(DefaultListableBeanFactory.java:1311) ~[spring-beans-5.3.23.jar:5.3.23]
	at org.springframework.beans.factory.annotation.AutowiredAnnotationBeanPostProcessor$AutowiredFieldElement.resolveFieldValue(AutowiredAnnotationBeanPostProcessor.java:656) ~[spring-beans-5.3.23.jar:5.3.23]
	at org.springframework.beans.factory.annotation.AutowiredAnnotationBeanPostProcessor$AutowiredFieldElement.inject(AutowiredAnnotationBeanPostProcessor.java:639) ~[spring-beans-5.3.23.jar:5.3.23]
	at org.springframework.beans.factory.annotation.InjectionMetadata.inject(InjectionMetadata.java:119) ~[spring-beans-5.3.23.jar:5.3.23]
	at org.springframework.beans.factory.annotation.AutowiredAnnotationBeanPostProcessor.postProcessProperties(AutowiredAnnotationBeanPostProcessor.java:399) ~[spring-beans-5.3.23.jar:5.3.23]
	at org.springframework.beans.factory.support.AbstractAutowireCapableBeanFactory.populateBean(AbstractAutowireCapableBeanFactory.java:1431) ~[spring-beans-5.3.23.jar:5.3.23]
	at org.springframework.beans.factory.support.AbstractAutowireCapableBeanFactory.doCreateBean(AbstractAutowireCapableBeanFactory.java:619) ~[spring-beans-5.3.23.jar:5.3.23]
	at org.springframework.beans.factory.support.AbstractAutowireCapableBeanFactory.createBean(AbstractAutowireCapableBeanFactory.java:542) ~[spring-beans-5.3.23.jar:5.3.23]
	at org.springframework.beans.factory.support.AbstractBeanFactory.lambda$doGetBean$0(AbstractBeanFactory.java:335) ~[spring-beans-5.3.23.jar:5.3.23]
	at org.springframework.beans.factory.support.DefaultSingletonBeanRegistry.getSingleton(DefaultSingletonBeanRegistry.java:234) ~[spring-beans-5.3.23.jar:5.3.23]
	at org.springframework.beans.factory.support.AbstractBeanFactory.doGetBean(AbstractBeanFactory.java:333) ~[spring-beans-5.3.23.jar:5.3.23]
	at org.springframework.beans.factory.support.AbstractBeanFactory.getBean(AbstractBeanFactory.java:208) ~[spring-beans-5.3.23.jar:5.3.23]
	at org.springframework.beans.factory.config.DependencyDescriptor.resolveCandidate(DependencyDescriptor.java:276) ~[spring-beans-5.3.23.jar:5.3.23]
	at org.springframework.beans.factory.support.DefaultListableBeanFactory.doResolveDependency(DefaultListableBeanFactory.java:1391) ~[spring-beans-5.3.23.jar:5.3.23]
	at org.springframework.beans.factory.support.DefaultListableBeanFactory.resolveDependency(DefaultListableBeanFactory.java:1311) ~[spring-beans-5.3.23.jar:5.3.23]
	at org.springframework.beans.factory.annotation.AutowiredAnnotationBeanPostProcessor$AutowiredFieldElement.resolveFieldValue(AutowiredAnnotationBeanPostProcessor.java:656) ~[spring-beans-5.3.23.jar:5.3.23]
	at org.springframework.beans.factory.annotation.AutowiredAnnotationBeanPostProcessor$AutowiredFieldElement.inject(AutowiredAnnotationBeanPostProcessor.java:639) ~[spring-beans-5.3.23.jar:5.3.23]
	at org.springframework.beans.factory.annotation.InjectionMetadata.inject(InjectionMetadata.java:119) ~[spring-beans-5.3.23.jar:5.3.23]
	at org.springframework.beans.factory.annotation.AutowiredAnnotationBeanPostProcessor.postProcessProperties(AutowiredAnnotationBeanPostProcessor.java:399) ~[spring-beans-5.3.23.jar:5.3.23]
	at org.springframework.beans.factory.support.AbstractAutowireCapableBeanFactory.populateBean(AbstractAutowireCapableBeanFactory.java:1431) ~[spring-beans-5.3.23.jar:5.3.23]
	at org.springframework.beans.factory.support.AbstractAutowireCapableBeanFactory.doCreateBean(AbstractAutowireCapableBeanFactory.java:619) ~[spring-beans-5.3.23.jar:5.3.23]
	at org.springframework.beans.factory.support.AbstractAutowireCapableBeanFactory.createBean(AbstractAutowireCapableBeanFactory.java:542) ~[spring-beans-5.3.23.jar:5.3.23]
	at org.springframework.beans.factory.support.AbstractBeanFactory.lambda$doGetBean$0(AbstractBeanFactory.java:335) ~[spring-beans-5.3.23.jar:5.3.23]
	at org.springframework.beans.factory.support.DefaultSingletonBeanRegistry.getSingleton(DefaultSingletonBeanRegistry.java:234) ~[spring-beans-5.3.23.jar:5.3.23]
	at org.springframework.beans.factory.support.AbstractBeanFactory.doGetBean(AbstractBeanFactory.java:333) ~[spring-beans-5.3.23.jar:5.3.23]
	at org.springframework.beans.factory.support.AbstractBeanFactory.getBean(AbstractBeanFactory.java:208) ~[spring-beans-5.3.23.jar:5.3.23]
	at org.springframework.beans.factory.support.DefaultListableBeanFactory.preInstantiateSingletons(DefaultListableBeanFactory.java:955) ~[spring-beans-5.3.23.jar:5.3.23]
	at org.springframework.context.support.AbstractApplicationContext.finishBeanFactoryInitialization(AbstractApplicationContext.java:918) ~[spring-context-5.3.23.jar:5.3.23]
	at org.springframework.context.support.AbstractApplicationContext.refresh(AbstractApplicationContext.java:583) ~[spring-context-5.3.23.jar:5.3.23]
	at org.springframework.boot.web.servlet.context.ServletWebServerApplicationContext.refresh(ServletWebServerApplicationContext.java:145) ~[spring-boot-2.6.13.jar:2.6.13]
	at org.springframework.boot.SpringApplication.refresh(SpringApplication.java:745) ~[spring-boot-2.6.13.jar:2.6.13]
	at org.springframework.boot.SpringApplication.refreshContext(SpringApplication.java:420) ~[spring-boot-2.6.13.jar:2.6.13]
	at org.springframework.boot.SpringApplication.run(SpringApplication.java:307) ~[spring-boot-2.6.13.jar:2.6.13]
	at org.springframework.boot.SpringApplication.run(SpringApplication.java:1317) ~[spring-boot-2.6.13.jar:2.6.13]
	at org.springframework.boot.SpringApplication.run(SpringApplication.java:1306) ~[spring-boot-2.6.13.jar:2.6.13]
	at com.example.demo.DemoApplication.main(DemoApplication.java:16) ~[classes/:na]
	at java.base/jdk.internal.reflect.NativeMethodAccessorImpl.invoke0(Native Method) ~[na:na]
	at java.base/jdk.internal.reflect.NativeMethodAccessorImpl.invoke(NativeMethodAccessorImpl.java:77) ~[na:na]
	at java.base/jdk.internal.reflect.DelegatingMethodAccessorImpl.invoke(DelegatingMethodAccessorImpl.java:43) ~[na:na]
	at java.base/java.lang.reflect.Method.invoke(Method.java:568) ~[na:na]
	at org.springframework.boot.devtools.restart.RestartLauncher.run(RestartLauncher.java:49) ~[spring-boot-devtools-2.6.13.jar:2.6.13]
Caused by: com.mysql.cj.exceptions.UnableToConnectException: Public Key Retrieval is not allowed
	at java.base/jdk.internal.reflect.NativeConstructorAccessorImpl.newInstance0(Native Method) ~[na:na]
	at java.base/jdk.internal.reflect.NativeConstructorAccessorImpl.newInstance(NativeConstructorAccessorImpl.java:77) ~[na:na]
	at java.base/jdk.internal.reflect.DelegatingConstructorAccessorImpl.newInstance(DelegatingConstructorAccessorImpl.java:45) ~[na:na]
	at java.base/java.lang.reflect.Constructor.newInstanceWithCaller(Constructor.java:499) ~[na:na]
	at java.base/java.lang.reflect.Constructor.newInstance(Constructor.java:480) ~[na:na]
	at com.mysql.cj.exceptions.ExceptionFactory.createException(ExceptionFactory.java:61) ~[mysql-connector-j-8.0.31.jar:8.0.31]
	at com.mysql.cj.exceptions.ExceptionFactory.createException(ExceptionFactory.java:85) ~[mysql-connector-j-8.0.31.jar:8.0.31]
	at com.mysql.cj.protocol.a.authentication.CachingSha2PasswordPlugin.nextAuthenticationStep(CachingSha2PasswordPlugin.java:130) ~[mysql-connector-j-8.0.31.jar:8.0.31]
	at com.mysql.cj.protocol.a.authentication.CachingSha2PasswordPlugin.nextAuthenticationStep(CachingSha2PasswordPlugin.java:49) ~[mysql-connector-j-8.0.31.jar:8.0.31]
	at com.mysql.cj.protocol.a.NativeAuthenticationProvider.proceedHandshakeWithPluggableAuthentication(NativeAuthenticationProvider.java:447) ~[mysql-connector-j-8.0.31.jar:8.0.31]
	at com.mysql.cj.protocol.a.NativeAuthenticationProvider.connect(NativeAuthenticationProvider.java:212) ~[mysql-connector-j-8.0.31.jar:8.0.31]
	at com.mysql.cj.protocol.a.NativeProtocol.connect(NativeProtocol.java:1433) ~[mysql-connector-j-8.0.31.jar:8.0.31]
	at com.mysql.cj.NativeSession.connect(NativeSession.java:133) ~[mysql-connector-j-8.0.31.jar:8.0.31]
	at com.mysql.cj.jdbc.ConnectionImpl.connectOneTryOnly(ConnectionImpl.java:948) ~[mysql-connector-j-8.0.31.jar:8.0.31]
	at com.mysql.cj.jdbc.ConnectionImpl.createNewIO(ConnectionImpl.java:818) ~[mysql-connector-j-8.0.31.jar:8.0.31]
	... 87 common frames omitted

2025-08-06 16:12:04.799 ERROR 15792 --- [restartedMain] com.alibaba.druid.pool.DruidDataSource   : {dataSource-1} init error

java.sql.SQLNonTransientConnectionException: Public Key Retrieval is not allowed
	at com.mysql.cj.jdbc.exceptions.SQLError.createSQLException(SQLError.java:110) ~[mysql-connector-j-8.0.31.jar:8.0.31]
	at com.mysql.cj.jdbc.exceptions.SQLExceptionsMapping.translateException(SQLExceptionsMapping.java:122) ~[mysql-connector-j-8.0.31.jar:8.0.31]
	at com.mysql.cj.jdbc.ConnectionImpl.createNewIO(ConnectionImpl.java:828) ~[mysql-connector-j-8.0.31.jar:8.0.31]
	at com.mysql.cj.jdbc.ConnectionImpl.<init>(ConnectionImpl.java:448) ~[mysql-connector-j-8.0.31.jar:8.0.31]
	at com.mysql.cj.jdbc.ConnectionImpl.getInstance(ConnectionImpl.java:241) ~[mysql-connector-j-8.0.31.jar:8.0.31]
	at com.mysql.cj.jdbc.NonRegisteringDriver.connect(NonRegisteringDriver.java:198) ~[mysql-connector-j-8.0.31.jar:8.0.31]
	at com.alibaba.druid.pool.DruidAbstractDataSource.createPhysicalConnection(DruidAbstractDataSource.java:1644) ~[druid-1.1.22.jar:1.1.22]
	at com.alibaba.druid.pool.DruidAbstractDataSource.createPhysicalConnection(DruidAbstractDataSource.java:1710) ~[druid-1.1.22.jar:1.1.22]
	at com.alibaba.druid.pool.DruidDataSource.init(DruidDataSource.java:923) ~[druid-1.1.22.jar:1.1.22]
	at java.base/jdk.internal.reflect.NativeMethodAccessorImpl.invoke0(Native Method) ~[na:na]
	at java.base/jdk.internal.reflect.NativeMethodAccessorImpl.invoke(NativeMethodAccessorImpl.java:77) ~[na:na]
	at java.base/jdk.internal.reflect.DelegatingMethodAccessorImpl.invoke(DelegatingMethodAccessorImpl.java:43) ~[na:na]
	at java.base/java.lang.reflect.Method.invoke(Method.java:568) ~[na:na]
	at org.springframework.beans.factory.support.AbstractAutowireCapableBeanFactory.invokeCustomInitMethod(AbstractAutowireCapableBeanFactory.java:1930) ~[spring-beans-5.3.23.jar:5.3.23]
	at org.springframework.beans.factory.support.AbstractAutowireCapableBeanFactory.invokeInitMethods(AbstractAutowireCapableBeanFactory.java:1872) ~[spring-beans-5.3.23.jar:5.3.23]
	at org.springframework.beans.factory.support.AbstractAutowireCapableBeanFactory.initializeBean(AbstractAutowireCapableBeanFactory.java:1800) ~[spring-beans-5.3.23.jar:5.3.23]
	at org.springframework.beans.factory.support.AbstractAutowireCapableBeanFactory.doCreateBean(AbstractAutowireCapableBeanFactory.java:620) ~[spring-beans-5.3.23.jar:5.3.23]
	at org.springframework.beans.factory.support.AbstractAutowireCapableBeanFactory.createBean(AbstractAutowireCapableBeanFactory.java:542) ~[spring-beans-5.3.23.jar:5.3.23]
	at org.springframework.beans.factory.support.AbstractBeanFactory.lambda$doGetBean$0(AbstractBeanFactory.java:335) ~[spring-beans-5.3.23.jar:5.3.23]
	at org.springframework.beans.factory.support.DefaultSingletonBeanRegistry.getSingleton(DefaultSingletonBeanRegistry.java:234) ~[spring-beans-5.3.23.jar:5.3.23]
	at org.springframework.beans.factory.support.AbstractBeanFactory.doGetBean(AbstractBeanFactory.java:333) ~[spring-beans-5.3.23.jar:5.3.23]
	at org.springframework.beans.factory.support.AbstractBeanFactory.getBean(AbstractBeanFactory.java:208) ~[spring-beans-5.3.23.jar:5.3.23]
	at org.springframework.beans.factory.config.DependencyDescriptor.resolveCandidate(DependencyDescriptor.java:276) ~[spring-beans-5.3.23.jar:5.3.23]
	at org.springframework.beans.factory.support.DefaultListableBeanFactory.doResolveDependency(DefaultListableBeanFactory.java:1391) ~[spring-beans-5.3.23.jar:5.3.23]
	at org.springframework.beans.factory.support.DefaultListableBeanFactory.resolveDependency(DefaultListableBeanFactory.java:1311) ~[spring-beans-5.3.23.jar:5.3.23]
	at org.springframework.beans.factory.support.ConstructorResolver.resolveAutowiredArgument(ConstructorResolver.java:887) ~[spring-beans-5.3.23.jar:5.3.23]
	at org.springframework.beans.factory.support.ConstructorResolver.createArgumentArray(ConstructorResolver.java:791) ~[spring-beans-5.3.23.jar:5.3.23]
	at org.springframework.beans.factory.support.ConstructorResolver.instantiateUsingFactoryMethod(ConstructorResolver.java:541) ~[spring-beans-5.3.23.jar:5.3.23]
	at org.springframework.beans.factory.support.AbstractAutowireCapableBeanFactory.instantiateUsingFactoryMethod(AbstractAutowireCapableBeanFactory.java:1352) ~[spring-beans-5.3.23.jar:5.3.23]
	at org.springframework.beans.factory.support.AbstractAutowireCapableBeanFactory.createBeanInstance(AbstractAutowireCapableBeanFactory.java:1195) ~[spring-beans-5.3.23.jar:5.3.23]
	at org.springframework.beans.factory.support.AbstractAutowireCapableBeanFactory.doCreateBean(AbstractAutowireCapableBeanFactory.java:582) ~[spring-beans-5.3.23.jar:5.3.23]
	at org.springframework.beans.factory.support.AbstractAutowireCapableBeanFactory.createBean(AbstractAutowireCapableBeanFactory.java:542) ~[spring-beans-5.3.23.jar:5.3.23]
	at org.springframework.beans.factory.support.AbstractBeanFactory.lambda$doGetBean$0(AbstractBeanFactory.java:335) ~[spring-beans-5.3.23.jar:5.3.23]
	at org.springframework.beans.factory.support.DefaultSingletonBeanRegistry.getSingleton(DefaultSingletonBeanRegistry.java:234) ~[spring-beans-5.3.23.jar:5.3.23]
	at org.springframework.beans.factory.support.AbstractBeanFactory.doGetBean(AbstractBeanFactory.java:333) ~[spring-beans-5.3.23.jar:5.3.23]
	at org.springframework.beans.factory.support.AbstractBeanFactory.getBean(AbstractBeanFactory.java:208) ~[spring-beans-5.3.23.jar:5.3.23]
	at org.springframework.beans.factory.config.DependencyDescriptor.resolveCandidate(DependencyDescriptor.java:276) ~[spring-beans-5.3.23.jar:5.3.23]
	at org.springframework.beans.factory.support.DefaultListableBeanFactory.doResolveDependency(DefaultListableBeanFactory.java:1391) ~[spring-beans-5.3.23.jar:5.3.23]
	at org.springframework.beans.factory.support.DefaultListableBeanFactory.resolveDependency(DefaultListableBeanFactory.java:1311) ~[spring-beans-5.3.23.jar:5.3.23]
	at org.springframework.beans.factory.support.AbstractAutowireCapableBeanFactory.autowireByType(AbstractAutowireCapableBeanFactory.java:1519) ~[spring-beans-5.3.23.jar:5.3.23]
	at org.springframework.beans.factory.support.AbstractAutowireCapableBeanFactory.populateBean(AbstractAutowireCapableBeanFactory.java:1417) ~[spring-beans-5.3.23.jar:5.3.23]
	at org.springframework.beans.factory.support.AbstractAutowireCapableBeanFactory.doCreateBean(AbstractAutowireCapableBeanFactory.java:619) ~[spring-beans-5.3.23.jar:5.3.23]
	at org.springframework.beans.factory.support.AbstractAutowireCapableBeanFactory.createBean(AbstractAutowireCapableBeanFactory.java:542) ~[spring-beans-5.3.23.jar:5.3.23]
	at org.springframework.beans.factory.support.AbstractBeanFactory.lambda$doGetBean$0(AbstractBeanFactory.java:335) ~[spring-beans-5.3.23.jar:5.3.23]
	at org.springframework.beans.factory.support.DefaultSingletonBeanRegistry.getSingleton(DefaultSingletonBeanRegistry.java:234) ~[spring-beans-5.3.23.jar:5.3.23]
	at org.springframework.beans.factory.support.AbstractBeanFactory.doGetBean(AbstractBeanFactory.java:333) ~[spring-beans-5.3.23.jar:5.3.23]
	at org.springframework.beans.factory.support.AbstractBeanFactory.getBean(AbstractBeanFactory.java:208) ~[spring-beans-5.3.23.jar:5.3.23]
	at org.springframework.beans.factory.config.DependencyDescriptor.resolveCandidate(DependencyDescriptor.java:276) ~[spring-beans-5.3.23.jar:5.3.23]
	at org.springframework.beans.factory.support.DefaultListableBeanFactory.doResolveDependency(DefaultListableBeanFactory.java:1391) ~[spring-beans-5.3.23.jar:5.3.23]
	at org.springframework.beans.factory.support.DefaultListableBeanFactory.resolveDependency(DefaultListableBeanFactory.java:1311) ~[spring-beans-5.3.23.jar:5.3.23]
	at org.springframework.beans.factory.annotation.AutowiredAnnotationBeanPostProcessor$AutowiredFieldElement.resolveFieldValue(AutowiredAnnotationBeanPostProcessor.java:656) ~[spring-beans-5.3.23.jar:5.3.23]
	at org.springframework.beans.factory.annotation.AutowiredAnnotationBeanPostProcessor$AutowiredFieldElement.inject(AutowiredAnnotationBeanPostProcessor.java:639) ~[spring-beans-5.3.23.jar:5.3.23]
	at org.springframework.beans.factory.annotation.InjectionMetadata.inject(InjectionMetadata.java:119) ~[spring-beans-5.3.23.jar:5.3.23]
	at org.springframework.beans.factory.annotation.AutowiredAnnotationBeanPostProcessor.postProcessProperties(AutowiredAnnotationBeanPostProcessor.java:399) ~[spring-beans-5.3.23.jar:5.3.23]
	at org.springframework.beans.factory.support.AbstractAutowireCapableBeanFactory.populateBean(AbstractAutowireCapableBeanFactory.java:1431) ~[spring-beans-5.3.23.jar:5.3.23]
	at org.springframework.beans.factory.support.AbstractAutowireCapableBeanFactory.doCreateBean(AbstractAutowireCapableBeanFactory.java:619) ~[spring-beans-5.3.23.jar:5.3.23]
	at org.springframework.beans.factory.support.AbstractAutowireCapableBeanFactory.createBean(AbstractAutowireCapableBeanFactory.java:542) ~[spring-beans-5.3.23.jar:5.3.23]
	at org.springframework.beans.factory.support.AbstractBeanFactory.lambda$doGetBean$0(AbstractBeanFactory.java:335) ~[spring-beans-5.3.23.jar:5.3.23]
	at org.springframework.beans.factory.support.DefaultSingletonBeanRegistry.getSingleton(DefaultSingletonBeanRegistry.java:234) ~[spring-beans-5.3.23.jar:5.3.23]
	at org.springframework.beans.factory.support.AbstractBeanFactory.doGetBean(AbstractBeanFactory.java:333) ~[spring-beans-5.3.23.jar:5.3.23]
	at org.springframework.beans.factory.support.AbstractBeanFactory.getBean(AbstractBeanFactory.java:208) ~[spring-beans-5.3.23.jar:5.3.23]
	at org.springframework.beans.factory.config.DependencyDescriptor.resolveCandidate(DependencyDescriptor.java:276) ~[spring-beans-5.3.23.jar:5.3.23]
	at org.springframework.beans.factory.support.DefaultListableBeanFactory.doResolveDependency(DefaultListableBeanFactory.java:1391) ~[spring-beans-5.3.23.jar:5.3.23]
	at org.springframework.beans.factory.support.DefaultListableBeanFactory.resolveDependency(DefaultListableBeanFactory.java:1311) ~[spring-beans-5.3.23.jar:5.3.23]
	at org.springframework.beans.factory.annotation.AutowiredAnnotationBeanPostProcessor$AutowiredFieldElement.resolveFieldValue(AutowiredAnnotationBeanPostProcessor.java:656) ~[spring-beans-5.3.23.jar:5.3.23]
	at org.springframework.beans.factory.annotation.AutowiredAnnotationBeanPostProcessor$AutowiredFieldElement.inject(AutowiredAnnotationBeanPostProcessor.java:639) ~[spring-beans-5.3.23.jar:5.3.23]
	at org.springframework.beans.factory.annotation.InjectionMetadata.inject(InjectionMetadata.java:119) ~[spring-beans-5.3.23.jar:5.3.23]
	at org.springframework.beans.factory.annotation.AutowiredAnnotationBeanPostProcessor.postProcessProperties(AutowiredAnnotationBeanPostProcessor.java:399) ~[spring-beans-5.3.23.jar:5.3.23]
	at org.springframework.beans.factory.support.AbstractAutowireCapableBeanFactory.populateBean(AbstractAutowireCapableBeanFactory.java:1431) ~[spring-beans-5.3.23.jar:5.3.23]
	at org.springframework.beans.factory.support.AbstractAutowireCapableBeanFactory.doCreateBean(AbstractAutowireCapableBeanFactory.java:619) ~[spring-beans-5.3.23.jar:5.3.23]
	at org.springframework.beans.factory.support.AbstractAutowireCapableBeanFactory.createBean(AbstractAutowireCapableBeanFactory.java:542) ~[spring-beans-5.3.23.jar:5.3.23]
	at org.springframework.beans.factory.support.AbstractBeanFactory.lambda$doGetBean$0(AbstractBeanFactory.java:335) ~[spring-beans-5.3.23.jar:5.3.23]
	at org.springframework.beans.factory.support.DefaultSingletonBeanRegistry.getSingleton(DefaultSingletonBeanRegistry.java:234) ~[spring-beans-5.3.23.jar:5.3.23]
	at org.springframework.beans.factory.support.AbstractBeanFactory.doGetBean(AbstractBeanFactory.java:333) ~[spring-beans-5.3.23.jar:5.3.23]
	at org.springframework.beans.factory.support.AbstractBeanFactory.getBean(AbstractBeanFactory.java:208) ~[spring-beans-5.3.23.jar:5.3.23]
	at org.springframework.beans.factory.support.DefaultListableBeanFactory.preInstantiateSingletons(DefaultListableBeanFactory.java:955) ~[spring-beans-5.3.23.jar:5.3.23]
	at org.springframework.context.support.AbstractApplicationContext.finishBeanFactoryInitialization(AbstractApplicationContext.java:918) ~[spring-context-5.3.23.jar:5.3.23]
	at org.springframework.context.support.AbstractApplicationContext.refresh(AbstractApplicationContext.java:583) ~[spring-context-5.3.23.jar:5.3.23]
	at org.springframework.boot.web.servlet.context.ServletWebServerApplicationContext.refresh(ServletWebServerApplicationContext.java:145) ~[spring-boot-2.6.13.jar:2.6.13]
	at org.springframework.boot.SpringApplication.refresh(SpringApplication.java:745) ~[spring-boot-2.6.13.jar:2.6.13]
	at org.springframework.boot.SpringApplication.refreshContext(SpringApplication.java:420) ~[spring-boot-2.6.13.jar:2.6.13]
	at org.springframework.boot.SpringApplication.run(SpringApplication.java:307) ~[spring-boot-2.6.13.jar:2.6.13]
	at org.springframework.boot.SpringApplication.run(SpringApplication.java:1317) ~[spring-boot-2.6.13.jar:2.6.13]
	at org.springframework.boot.SpringApplication.run(SpringApplication.java:1306) ~[spring-boot-2.6.13.jar:2.6.13]
	at com.example.demo.DemoApplication.main(DemoApplication.java:16) ~[classes/:na]
	at java.base/jdk.internal.reflect.NativeMethodAccessorImpl.invoke0(Native Method) ~[na:na]
	at java.base/jdk.internal.reflect.NativeMethodAccessorImpl.invoke(NativeMethodAccessorImpl.java:77) ~[na:na]
	at java.base/jdk.internal.reflect.DelegatingMethodAccessorImpl.invoke(DelegatingMethodAccessorImpl.java:43) ~[na:na]
	at java.base/java.lang.reflect.Method.invoke(Method.java:568) ~[na:na]
	at org.springframework.boot.devtools.restart.RestartLauncher.run(RestartLauncher.java:49) ~[spring-boot-devtools-2.6.13.jar:2.6.13]
Caused by: com.mysql.cj.exceptions.UnableToConnectException: Public Key Retrieval is not allowed
	at java.base/jdk.internal.reflect.NativeConstructorAccessorImpl.newInstance0(Native Method) ~[na:na]
	at java.base/jdk.internal.reflect.NativeConstructorAccessorImpl.newInstance(NativeConstructorAccessorImpl.java:77) ~[na:na]
	at java.base/jdk.internal.reflect.DelegatingConstructorAccessorImpl.newInstance(DelegatingConstructorAccessorImpl.java:45) ~[na:na]
	at java.base/java.lang.reflect.Constructor.newInstanceWithCaller(Constructor.java:499) ~[na:na]
	at java.base/java.lang.reflect.Constructor.newInstance(Constructor.java:480) ~[na:na]
	at com.mysql.cj.exceptions.ExceptionFactory.createException(ExceptionFactory.java:61) ~[mysql-connector-j-8.0.31.jar:8.0.31]
	at com.mysql.cj.exceptions.ExceptionFactory.createException(ExceptionFactory.java:85) ~[mysql-connector-j-8.0.31.jar:8.0.31]
	at com.mysql.cj.protocol.a.authentication.CachingSha2PasswordPlugin.nextAuthenticationStep(CachingSha2PasswordPlugin.java:130) ~[mysql-connector-j-8.0.31.jar:8.0.31]
	at com.mysql.cj.protocol.a.authentication.CachingSha2PasswordPlugin.nextAuthenticationStep(CachingSha2PasswordPlugin.java:49) ~[mysql-connector-j-8.0.31.jar:8.0.31]
	at com.mysql.cj.protocol.a.NativeAuthenticationProvider.proceedHandshakeWithPluggableAuthentication(NativeAuthenticationProvider.java:447) ~[mysql-connector-j-8.0.31.jar:8.0.31]
	at com.mysql.cj.protocol.a.NativeAuthenticationProvider.connect(NativeAuthenticationProvider.java:212) ~[mysql-connector-j-8.0.31.jar:8.0.31]
	at com.mysql.cj.protocol.a.NativeProtocol.connect(NativeProtocol.java:1433) ~[mysql-connector-j-8.0.31.jar:8.0.31]
	at com.mysql.cj.NativeSession.connect(NativeSession.java:133) ~[mysql-connector-j-8.0.31.jar:8.0.31]
	at com.mysql.cj.jdbc.ConnectionImpl.connectOneTryOnly(ConnectionImpl.java:948) ~[mysql-connector-j-8.0.31.jar:8.0.31]
	at com.mysql.cj.jdbc.ConnectionImpl.createNewIO(ConnectionImpl.java:818) ~[mysql-connector-j-8.0.31.jar:8.0.31]
	... 87 common frames omitted

2025-08-06 16:12:04.800  INFO 15792 --- [restartedMain] com.alibaba.druid.pool.DruidDataSource   : {dataSource-1} inited
2025-08-06 16:12:04.802  WARN 15792 --- [restartedMain] ConfigServletWebServerApplicationContext : Exception encountered during context initialization - cancelling refresh attempt: org.springframework.beans.factory.UnsatisfiedDependencyException: Error creating bean with name 'pathVariableController': Unsatisfied dependency expressed through field 'sever'; nested exception is org.springframework.beans.factory.UnsatisfiedDependencyException: Error creating bean with name 'sever': Unsatisfied dependency expressed through field 'data'; nested exception is org.springframework.beans.factory.UnsatisfiedDependencyException: Error creating bean with name 'data' defined in file [D:\IDEAJAVA\origin\target\classes\com\example\demo\mapper\data.class]: Unsatisfied dependency expressed through bean property 'sqlSessionFactory'; nested exception is org.springframework.beans.factory.UnsatisfiedDependencyException: Error creating bean with name 'sqlSessionFactory' defined in class path resource [com/baomidou/mybatisplus/autoconfigure/MybatisPlusAutoConfiguration.class]: Unsatisfied dependency expressed through method 'sqlSessionFactory' parameter 0; nested exception is org.springframework.beans.factory.BeanCreationException: Error creating bean with name 'dataSource' defined in class path resource [com/alibaba/druid/spring/boot/autoconfigure/DruidDataSourceAutoConfigure.class]: Invocation of init method failed; nested exception is java.sql.SQLNonTransientConnectionException: Public Key Retrieval is not allowed
2025-08-06 16:12:04.804 ERROR 15792 --- [Druid-ConnectionPool-Create-241024037] com.alibaba.druid.pool.DruidDataSource   : create connection SQLException, url: jdbc:mysql://localhost:3306/db1?useSSL=false&serverTimezone=UTC, errorCode 0, state 08001

java.sql.SQLNonTransientConnectionException: Public Key Retrieval is not allowed
	at com.mysql.cj.jdbc.exceptions.SQLError.createSQLException(SQLError.java:110) ~[mysql-connector-j-8.0.31.jar:8.0.31]
	at com.mysql.cj.jdbc.exceptions.SQLExceptionsMapping.translateException(SQLExceptionsMapping.java:122) ~[mysql-connector-j-8.0.31.jar:8.0.31]
	at com.mysql.cj.jdbc.ConnectionImpl.createNewIO(ConnectionImpl.java:828) ~[mysql-connector-j-8.0.31.jar:8.0.31]
	at com.mysql.cj.jdbc.ConnectionImpl.<init>(ConnectionImpl.java:448) ~[mysql-connector-j-8.0.31.jar:8.0.31]
	at com.mysql.cj.jdbc.ConnectionImpl.getInstance(ConnectionImpl.java:241) ~[mysql-connector-j-8.0.31.jar:8.0.31]
	at com.mysql.cj.jdbc.NonRegisteringDriver.connect(NonRegisteringDriver.java:198) ~[mysql-connector-j-8.0.31.jar:8.0.31]
	at com.alibaba.druid.pool.DruidAbstractDataSource.createPhysicalConnection(DruidAbstractDataSource.java:1644) ~[druid-1.1.22.jar:1.1.22]
	at com.alibaba.druid.pool.DruidAbstractDataSource.createPhysicalConnection(DruidAbstractDataSource.java:1710) ~[druid-1.1.22.jar:1.1.22]
	at com.alibaba.druid.pool.DruidDataSource$CreateConnectionThread.run(DruidDataSource.java:2779) ~[druid-1.1.22.jar:1.1.22]
Caused by: com.mysql.cj.exceptions.UnableToConnectException: Public Key Retrieval is not allowed
	at java.base/jdk.internal.reflect.NativeConstructorAccessorImpl.newInstance0(Native Method) ~[na:na]
	at java.base/jdk.internal.reflect.NativeConstructorAccessorImpl.newInstance(NativeConstructorAccessorImpl.java:77) ~[na:na]
	at java.base/jdk.internal.reflect.DelegatingConstructorAccessorImpl.newInstance(DelegatingConstructorAccessorImpl.java:45) ~[na:na]
	at java.base/java.lang.reflect.Constructor.newInstanceWithCaller(Constructor.java:499) ~[na:na]
	at java.base/java.lang.reflect.Constructor.newInstance(Constructor.java:480) ~[na:na]
	at com.mysql.cj.exceptions.ExceptionFactory.createException(ExceptionFactory.java:61) ~[mysql-connector-j-8.0.31.jar:8.0.31]
	at com.mysql.cj.exceptions.ExceptionFactory.createException(ExceptionFactory.java:85) ~[mysql-connector-j-8.0.31.jar:8.0.31]
	at com.mysql.cj.protocol.a.authentication.CachingSha2PasswordPlugin.nextAuthenticationStep(CachingSha2PasswordPlugin.java:130) ~[mysql-connector-j-8.0.31.jar:8.0.31]
	at com.mysql.cj.protocol.a.authentication.CachingSha2PasswordPlugin.nextAuthenticationStep(CachingSha2PasswordPlugin.java:49) ~[mysql-connector-j-8.0.31.jar:8.0.31]
	at com.mysql.cj.protocol.a.NativeAuthenticationProvider.proceedHandshakeWithPluggableAuthentication(NativeAuthenticationProvider.java:447) ~[mysql-connector-j-8.0.31.jar:8.0.31]
	at com.mysql.cj.protocol.a.NativeAuthenticationProvider.connect(NativeAuthenticationProvider.java:212) ~[mysql-connector-j-8.0.31.jar:8.0.31]
	at com.mysql.cj.protocol.a.NativeProtocol.connect(NativeProtocol.java:1433) ~[mysql-connector-j-8.0.31.jar:8.0.31]
	at com.mysql.cj.NativeSession.connect(NativeSession.java:133) ~[mysql-connector-j-8.0.31.jar:8.0.31]
	at com.mysql.cj.jdbc.ConnectionImpl.connectOneTryOnly(ConnectionImpl.java:948) ~[mysql-connector-j-8.0.31.jar:8.0.31]
	at com.mysql.cj.jdbc.ConnectionImpl.createNewIO(ConnectionImpl.java:818) ~[mysql-connector-j-8.0.31.jar:8.0.31]
	... 6 common frames omitted

2025-08-06 16:12:04.805 DEBUG 15792 --- [restartedMain] org.eclipse.jetty.server.Server          : doStop Server@3c0afb2f{STOPPING}[9.4.49.v20220914]
2025-08-06 16:12:04.805 DEBUG 15792 --- [restartedMain] o.e.j.server.handler.AbstractHandler     : stopping Server@3c0afb2f{STOPPING}[9.4.49.v20220914]
2025-08-06 16:12:04.806  INFO 15792 --- [restartedMain] org.eclipse.jetty.server.session         : node0 Stopped scavenging
2025-08-06 16:12:04.806 DEBUG 15792 --- [restartedMain] o.e.j.server.handler.AbstractHandler     : stopping ErrorHandler@70ff1705{STOPPING}
2025-08-06 16:12:04.806 DEBUG 15792 --- [restartedMain] o.e.j.server.handler.AbstractHandler     : stopping o.s.b.w.e.j.JettyEmbeddedWebAppContext@2df6137c{application,/,[file:///C:/Users/31006/AppData/Local/Temp/jetty-docbase.8080.776332476964233628/],STOPPED}
2025-08-06 16:12:04.806 DEBUG 15792 --- [restartedMain] o.e.j.server.handler.AbstractHandler     : stopping JettyEmbeddedErrorHandler@6629347c{STOPPING}
2025-08-06 16:12:04.806 ERROR 15792 --- [Druid-ConnectionPool-Create-241024037] com.alibaba.druid.pool.DruidDataSource   : create connection SQLException, url: jdbc:mysql://localhost:3306/db1?useSSL=false&serverTimezone=UTC, errorCode 0, state 08001

java.sql.SQLNonTransientConnectionException: Public Key Retrieval is not allowed
	at com.mysql.cj.jdbc.exceptions.SQLError.createSQLException(SQLError.java:110) ~[mysql-connector-j-8.0.31.jar:8.0.31]
	at com.mysql.cj.jdbc.exceptions.SQLExceptionsMapping.translateException(SQLExceptionsMapping.java:122) ~[mysql-connector-j-8.0.31.jar:8.0.31]
	at com.mysql.cj.jdbc.ConnectionImpl.createNewIO(ConnectionImpl.java:828) ~[mysql-connector-j-8.0.31.jar:8.0.31]
	at com.mysql.cj.jdbc.ConnectionImpl.<init>(ConnectionImpl.java:448) ~[mysql-connector-j-8.0.31.jar:8.0.31]
	at com.mysql.cj.jdbc.ConnectionImpl.getInstance(ConnectionImpl.java:241) ~[mysql-connector-j-8.0.31.jar:8.0.31]
	at com.mysql.cj.jdbc.NonRegisteringDriver.connect(NonRegisteringDriver.java:198) ~[mysql-connector-j-8.0.31.jar:8.0.31]
	at com.alibaba.druid.pool.DruidAbstractDataSource.createPhysicalConnection(DruidAbstractDataSource.java:1644) ~[druid-1.1.22.jar:1.1.22]
	at com.alibaba.druid.pool.DruidAbstractDataSource.createPhysicalConnection(DruidAbstractDataSource.java:1710) ~[druid-1.1.22.jar:1.1.22]
	at com.alibaba.druid.pool.DruidDataSource$CreateConnectionThread.run(DruidDataSource.java:2779) ~[druid-1.1.22.jar:1.1.22]
Caused by: com.mysql.cj.exceptions.UnableToConnectException: Public Key Retrieval is not allowed
	at java.base/jdk.internal.reflect.NativeConstructorAccessorImpl.newInstance0(Native Method) ~[na:na]
	at java.base/jdk.internal.reflect.NativeConstructorAccessorImpl.newInstance(NativeConstructorAccessorImpl.java:77) ~[na:na]
	at java.base/jdk.internal.reflect.DelegatingConstructorAccessorImpl.newInstance(DelegatingConstructorAccessorImpl.java:45) ~[na:na]
	at java.base/java.lang.reflect.Constructor.newInstanceWithCaller(Constructor.java:499) ~[na:na]
	at java.base/java.lang.reflect.Constructor.newInstance(Constructor.java:480) ~[na:na]
	at com.mysql.cj.exceptions.ExceptionFactory.createException(ExceptionFactory.java:61) ~[mysql-connector-j-8.0.31.jar:8.0.31]
	at com.mysql.cj.exceptions.ExceptionFactory.createException(ExceptionFactory.java:85) ~[mysql-connector-j-8.0.31.jar:8.0.31]
	at com.mysql.cj.protocol.a.authentication.CachingSha2PasswordPlugin.nextAuthenticationStep(CachingSha2PasswordPlugin.java:130) ~[mysql-connector-j-8.0.31.jar:8.0.31]
	at com.mysql.cj.protocol.a.authentication.CachingSha2PasswordPlugin.nextAuthenticationStep(CachingSha2PasswordPlugin.java:49) ~[mysql-connector-j-8.0.31.jar:8.0.31]
	at com.mysql.cj.protocol.a.NativeAuthenticationProvider.proceedHandshakeWithPluggableAuthentication(NativeAuthenticationProvider.java:447) ~[mysql-connector-j-8.0.31.jar:8.0.31]
	at com.mysql.cj.protocol.a.NativeAuthenticationProvider.connect(NativeAuthenticationProvider.java:212) ~[mysql-connector-j-8.0.31.jar:8.0.31]
	at com.mysql.cj.protocol.a.NativeProtocol.connect(NativeProtocol.java:1433) ~[mysql-connector-j-8.0.31.jar:8.0.31]
	at com.mysql.cj.NativeSession.connect(NativeSession.java:133) ~[mysql-connector-j-8.0.31.jar:8.0.31]
	at com.mysql.cj.jdbc.ConnectionImpl.connectOneTryOnly(ConnectionImpl.java:948) ~[mysql-connector-j-8.0.31.jar:8.0.31]
	at com.mysql.cj.jdbc.ConnectionImpl.createNewIO(ConnectionImpl.java:818) ~[mysql-connector-j-8.0.31.jar:8.0.31]
	... 6 common frames omitted

2025-08-06 16:12:04.806 DEBUG 15792 --- [restartedMain] org.eclipse.jetty.server.session         : Shutdown sessions, invalidating = false
2025-08-06 16:12:04.807  INFO 15792 --- [Druid-ConnectionPool-Create-241024037] c.a.druid.pool.DruidAbstractDataSource   : {dataSource-1} failContinuous is true
