2025-08-06 16:12:30.269 DEBUG 23844 --- [restartedMain] o.e.j.util.component.ContainerLifeCycle  : SelectorManager@ServerConnector@467b245f{HTTP/1.1, (http/1.1)}{0.0.0.0:8080} added {ManagedSelector@1ddfbffd{STOPPED} id=2 keys=-1 selected=-1 updates=0,AUTO}
2025-08-06 16:12:30.270 DEBUG 23844 --- [restartedMain] o.e.j.util.component.ContainerLifeCycle  : EatWhatYouKill@7163332b/SelectorProducer@19e99481/IDLE/p=false/QueuedThreadPool[qtp766069067]@2da9494b{STARTED,8<=8<=200,i=8,r=-1,q=0}[ReservedThreadExecutor@24148cc1{reserved=0/12,pending=0}][pc=0,pic=0,pec=0,epc=0]@2025-08-06T16:12:30.2705015+08:00 added {SelectorProducer@19e99481,POJO}
2025-08-06 16:12:30.270 DEBUG 23844 --- [restartedMain] o.e.j.util.component.ContainerLifeCycle  : EatWhatYouKill@7163332b/SelectorProducer@19e99481/IDLE/p=false/QueuedThreadPool[qtp766069067]@2da9494b{STARTED,8<=8<=200,i=8,r=-1,q=0}[ReservedThreadExecutor@24148cc1{reserved=0/12,pending=0}][pc=0,pic=0,pec=0,epc=0]@2025-08-06T16:12:30.2705015+08:00 added {QueuedThreadPool[qtp766069067]@2da9494b{STARTED,8<=8<=200,i=8,r=-1,q=0}[ReservedThreadExecutor@24148cc1{reserved=0/12,pending=0}],UNMANAGED}
2025-08-06 16:12:30.270 DEBUG 23844 --- [restartedMain] o.e.j.u.thread.strategy.EatWhatYouKill   : EatWhatYouKill@7163332b/SelectorProducer@19e99481/IDLE/p=false/QueuedThreadPool[qtp766069067]@2da9494b{STARTED,8<=8<=200,i=8,r=-1,q=0}[ReservedThreadExecutor@24148cc1{reserved=0/12,pending=0}][pc=0,pic=0,pec=0,epc=0]@2025-08-06T16:12:30.2705015+08:00 created
2025-08-06 16:12:30.270 DEBUG 23844 --- [restartedMain] o.e.j.util.component.ContainerLifeCycle  : ManagedSelector@38fd2e1e{STOPPED} id=3 keys=-1 selected=-1 updates=0 added {EatWhatYouKill@7163332b/SelectorProducer@19e99481/IDLE/p=false/QueuedThreadPool[qtp766069067]@2da9494b{STARTED,8<=8<=200,i=8,r=-1,q=0}[ReservedThreadExecutor@24148cc1{reserved=0/12,pending=0}][pc=0,pic=0,pec=0,epc=0]@2025-08-06T16:12:30.2705015+08:00,MANAGED}
2025-08-06 16:12:30.271 DEBUG 23844 --- [restartedMain] o.e.j.util.component.ContainerLifeCycle  : SelectorManager@ServerConnector@467b245f{HTTP/1.1, (http/1.1)}{0.0.0.0:8080} added {ManagedSelector@38fd2e1e{STOPPED} id=3 keys=-1 selected=-1 updates=0,AUTO}
2025-08-06 16:12:30.271 DEBUG 23844 --- [restartedMain] o.e.j.util.component.ContainerLifeCycle  : EatWhatYouKill@583d4eab/SelectorProducer@302fd4ec/IDLE/p=false/QueuedThreadPool[qtp766069067]@2da9494b{STARTED,8<=8<=200,i=8,r=-1,q=0}[ReservedThreadExecutor@24148cc1{reserved=0/12,pending=0}][pc=0,pic=0,pec=0,epc=0]@2025-08-06T16:12:30.271499+08:00 added {SelectorProducer@302fd4ec,POJO}
2025-08-06 16:12:30.271 DEBUG 23844 --- [restartedMain] o.e.j.util.component.ContainerLifeCycle  : EatWhatYouKill@583d4eab/SelectorProducer@302fd4ec/IDLE/p=false/QueuedThreadPool[qtp766069067]@2da9494b{STARTED,8<=8<=200,i=8,r=-1,q=0}[ReservedThreadExecutor@24148cc1{reserved=0/12,pending=0}][pc=0,pic=0,pec=0,epc=0]@2025-08-06T16:12:30.271499+08:00 added {QueuedThreadPool[qtp766069067]@2da9494b{STARTED,8<=8<=200,i=8,r=-1,q=0}[ReservedThreadExecutor@24148cc1{reserved=0/12,pending=0}],UNMANAGED}
2025-08-06 16:12:30.271 DEBUG 23844 --- [restartedMain] o.e.j.u.thread.strategy.EatWhatYouKill   : EatWhatYouKill@583d4eab/SelectorProducer@302fd4ec/IDLE/p=false/QueuedThreadPool[qtp766069067]@2da9494b{STARTED,8<=8<=200,i=8,r=-1,q=0}[ReservedThreadExecutor@24148cc1{reserved=0/12,pending=0}][pc=0,pic=0,pec=0,epc=0]@2025-08-06T16:12:30.271499+08:00 created
2025-08-06 16:12:30.271 DEBUG 23844 --- [restartedMain] o.e.j.util.component.ContainerLifeCycle  : ManagedSelector@65b713f4{STOPPED} id=4 keys=-1 selected=-1 updates=0 added {EatWhatYouKill@583d4eab/SelectorProducer@302fd4ec/IDLE/p=false/QueuedThreadPool[qtp766069067]@2da9494b{STARTED,8<=8<=200,i=8,r=-1,q=0}[ReservedThreadExecutor@24148cc1{reserved=0/12,pending=0}][pc=0,pic=0,pec=0,epc=0]@2025-08-06T16:12:30.271499+08:00,MANAGED}
2025-08-06 16:12:30.271 DEBUG 23844 --- [restartedMain] o.e.j.util.component.ContainerLifeCycle  : SelectorManager@ServerConnector@467b245f{HTTP/1.1, (http/1.1)}{0.0.0.0:8080} added {ManagedSelector@65b713f4{STOPPED} id=4 keys=-1 selected=-1 updates=0,AUTO}
2025-08-06 16:12:30.271 DEBUG 23844 --- [restartedMain] o.e.j.util.component.ContainerLifeCycle  : EatWhatYouKill@346b4c82/SelectorProducer@69114b2/IDLE/p=false/QueuedThreadPool[qtp766069067]@2da9494b{STARTED,8<=8<=200,i=8,r=-1,q=0}[ReservedThreadExecutor@24148cc1{reserved=0/12,pending=0}][pc=0,pic=0,pec=0,epc=0]@2025-08-06T16:12:30.271499+08:00 added {SelectorProducer@69114b2,POJO}
2025-08-06 16:12:30.271 DEBUG 23844 --- [restartedMain] o.e.j.util.component.ContainerLifeCycle  : EatWhatYouKill@346b4c82/SelectorProducer@69114b2/IDLE/p=false/QueuedThreadPool[qtp766069067]@2da9494b{STARTED,8<=8<=200,i=8,r=-1,q=0}[ReservedThreadExecutor@24148cc1{reserved=0/12,pending=0}][pc=0,pic=0,pec=0,epc=0]@2025-08-06T16:12:30.271499+08:00 added {QueuedThreadPool[qtp766069067]@2da9494b{STARTED,8<=8<=200,i=8,r=-1,q=0}[ReservedThreadExecutor@24148cc1{reserved=0/12,pending=0}],UNMANAGED}
2025-08-06 16:12:30.271 DEBUG 23844 --- [restartedMain] o.e.j.u.thread.strategy.EatWhatYouKill   : EatWhatYouKill@346b4c82/SelectorProducer@69114b2/IDLE/p=false/QueuedThreadPool[qtp766069067]@2da9494b{STARTED,8<=8<=200,i=8,r=-1,q=0}[ReservedThreadExecutor@24148cc1{reserved=0/12,pending=0}][pc=0,pic=0,pec=0,epc=0]@2025-08-06T16:12:30.271499+08:00 created
2025-08-06 16:12:30.272 DEBUG 23844 --- [restartedMain] o.e.j.util.component.ContainerLifeCycle  : ManagedSelector@48d73838{STOPPED} id=5 keys=-1 selected=-1 updates=0 added {EatWhatYouKill@346b4c82/SelectorProducer@69114b2/IDLE/p=false/QueuedThreadPool[qtp766069067]@2da9494b{STARTED,8<=8<=200,i=8,r=-1,q=0}[ReservedThreadExecutor@24148cc1{reserved=0/12,pending=0}][pc=0,pic=0,pec=0,epc=0]@2025-08-06T16:12:30.2724964+08:00,MANAGED}
2025-08-06 16:12:30.272 DEBUG 23844 --- [restartedMain] o.e.j.util.component.ContainerLifeCycle  : SelectorManager@ServerConnector@467b245f{HTTP/1.1, (http/1.1)}{0.0.0.0:8080} added {ManagedSelector@48d73838{STOPPED} id=5 keys=-1 selected=-1 updates=0,AUTO}
2025-08-06 16:12:30.279 DEBUG 23844 --- [restartedMain] o.e.jetty.util.thread.QueuedThreadPool   : queue org.eclipse.jetty.io.ManagedSelector$$Lambda$906/0x0000015c0c627698@63040 startThread=0
2025-08-06 16:12:30.279 DEBUG 23844 --- [qtp766069067-34] o.e.jetty.util.thread.QueuedThreadPool   : run org.eclipse.jetty.io.ManagedSelector$$Lambda$906/0x0000015c0c627698@63040 in QueuedThreadPool[qtp766069067]@2da9494b{STARTED,8<=8<=200,i=7,r=-1,q=0}[ReservedThreadExecutor@24148cc1{reserved=0/12,pending=0}]
2025-08-06 16:12:30.279 DEBUG 23844 --- [qtp766069067-34] o.e.j.u.thread.strategy.EatWhatYouKill   : EatWhatYouKill@34269cd8/SelectorProducer@d475e80/IDLE/p=false/QueuedThreadPool[qtp766069067]@2da9494b{STARTED,8<=8<=200,i=7,r=-1,q=0}[ReservedThreadExecutor@24148cc1{reserved=0/12,pending=0}][pc=0,pic=0,pec=0,epc=0]@2025-08-06T16:12:30.2794773+08:00 tryProduce false
2025-08-06 16:12:30.279 DEBUG 23844 --- [restartedMain] org.eclipse.jetty.io.ManagedSelector     : Queued change lazy=false org.eclipse.jetty.io.ManagedSelector$Start@246b1fc8 on ManagedSelector@59ea561c{STARTING} id=0 keys=0 selected=0 updates=0
2025-08-06 16:12:30.280 DEBUG 23844 --- [qtp766069067-34] org.eclipse.jetty.io.ManagedSelector     : updateable 1
2025-08-06 16:12:30.280 DEBUG 23844 --- [qtp766069067-34] org.eclipse.jetty.io.ManagedSelector     : update org.eclipse.jetty.io.ManagedSelector$Start@246b1fc8
2025-08-06 16:12:30.280 DEBUG 23844 --- [qtp766069067-34] org.eclipse.jetty.io.ManagedSelector     : updates 0
2025-08-06 16:12:30.280 DEBUG 23844 --- [qtp766069067-34] org.eclipse.jetty.io.ManagedSelector     : Selector sun.nio.ch.WEPollSelectorImpl@54d1eb23 waiting with 0 keys
2025-08-06 16:12:30.281 DEBUG 23844 --- [restartedMain] o.e.jetty.util.thread.QueuedThreadPool   : queue org.eclipse.jetty.io.ManagedSelector$$Lambda$906/0x0000015c0c627698@3aec22a0 startThread=0
2025-08-06 16:12:30.281 DEBUG 23844 --- [qtp766069067-33] o.e.jetty.util.thread.QueuedThreadPool   : run org.eclipse.jetty.io.ManagedSelector$$Lambda$906/0x0000015c0c627698@3aec22a0 in QueuedThreadPool[qtp766069067]@2da9494b{STARTED,8<=8<=200,i=6,r=-1,q=0}[ReservedThreadExecutor@24148cc1{reserved=0/12,pending=0}]
2025-08-06 16:12:30.281 DEBUG 23844 --- [restartedMain] org.eclipse.jetty.io.ManagedSelector     : Queued change lazy=false org.eclipse.jetty.io.ManagedSelector$Start@651c6a7c on ManagedSelector@62d4fb2{STARTING} id=1 keys=0 selected=0 updates=0
2025-08-06 16:12:30.281 DEBUG 23844 --- [qtp766069067-33] o.e.j.u.thread.strategy.EatWhatYouKill   : EatWhatYouKill@592ac1a5/SelectorProducer@6e2e275e/IDLE/p=false/QueuedThreadPool[qtp766069067]@2da9494b{STARTED,8<=8<=200,i=6,r=-1,q=0}[ReservedThreadExecutor@24148cc1{reserved=0/12,pending=0}][pc=0,pic=0,pec=0,epc=0]@2025-08-06T16:12:30.2814726+08:00 tryProduce false
2025-08-06 16:12:30.281 DEBUG 23844 --- [qtp766069067-33] org.eclipse.jetty.io.ManagedSelector     : updateable 1
2025-08-06 16:12:30.281 DEBUG 23844 --- [qtp766069067-33] org.eclipse.jetty.io.ManagedSelector     : update org.eclipse.jetty.io.ManagedSelector$Start@651c6a7c
2025-08-06 16:12:30.281 DEBUG 23844 --- [qtp766069067-33] org.eclipse.jetty.io.ManagedSelector     : updates 0
2025-08-06 16:12:30.281 DEBUG 23844 --- [qtp766069067-33] org.eclipse.jetty.io.ManagedSelector     : Selector sun.nio.ch.WEPollSelectorImpl@67f8fed6 waiting with 0 keys
2025-08-06 16:12:30.282 DEBUG 23844 --- [restartedMain] o.e.jetty.util.thread.QueuedThreadPool   : queue org.eclipse.jetty.io.ManagedSelector$$Lambda$906/0x0000015c0c627698@265e5ce8 startThread=0
2025-08-06 16:12:30.282 DEBUG 23844 --- [qtp766069067-35] o.e.jetty.util.thread.QueuedThreadPool   : run org.eclipse.jetty.io.ManagedSelector$$Lambda$906/0x0000015c0c627698@265e5ce8 in QueuedThreadPool[qtp766069067]@2da9494b{STARTED,8<=8<=200,i=5,r=-1,q=0}[ReservedThreadExecutor@24148cc1{reserved=0/12,pending=0}]
2025-08-06 16:12:30.282 DEBUG 23844 --- [restartedMain] org.eclipse.jetty.io.ManagedSelector     : Queued change lazy=false org.eclipse.jetty.io.ManagedSelector$Start@5a3792b4 on ManagedSelector@1ddfbffd{STARTING} id=2 keys=0 selected=0 updates=0
2025-08-06 16:12:30.283 DEBUG 23844 --- [qtp766069067-35] o.e.j.u.thread.strategy.EatWhatYouKill   : EatWhatYouKill@d7cb3dd/SelectorProducer@2546c3e/IDLE/p=false/QueuedThreadPool[qtp766069067]@2da9494b{STARTED,8<=8<=200,i=5,r=-1,q=0}[ReservedThreadExecutor@24148cc1{reserved=0/12,pending=0}][pc=0,pic=0,pec=0,epc=0]@2025-08-06T16:12:30.28247+08:00 tryProduce false
2025-08-06 16:12:30.283 DEBUG 23844 --- [qtp766069067-35] org.eclipse.jetty.io.ManagedSelector     : updateable 1
2025-08-06 16:12:30.283 DEBUG 23844 --- [qtp766069067-35] org.eclipse.jetty.io.ManagedSelector     : update org.eclipse.jetty.io.ManagedSelector$Start@5a3792b4
2025-08-06 16:12:30.283 DEBUG 23844 --- [qtp766069067-35] org.eclipse.jetty.io.ManagedSelector     : updates 0
2025-08-06 16:12:30.283 DEBUG 23844 --- [qtp766069067-35] org.eclipse.jetty.io.ManagedSelector     : Selector sun.nio.ch.WEPollSelectorImpl@36d1356 waiting with 0 keys
2025-08-06 16:12:30.284 DEBUG 23844 --- [restartedMain] o.e.jetty.util.thread.QueuedThreadPool   : queue org.eclipse.jetty.io.ManagedSelector$$Lambda$906/0x0000015c0c627698@1955270 startThread=0
2025-08-06 16:12:30.284 DEBUG 23844 --- [qtp766069067-36] o.e.jetty.util.thread.QueuedThreadPool   : run org.eclipse.jetty.io.ManagedSelector$$Lambda$906/0x0000015c0c627698@1955270 in QueuedThreadPool[qtp766069067]@2da9494b{STARTED,8<=8<=200,i=4,r=-1,q=0}[ReservedThreadExecutor@24148cc1{reserved=0/12,pending=0}]
2025-08-06 16:12:30.284 DEBUG 23844 --- [restartedMain] org.eclipse.jetty.io.ManagedSelector     : Queued change lazy=false org.eclipse.jetty.io.ManagedSelector$Start@75c87b4 on ManagedSelector@38fd2e1e{STARTING} id=3 keys=0 selected=0 updates=0
2025-08-06 16:12:30.284 DEBUG 23844 --- [qtp766069067-36] o.e.j.u.thread.strategy.EatWhatYouKill   : EatWhatYouKill@7163332b/SelectorProducer@19e99481/IDLE/p=false/QueuedThreadPool[qtp766069067]@2da9494b{STARTED,8<=8<=200,i=4,r=-1,q=0}[ReservedThreadExecutor@24148cc1{reserved=0/12,pending=0}][pc=0,pic=0,pec=0,epc=0]@2025-08-06T16:12:30.2844645+08:00 tryProduce false
2025-08-06 16:12:30.284 DEBUG 23844 --- [qtp766069067-36] org.eclipse.jetty.io.ManagedSelector     : updateable 1
2025-08-06 16:12:30.284 DEBUG 23844 --- [qtp766069067-36] org.eclipse.jetty.io.ManagedSelector     : update org.eclipse.jetty.io.ManagedSelector$Start@75c87b4
2025-08-06 16:12:30.284 DEBUG 23844 --- [qtp766069067-36] org.eclipse.jetty.io.ManagedSelector     : updates 0
2025-08-06 16:12:30.284 DEBUG 23844 --- [qtp766069067-36] org.eclipse.jetty.io.ManagedSelector     : Selector sun.nio.ch.WEPollSelectorImpl@53893a0f waiting with 0 keys
2025-08-06 16:12:30.285 DEBUG 23844 --- [restartedMain] o.e.jetty.util.thread.QueuedThreadPool   : queue org.eclipse.jetty.io.ManagedSelector$$Lambda$906/0x0000015c0c627698@533122ab startThread=0
2025-08-06 16:12:30.285 DEBUG 23844 --- [qtp766069067-37] o.e.jetty.util.thread.QueuedThreadPool   : run org.eclipse.jetty.io.ManagedSelector$$Lambda$906/0x0000015c0c627698@533122ab in QueuedThreadPool[qtp766069067]@2da9494b{STARTED,8<=8<=200,i=3,r=-1,q=0}[ReservedThreadExecutor@24148cc1{reserved=0/12,pending=0}]
2025-08-06 16:12:30.285 DEBUG 23844 --- [restartedMain] org.eclipse.jetty.io.ManagedSelector     : Queued change lazy=false org.eclipse.jetty.io.ManagedSelector$Start@35f5a84b on ManagedSelector@65b713f4{STARTING} id=4 keys=0 selected=0 updates=0
2025-08-06 16:12:30.285 DEBUG 23844 --- [qtp766069067-37] o.e.j.u.thread.strategy.EatWhatYouKill   : EatWhatYouKill@583d4eab/SelectorProducer@302fd4ec/IDLE/p=false/QueuedThreadPool[qtp766069067]@2da9494b{STARTED,8<=8<=200,i=3,r=-1,q=0}[ReservedThreadExecutor@24148cc1{reserved=0/12,pending=0}][pc=0,pic=0,pec=0,epc=0]@2025-08-06T16:12:30.2854621+08:00 tryProduce false
2025-08-06 16:12:30.285 DEBUG 23844 --- [qtp766069067-37] org.eclipse.jetty.io.ManagedSelector     : updateable 1
2025-08-06 16:12:30.285 DEBUG 23844 --- [qtp766069067-37] org.eclipse.jetty.io.ManagedSelector     : update org.eclipse.jetty.io.ManagedSelector$Start@35f5a84b
2025-08-06 16:12:30.285 DEBUG 23844 --- [qtp766069067-37] org.eclipse.jetty.io.ManagedSelector     : updates 0
2025-08-06 16:12:30.285 DEBUG 23844 --- [qtp766069067-37] org.eclipse.jetty.io.ManagedSelector     : Selector sun.nio.ch.WEPollSelectorImpl@17ab480b waiting with 0 keys
2025-08-06 16:12:30.287 DEBUG 23844 --- [restartedMain] o.e.jetty.util.thread.QueuedThreadPool   : queue org.eclipse.jetty.io.ManagedSelector$$Lambda$906/0x0000015c0c627698@1ed86a57 startThread=0
2025-08-06 16:12:30.287 DEBUG 23844 --- [qtp766069067-38] o.e.jetty.util.thread.QueuedThreadPool   : run org.eclipse.jetty.io.ManagedSelector$$Lambda$906/0x0000015c0c627698@1ed86a57 in QueuedThreadPool[qtp766069067]@2da9494b{STARTED,8<=8<=200,i=2,r=-1,q=0}[ReservedThreadExecutor@24148cc1{reserved=0/12,pending=0}]
2025-08-06 16:12:30.287 DEBUG 23844 --- [restartedMain] org.eclipse.jetty.io.ManagedSelector     : Queued change lazy=false org.eclipse.jetty.io.ManagedSelector$Start@7d5a3f1f on ManagedSelector@48d73838{STARTING} id=5 keys=0 selected=0 updates=0
2025-08-06 16:12:30.287 DEBUG 23844 --- [qtp766069067-38] o.e.j.u.thread.strategy.EatWhatYouKill   : EatWhatYouKill@346b4c82/SelectorProducer@69114b2/IDLE/p=false/QueuedThreadPool[qtp766069067]@2da9494b{STARTED,8<=8<=200,i=2,r=-1,q=0}[ReservedThreadExecutor@24148cc1{reserved=0/12,pending=0}][pc=0,pic=0,pec=0,epc=0]@2025-08-06T16:12:30.2874569+08:00 tryProduce false
2025-08-06 16:12:30.287 DEBUG 23844 --- [qtp766069067-38] org.eclipse.jetty.io.ManagedSelector     : updateable 1
2025-08-06 16:12:30.287 DEBUG 23844 --- [qtp766069067-38] org.eclipse.jetty.io.ManagedSelector     : update org.eclipse.jetty.io.ManagedSelector$Start@7d5a3f1f
2025-08-06 16:12:30.287 DEBUG 23844 --- [qtp766069067-38] org.eclipse.jetty.io.ManagedSelector     : updates 0
2025-08-06 16:12:30.287 DEBUG 23844 --- [qtp766069067-38] org.eclipse.jetty.io.ManagedSelector     : Selector sun.nio.ch.WEPollSelectorImpl@77d09106 waiting with 0 keys
2025-08-06 16:12:30.288 DEBUG 23844 --- [restartedMain] o.e.j.util.component.ContainerLifeCycle  : ServerConnector@467b245f{HTTP/1.1, (http/1.1)}{0.0.0.0:8080} added {acceptor-0@4e521bdd,POJO}
2025-08-06 16:12:30.288 DEBUG 23844 --- [restartedMain] o.e.jetty.util.thread.QueuedThreadPool   : queue acceptor-0@4e521bdd startThread=0
2025-08-06 16:12:30.288 DEBUG 23844 --- [qtp766069067-39] o.e.jetty.util.thread.QueuedThreadPool   : run acceptor-0@4e521bdd in QueuedThreadPool[qtp766069067]@2da9494b{STARTED,8<=8<=200,i=1,r=-1,q=0}[ReservedThreadExecutor@24148cc1{reserved=0/12,pending=0}]
2025-08-06 16:12:30.288  INFO 23844 --- [restartedMain] o.e.jetty.server.AbstractConnector       : Started ServerConnector@467b245f{HTTP/1.1, (http/1.1)}{0.0.0.0:8080}
2025-08-06 16:12:30.288  INFO 23844 --- [restartedMain] o.s.b.web.embedded.jetty.JettyWebServer  : Jetty started on port(s) 8080 (http/1.1) with context path '/'
2025-08-06 16:12:30.289 DEBUG 23844 --- [restartedMain] o.s.c.support.DefaultLifecycleProcessor  : Successfully started bean 'webServerStartStop'
2025-08-06 16:12:30.289 DEBUG 23844 --- [restartedMain] o.s.c.support.DefaultLifecycleProcessor  : Starting beans in phase 2147483647
2025-08-06 16:12:30.289 DEBUG 23844 --- [restartedMain] o.s.c.support.DefaultLifecycleProcessor  : Successfully started bean 'webServerGracefulShutdown'
2025-08-06 16:12:30.300 DEBUG 23844 --- [restartedMain] ConditionEvaluationReportLoggingListener : 


============================
CONDITIONS EVALUATION REPORT
============================


Positive matches:
-----------------

   AopAutoConfiguration matched:
      - @ConditionalOnProperty (spring.aop.auto=true) matched (OnPropertyCondition)

   AopAutoConfiguration.AspectJAutoProxyingConfiguration matched:
      - @ConditionalOnClass found required class 'org.aspectj.weaver.Advice' (OnClassCondition)

   AopAutoConfiguration.AspectJAutoProxyingConfiguration.CglibAutoProxyConfiguration matched:
      - @ConditionalOnProperty (spring.aop.proxy-target-class=true) matched (OnPropertyCondition)

   DataSourceAutoConfiguration matched:
      - @ConditionalOnClass found required classes 'javax.sql.DataSource', 'org.springframework.jdbc.datasource.embedded.EmbeddedDatabaseType' (OnClassCondition)
      - @ConditionalOnMissingBean (types: io.r2dbc.spi.ConnectionFactory; SearchStrategy: all) did not find any beans (OnBeanCondition)

   DataSourceConfiguration.Hikari matched:
      - @ConditionalOnClass found required class 'com.zaxxer.hikari.HikariDataSource' (OnClassCondition)
      - @ConditionalOnProperty (spring.datasource.type=com.zaxxer.hikari.HikariDataSource) matched (OnPropertyCondition)

   DataSourceInitializationConfiguration matched:
      - @ConditionalOnClass found required class 'org.springframework.jdbc.datasource.init.DatabasePopulator' (OnClassCondition)
      - @ConditionalOnSingleCandidate (types: javax.sql.DataSource; SearchStrategy: all) found a single bean 'dataSource'; @ConditionalOnMissingBean (types: org.springframework.boot.autoconfigure.sql.init.SqlDataSourceScriptDatabaseInitializer,org.springframework.boot.autoconfigure.sql.init.SqlR2dbcScriptDatabaseInitializer; SearchStrategy: all) did not find any beans (OnBeanCondition)

   DataSourceJmxConfiguration matched:
      - @ConditionalOnProperty (spring.jmx.enabled=true) matched (OnPropertyCondition)

   DataSourceJmxConfiguration.Hikari matched:
      - @ConditionalOnClass found required class 'com.zaxxer.hikari.HikariDataSource' (OnClassCondition)

   DataSourcePoolMetadataProvidersConfiguration.HikariPoolDataSourceMetadataProviderConfiguration matched:
      - @ConditionalOnClass found required class 'com.zaxxer.hikari.HikariDataSource' (OnClassCondition)

   DataSourceTransactionManagerAutoConfiguration matched:
      - @ConditionalOnClass found required classes 'org.springframework.jdbc.core.JdbcTemplate', 'org.springframework.transaction.TransactionManager' (OnClassCondition)

   DataSourceTransactionManagerAutoConfiguration.JdbcTransactionManagerConfiguration matched:
      - @ConditionalOnSingleCandidate (types: javax.sql.DataSource; SearchStrategy: all) found a single bean 'dataSource' (OnBeanCondition)

   DataSourceTransactionManagerAutoConfiguration.JdbcTransactionManagerConfiguration#transactionManager matched:
      - @ConditionalOnMissingBean (types: org.springframework.transaction.TransactionManager; SearchStrategy: all) did not find any beans (OnBeanCondition)

   DispatcherServletAutoConfiguration matched:
      - @ConditionalOnClass found required class 'org.springframework.web.servlet.DispatcherServlet' (OnClassCondition)
      - found 'session' scope (OnWebApplicationCondition)

   DispatcherServletAutoConfiguration.DispatcherServletConfiguration matched:
      - @ConditionalOnClass found required class 'javax.servlet.ServletRegistration' (OnClassCondition)
      - Default DispatcherServlet did not find dispatcher servlet beans (DispatcherServletAutoConfiguration.DefaultDispatcherServletCondition)

   DispatcherServletAutoConfiguration.DispatcherServletRegistrationConfiguration matched:
      - @ConditionalOnClass found required class 'javax.servlet.ServletRegistration' (OnClassCondition)
      - DispatcherServlet Registration did not find servlet registration bean (DispatcherServletAutoConfiguration.DispatcherServletRegistrationCondition)

   DispatcherServletAutoConfiguration.DispatcherServletRegistrationConfiguration#dispatcherServletRegistration matched:
      - @ConditionalOnBean (names: dispatcherServlet types: org.springframework.web.servlet.DispatcherServlet; SearchStrategy: all) found bean 'dispatcherServlet' (OnBeanCondition)

   DruidDataSourceAutoConfigure matched:
      - @ConditionalOnClass found required class 'com.alibaba.druid.pool.DruidDataSource' (OnClassCondition)

   DruidDataSourceAutoConfigure#dataSource matched:
      - @ConditionalOnMissingBean (types: javax.sql.DataSource; SearchStrategy: all) did not find any beans (OnBeanCondition)

   EmbeddedWebServerFactoryCustomizerAutoConfiguration matched:
      - @ConditionalOnWebApplication (required) found 'session' scope (OnWebApplicationCondition)

   EmbeddedWebServerFactoryCustomizerAutoConfiguration.JettyWebServerFactoryCustomizerConfiguration matched:
      - @ConditionalOnClass found required classes 'org.eclipse.jetty.server.Server', 'org.eclipse.jetty.util.Loader', 'org.eclipse.jetty.webapp.WebAppContext' (OnClassCondition)

   ErrorMvcAutoConfiguration matched:
      - @ConditionalOnClass found required classes 'javax.servlet.Servlet', 'org.springframework.web.servlet.DispatcherServlet' (OnClassCondition)
      - found 'session' scope (OnWebApplicationCondition)

   ErrorMvcAutoConfiguration#basicErrorController matched:
      - @ConditionalOnMissingBean (types: org.springframework.boot.web.servlet.error.ErrorController; SearchStrategy: current) did not find any beans (OnBeanCondition)

   ErrorMvcAutoConfiguration#errorAttributes matched:
      - @ConditionalOnMissingBean (types: org.springframework.boot.web.servlet.error.ErrorAttributes; SearchStrategy: current) did not find any beans (OnBeanCondition)

   ErrorMvcAutoConfiguration.DefaultErrorViewResolverConfiguration#conventionErrorViewResolver matched:
      - @ConditionalOnBean (types: org.springframework.web.servlet.DispatcherServlet; SearchStrategy: all) found bean 'dispatcherServlet'; @ConditionalOnMissingBean (types: org.springframework.boot.autoconfigure.web.servlet.error.ErrorViewResolver; SearchStrategy: all) did not find any beans (OnBeanCondition)

   ErrorMvcAutoConfiguration.WhitelabelErrorViewConfiguration matched:
      - @ConditionalOnProperty (server.error.whitelabel.enabled) matched (OnPropertyCondition)
      - ErrorTemplate Missing did not find error template view (ErrorMvcAutoConfiguration.ErrorTemplateMissingCondition)

   ErrorMvcAutoConfiguration.WhitelabelErrorViewConfiguration#beanNameViewResolver matched:
      - @ConditionalOnMissingBean (types: org.springframework.web.servlet.view.BeanNameViewResolver; SearchStrategy: all) did not find any beans (OnBeanCondition)

   ErrorMvcAutoConfiguration.WhitelabelErrorViewConfiguration#defaultErrorView matched:
      - @ConditionalOnMissingBean (names: error; SearchStrategy: all) did not find any beans (OnBeanCondition)

   GenericCacheConfiguration matched:
      - Cache org.springframework.boot.autoconfigure.cache.GenericCacheConfiguration automatic cache type (CacheCondition)

   GsonAutoConfiguration matched:
      - @ConditionalOnClass found required class 'com.google.gson.Gson' (OnClassCondition)

   GsonAutoConfiguration#gson matched:
      - @ConditionalOnMissingBean (types: com.google.gson.Gson; SearchStrategy: all) did not find any beans (OnBeanCondition)

   GsonAutoConfiguration#gsonBuilder matched:
      - @ConditionalOnMissingBean (types: com.google.gson.GsonBuilder; SearchStrategy: all) did not find any beans (OnBeanCondition)

   GsonHttpMessageConvertersConfiguration matched:
      - @ConditionalOnClass found required class 'com.google.gson.Gson' (OnClassCondition)

   HttpEncodingAutoConfiguration matched:
      - @ConditionalOnClass found required class 'org.springframework.web.filter.CharacterEncodingFilter' (OnClassCondition)
      - found 'session' scope (OnWebApplicationCondition)
      - @ConditionalOnProperty (server.servlet.encoding.enabled) matched (OnPropertyCondition)

   HttpEncodingAutoConfiguration#characterEncodingFilter matched:
      - @ConditionalOnMissingBean (types: org.springframework.web.filter.CharacterEncodingFilter; SearchStrategy: all) did not find any beans (OnBeanCondition)

   HttpMessageConvertersAutoConfiguration matched:
      - @ConditionalOnClass found required class 'org.springframework.http.converter.HttpMessageConverter' (OnClassCondition)
      - NoneNestedConditions 0 matched 1 did not; NestedCondition on HttpMessageConvertersAutoConfiguration.NotReactiveWebApplicationCondition.ReactiveWebApplication did not find reactive web application classes (HttpMessageConvertersAutoConfiguration.NotReactiveWebApplicationCondition)

   HttpMessageConvertersAutoConfiguration#messageConverters matched:
      - @ConditionalOnMissingBean (types: org.springframework.boot.autoconfigure.http.HttpMessageConverters; SearchStrategy: all) did not find any beans (OnBeanCondition)

   HttpMessageConvertersAutoConfiguration.StringHttpMessageConverterConfiguration matched:
      - @ConditionalOnClass found required class 'org.springframework.http.converter.StringHttpMessageConverter' (OnClassCondition)

   HttpMessageConvertersAutoConfiguration.StringHttpMessageConverterConfiguration#stringHttpMessageConverter matched:
      - @ConditionalOnMissingBean (types: org.springframework.http.converter.StringHttpMessageConverter; SearchStrategy: all) did not find any beans (OnBeanCondition)

   JacksonAutoConfiguration matched:
      - @ConditionalOnClass found required class 'com.fasterxml.jackson.databind.ObjectMapper' (OnClassCondition)

   JacksonAutoConfiguration.Jackson2ObjectMapperBuilderCustomizerConfiguration matched:
      - @ConditionalOnClass found required class 'org.springframework.http.converter.json.Jackson2ObjectMapperBuilder' (OnClassCondition)

   JacksonAutoConfiguration.JacksonObjectMapperBuilderConfiguration matched:
      - @ConditionalOnClass found required class 'org.springframework.http.converter.json.Jackson2ObjectMapperBuilder' (OnClassCondition)

   JacksonAutoConfiguration.JacksonObjectMapperBuilderConfiguration#jacksonObjectMapperBuilder matched:
      - @ConditionalOnMissingBean (types: org.springframework.http.converter.json.Jackson2ObjectMapperBuilder; SearchStrategy: all) did not find any beans (OnBeanCondition)

   JacksonAutoConfiguration.JacksonObjectMapperConfiguration matched:
      - @ConditionalOnClass found required class 'org.springframework.http.converter.json.Jackson2ObjectMapperBuilder' (OnClassCondition)

   JacksonAutoConfiguration.JacksonObjectMapperConfiguration#jacksonObjectMapper matched:
      - @ConditionalOnMissingBean (types: com.fasterxml.jackson.databind.ObjectMapper; SearchStrategy: all) did not find any beans (OnBeanCondition)

   JacksonAutoConfiguration.ParameterNamesModuleConfiguration matched:
      - @ConditionalOnClass found required class 'com.fasterxml.jackson.module.paramnames.ParameterNamesModule' (OnClassCondition)

   JacksonAutoConfiguration.ParameterNamesModuleConfiguration#parameterNamesModule matched:
      - @ConditionalOnMissingBean (types: com.fasterxml.jackson.module.paramnames.ParameterNamesModule; SearchStrategy: all) did not find any beans (OnBeanCondition)

   JacksonHttpMessageConvertersConfiguration.MappingJackson2HttpMessageConverterConfiguration matched:
      - @ConditionalOnClass found required class 'com.fasterxml.jackson.databind.ObjectMapper' (OnClassCondition)
      - @ConditionalOnProperty (spring.mvc.converters.preferred-json-mapper=jackson) matched (OnPropertyCondition)
      - @ConditionalOnBean (types: com.fasterxml.jackson.databind.ObjectMapper; SearchStrategy: all) found bean 'jacksonObjectMapper' (OnBeanCondition)

   JacksonHttpMessageConvertersConfiguration.MappingJackson2HttpMessageConverterConfiguration#mappingJackson2HttpMessageConverter matched:
      - @ConditionalOnMissingBean (types: org.springframework.http.converter.json.MappingJackson2HttpMessageConverter ignored: org.springframework.hateoas.server.mvc.TypeConstrainedMappingJackson2HttpMessageConverter,org.springframework.data.rest.webmvc.alps.AlpsJsonHttpMessageConverter; SearchStrategy: all) did not find any beans (OnBeanCondition)

   JdbcTemplateAutoConfiguration matched:
      - @ConditionalOnClass found required classes 'javax.sql.DataSource', 'org.springframework.jdbc.core.JdbcTemplate' (OnClassCondition)
      - @ConditionalOnSingleCandidate (types: javax.sql.DataSource; SearchStrategy: all) found a single bean 'dataSource' (OnBeanCondition)

   JdbcTemplateConfiguration matched:
      - @ConditionalOnMissingBean (types: org.springframework.jdbc.core.JdbcOperations; SearchStrategy: all) did not find any beans (OnBeanCondition)

   JmxAutoConfiguration matched:
      - @ConditionalOnClass found required class 'org.springframework.jmx.export.MBeanExporter' (OnClassCondition)
      - @ConditionalOnProperty (spring.jmx.enabled=true) matched (OnPropertyCondition)

   JmxAutoConfiguration#mbeanExporter matched:
      - @ConditionalOnMissingBean (types: org.springframework.jmx.export.MBeanExporter; SearchStrategy: current) did not find any beans (OnBeanCondition)

   JmxAutoConfiguration#mbeanServer matched:
      - @ConditionalOnMissingBean (types: javax.management.MBeanServer; SearchStrategy: all) did not find any beans (OnBeanCondition)

   JmxAutoConfiguration#objectNamingStrategy matched:
      - @ConditionalOnMissingBean (types: org.springframework.jmx.export.naming.ObjectNamingStrategy; SearchStrategy: current) did not find any beans (OnBeanCondition)

   LifecycleAutoConfiguration#defaultLifecycleProcessor matched:
      - @ConditionalOnMissingBean (names: lifecycleProcessor; SearchStrategy: current) did not find any beans (OnBeanCondition)

   LocalDevToolsAutoConfiguration matched:
      - Initialized Restarter Condition available and initialized (OnInitializedRestarterCondition)

   LocalDevToolsAutoConfiguration.LiveReloadConfiguration matched:
      - @ConditionalOnProperty (spring.devtools.livereload.enabled) matched (OnPropertyCondition)

   LocalDevToolsAutoConfiguration.LiveReloadConfiguration#liveReloadServer matched:
      - @ConditionalOnMissingBean (types: org.springframework.boot.devtools.livereload.LiveReloadServer; SearchStrategy: all) did not find any beans (OnBeanCondition)

   LocalDevToolsAutoConfiguration.RestartConfiguration matched:
      - @ConditionalOnProperty (spring.devtools.restart.enabled) matched (OnPropertyCondition)

   LocalDevToolsAutoConfiguration.RestartConfiguration#classPathFileSystemWatcher matched:
      - @ConditionalOnMissingBean (types: org.springframework.boot.devtools.classpath.ClassPathFileSystemWatcher; SearchStrategy: all) did not find any beans (OnBeanCondition)

   LocalDevToolsAutoConfiguration.RestartConfiguration#classPathRestartStrategy matched:
      - @ConditionalOnMissingBean (types: org.springframework.boot.devtools.classpath.ClassPathRestartStrategy; SearchStrategy: all) did not find any beans (OnBeanCondition)

   LocalDevToolsAutoConfiguration.RestartConfiguration#conditionEvaluationDeltaLoggingListener matched:
      - @ConditionalOnProperty (spring.devtools.restart.log-condition-evaluation-delta) matched (OnPropertyCondition)

   MultipartAutoConfiguration matched:
      - @ConditionalOnClass found required classes 'javax.servlet.Servlet', 'org.springframework.web.multipart.support.StandardServletMultipartResolver', 'javax.servlet.MultipartConfigElement' (OnClassCondition)
      - found 'session' scope (OnWebApplicationCondition)
      - @ConditionalOnProperty (spring.servlet.multipart.enabled) matched (OnPropertyCondition)

   MultipartAutoConfiguration#multipartConfigElement matched:
      - @ConditionalOnMissingBean (types: javax.servlet.MultipartConfigElement,org.springframework.web.multipart.commons.CommonsMultipartResolver; SearchStrategy: all) did not find any beans (OnBeanCondition)

   MultipartAutoConfiguration#multipartResolver matched:
      - @ConditionalOnMissingBean (types: org.springframework.web.multipart.MultipartResolver; SearchStrategy: all) did not find any beans (OnBeanCondition)

   MybatisAutoConfiguration matched:
      - @ConditionalOnClass found required classes 'org.apache.ibatis.session.SqlSessionFactory', 'org.mybatis.spring.SqlSessionFactoryBean' (OnClassCondition)
      - @ConditionalOnSingleCandidate (types: javax.sql.DataSource; SearchStrategy: all) found a single bean 'dataSource' (OnBeanCondition)

   MybatisLanguageDriverAutoConfiguration matched:
      - @ConditionalOnClass found required class 'org.apache.ibatis.scripting.LanguageDriver' (OnClassCondition)

   MybatisPlusAutoConfiguration matched:
      - @ConditionalOnClass found required classes 'org.apache.ibatis.session.SqlSessionFactory', 'org.mybatis.spring.SqlSessionFactoryBean' (OnClassCondition)
      - @ConditionalOnSingleCandidate (types: javax.sql.DataSource; SearchStrategy: all) found a single bean 'dataSource' (OnBeanCondition)

   MybatisPlusAutoConfiguration#sqlSessionFactory matched:
      - @ConditionalOnMissingBean (types: org.apache.ibatis.session.SqlSessionFactory; SearchStrategy: all) did not find any beans (OnBeanCondition)

   MybatisPlusAutoConfiguration#sqlSessionTemplate matched:
      - @ConditionalOnMissingBean (types: org.mybatis.spring.SqlSessionTemplate; SearchStrategy: all) did not find any beans (OnBeanCondition)

   MybatisPlusLanguageDriverAutoConfiguration matched:
      - @ConditionalOnClass found required class 'org.apache.ibatis.scripting.LanguageDriver' (OnClassCondition)

   NamedParameterJdbcTemplateConfiguration matched:
      - @ConditionalOnSingleCandidate (types: org.springframework.jdbc.core.JdbcTemplate; SearchStrategy: all) found a single bean 'jdbcTemplate'; @ConditionalOnMissingBean (types: org.springframework.jdbc.core.namedparam.NamedParameterJdbcOperations; SearchStrategy: all) did not find any beans (OnBeanCondition)

   NoOpCacheConfiguration matched:
      - Cache org.springframework.boot.autoconfigure.cache.NoOpCacheConfiguration automatic cache type (CacheCondition)

   OssAutoConfiguration matched:
      - @ConditionalOnProperty (aliyun.oss.enabled=true) matched (OnPropertyCondition)

   OssAutoConfiguration#ossService matched:
      - @ConditionalOnMissingBean (types: com.aliyun.oss.Service.OssService; SearchStrategy: all) did not find any beans (OnBeanCondition)

   PersistenceExceptionTranslationAutoConfiguration matched:
      - @ConditionalOnClass found required class 'org.springframework.dao.annotation.PersistenceExceptionTranslationPostProcessor' (OnClassCondition)

   PersistenceExceptionTranslationAutoConfiguration#persistenceExceptionTranslationPostProcessor matched:
      - @ConditionalOnProperty (spring.dao.exceptiontranslation.enabled) matched (OnPropertyCondition)
      - @ConditionalOnMissingBean (types: org.springframework.dao.annotation.PersistenceExceptionTranslationPostProcessor; SearchStrategy: all) did not find any beans (OnBeanCondition)

   PropertyPlaceholderAutoConfiguration#propertySourcesPlaceholderConfigurer matched:
      - @ConditionalOnMissingBean (types: org.springframework.context.support.PropertySourcesPlaceholderConfigurer; SearchStrategy: current) did not find any beans (OnBeanCondition)

   RestTemplateAutoConfiguration matched:
      - @ConditionalOnClass found required class 'org.springframework.web.client.RestTemplate' (OnClassCondition)
      - NoneNestedConditions 0 matched 1 did not; NestedCondition on RestTemplateAutoConfiguration.NotReactiveWebApplicationCondition.ReactiveWebApplication did not find reactive web application classes (RestTemplateAutoConfiguration.NotReactiveWebApplicationCondition)

   RestTemplateAutoConfiguration#restTemplateBuilder matched:
      - @ConditionalOnMissingBean (types: org.springframework.boot.web.client.RestTemplateBuilder; SearchStrategy: all) did not find any beans (OnBeanCondition)

   RestTemplateAutoConfiguration#restTemplateBuilderConfigurer matched:
      - @ConditionalOnMissingBean (types: org.springframework.boot.autoconfigure.web.client.RestTemplateBuilderConfigurer; SearchStrategy: all) did not find any beans (OnBeanCondition)

   ServletWebServerFactoryAutoConfiguration matched:
      - @ConditionalOnClass found required class 'javax.servlet.ServletRequest' (OnClassCondition)
      - found 'session' scope (OnWebApplicationCondition)

   ServletWebServerFactoryConfiguration.EmbeddedJetty matched:
      - @ConditionalOnClass found required classes 'javax.servlet.Servlet', 'org.eclipse.jetty.server.Server', 'org.eclipse.jetty.util.Loader', 'org.eclipse.jetty.webapp.WebAppContext' (OnClassCondition)
      - @ConditionalOnMissingBean (types: org.springframework.boot.web.servlet.server.ServletWebServerFactory; SearchStrategy: current) did not find any beans (OnBeanCondition)

   SimpleCacheConfiguration matched:
      - Cache org.springframework.boot.autoconfigure.cache.SimpleCacheConfiguration automatic cache type (CacheCondition)

   SpringApplicationAdminJmxAutoConfiguration matched:
      - @ConditionalOnProperty (spring.application.admin.enabled=true) matched (OnPropertyCondition)

   SpringApplicationAdminJmxAutoConfiguration#springApplicationAdminRegistrar matched:
      - @ConditionalOnMissingBean (types: org.springframework.boot.admin.SpringApplicationAdminMXBeanRegistrar; SearchStrategy: all) did not find any beans (OnBeanCondition)

   SqlInitializationAutoConfiguration matched:
      - @ConditionalOnProperty (spring.sql.init.enabled) matched (OnPropertyCondition)
      - NoneNestedConditions 0 matched 1 did not; NestedCondition on SqlInitializationAutoConfiguration.SqlInitializationModeCondition.ModeIsNever @ConditionalOnProperty (spring.sql.init.mode=never) did not find property 'mode' (SqlInitializationAutoConfiguration.SqlInitializationModeCondition)

   TaskExecutionAutoConfiguration matched:
      - @ConditionalOnClass found required class 'org.springframework.scheduling.concurrent.ThreadPoolTaskExecutor' (OnClassCondition)

   TaskExecutionAutoConfiguration#applicationTaskExecutor matched:
      - @ConditionalOnMissingBean (types: java.util.concurrent.Executor; SearchStrategy: all) did not find any beans (OnBeanCondition)

   TaskExecutionAutoConfiguration#taskExecutorBuilder matched:
      - @ConditionalOnMissingBean (types: org.springframework.boot.task.TaskExecutorBuilder; SearchStrategy: all) did not find any beans (OnBeanCondition)

   TaskSchedulingAutoConfiguration matched:
      - @ConditionalOnClass found required class 'org.springframework.scheduling.concurrent.ThreadPoolTaskScheduler' (OnClassCondition)

   TaskSchedulingAutoConfiguration#taskSchedulerBuilder matched:
      - @ConditionalOnMissingBean (types: org.springframework.boot.task.TaskSchedulerBuilder; SearchStrategy: all) did not find any beans (OnBeanCondition)

   TransactionAutoConfiguration matched:
      - @ConditionalOnClass found required class 'org.springframework.transaction.PlatformTransactionManager' (OnClassCondition)

   TransactionAutoConfiguration#platformTransactionManagerCustomizers matched:
      - @ConditionalOnMissingBean (types: org.springframework.boot.autoconfigure.transaction.TransactionManagerCustomizers; SearchStrategy: all) did not find any beans (OnBeanCondition)

   TransactionAutoConfiguration.EnableTransactionManagementConfiguration matched:
      - @ConditionalOnBean (types: org.springframework.transaction.TransactionManager; SearchStrategy: all) found bean 'transactionManager'; @ConditionalOnMissingBean (types: org.springframework.transaction.annotation.AbstractTransactionManagementConfiguration; SearchStrategy: all) did not find any beans (OnBeanCondition)

   TransactionAutoConfiguration.EnableTransactionManagementConfiguration.CglibAutoProxyConfiguration matched:
      - @ConditionalOnProperty (spring.aop.proxy-target-class=true) matched (OnPropertyCondition)

   TransactionAutoConfiguration.TransactionTemplateConfiguration matched:
      - @ConditionalOnSingleCandidate (types: org.springframework.transaction.PlatformTransactionManager; SearchStrategy: all) found a single bean 'transactionManager' (OnBeanCondition)

   TransactionAutoConfiguration.TransactionTemplateConfiguration#transactionTemplate matched:
      - @ConditionalOnMissingBean (types: org.springframework.transaction.support.TransactionOperations; SearchStrategy: all) did not find any beans (OnBeanCondition)

   WebSocketServletAutoConfiguration matched:
      - @ConditionalOnClass found required classes 'javax.servlet.Servlet', 'javax.websocket.server.ServerContainer' (OnClassCondition)
      - found 'session' scope (OnWebApplicationCondition)

   WebSocketServletAutoConfiguration.JettyWebSocketConfiguration matched:
      - @ConditionalOnClass found required class 'org.eclipse.jetty.websocket.jsr356.server.deploy.WebSocketServerContainerInitializer' (OnClassCondition)

   WebSocketServletAutoConfiguration.JettyWebSocketConfiguration#websocketServletWebServerCustomizer matched:
      - @ConditionalOnMissingBean (names: websocketServletWebServerCustomizer; SearchStrategy: all) did not find any beans (OnBeanCondition)


Negative matches:
-----------------

   ActiveMQAutoConfiguration:
      Did not match:
         - @ConditionalOnClass did not find required class 'javax.jms.ConnectionFactory' (OnClassCondition)

   AopAutoConfiguration.AspectJAutoProxyingConfiguration.JdkDynamicAutoProxyConfiguration:
      Did not match:
         - @ConditionalOnProperty (spring.aop.proxy-target-class=false) did not find property 'proxy-target-class' (OnPropertyCondition)

   AopAutoConfiguration.ClassProxyingConfiguration:
      Did not match:
         - @ConditionalOnMissingClass found unwanted class 'org.aspectj.weaver.Advice' (OnClassCondition)

   ArtemisAutoConfiguration:
      Did not match:
         - @ConditionalOnClass did not find required class 'javax.jms.ConnectionFactory' (OnClassCondition)

   BatchAutoConfiguration:
      Did not match:
         - @ConditionalOnClass did not find required class 'org.springframework.batch.core.launch.JobLauncher' (OnClassCondition)

   CacheAutoConfiguration:
      Did not match:
         - @ConditionalOnBean (types: org.springframework.cache.interceptor.CacheAspectSupport; SearchStrategy: all) did not find any beans of type org.springframework.cache.interceptor.CacheAspectSupport (OnBeanCondition)
      Matched:
         - @ConditionalOnClass found required class 'org.springframework.cache.CacheManager' (OnClassCondition)

   CacheAutoConfiguration.CacheManagerEntityManagerFactoryDependsOnPostProcessor:
      Did not match:
         - @ConditionalOnClass did not find required class 'org.springframework.orm.jpa.LocalContainerEntityManagerFactoryBean' (OnClassCondition)
         - Ancestor org.springframework.boot.autoconfigure.cache.CacheAutoConfiguration did not match (ConditionEvaluationReport.AncestorsMatchedCondition)

   CaffeineCacheConfiguration:
      Did not match:
         - @ConditionalOnClass did not find required class 'com.github.benmanes.caffeine.cache.Caffeine' (OnClassCondition)

   CassandraAutoConfiguration:
      Did not match:
         - @ConditionalOnClass did not find required class 'com.datastax.oss.driver.api.core.CqlSession' (OnClassCondition)

   CassandraDataAutoConfiguration:
      Did not match:
         - @ConditionalOnClass did not find required class 'com.datastax.oss.driver.api.core.CqlSession' (OnClassCondition)

   CassandraReactiveDataAutoConfiguration:
      Did not match:
         - @ConditionalOnClass did not find required class 'com.datastax.oss.driver.api.core.CqlSession' (OnClassCondition)

   CassandraReactiveRepositoriesAutoConfiguration:
      Did not match:
         - @ConditionalOnClass did not find required class 'org.springframework.data.cassandra.ReactiveSession' (OnClassCondition)

   CassandraRepositoriesAutoConfiguration:
      Did not match:
         - @ConditionalOnClass did not find required class 'com.datastax.oss.driver.api.core.CqlSession' (OnClassCondition)

   ClientHttpConnectorAutoConfiguration:
      Did not match:
         - @ConditionalOnClass did not find required class 'org.springframework.web.reactive.function.client.WebClient' (OnClassCondition)

   CodecsAutoConfiguration:
      Did not match:
         - @ConditionalOnClass did not find required class 'org.springframework.web.reactive.function.client.WebClient' (OnClassCondition)

   CouchbaseAutoConfiguration:
      Did not match:
         - @ConditionalOnClass did not find required class 'com.couchbase.client.java.Cluster' (OnClassCondition)

   CouchbaseCacheConfiguration:
      Did not match:
         - @ConditionalOnClass did not find required class 'com.couchbase.client.java.Cluster' (OnClassCondition)

   CouchbaseDataAutoConfiguration:
      Did not match:
         - @ConditionalOnClass did not find required class 'com.couchbase.client.java.Bucket' (OnClassCondition)

   CouchbaseReactiveDataAutoConfiguration:
      Did not match:
         - @ConditionalOnClass did not find required class 'com.couchbase.client.java.Cluster' (OnClassCondition)

   CouchbaseReactiveRepositoriesAutoConfiguration:
      Did not match:
         - @ConditionalOnClass did not find required class 'com.couchbase.client.java.Cluster' (OnClassCondition)

   CouchbaseRepositoriesAutoConfiguration:
      Did not match:
         - @ConditionalOnClass did not find required class 'com.couchbase.client.java.Bucket' (OnClassCondition)

   DataSourceAutoConfiguration.EmbeddedDatabaseConfiguration:
      Did not match:
         - EmbeddedDataSource found supported pooled data source (DataSourceAutoConfiguration.EmbeddedDatabaseCondition)

   DataSourceAutoConfiguration.PooledDataSourceConfiguration:
      Did not match:
         - @ConditionalOnMissingBean (types: javax.sql.DataSource,javax.sql.XADataSource; SearchStrategy: all) found beans of type 'javax.sql.DataSource' dataSource (OnBeanCondition)
      Matched:
         - AnyNestedCondition 1 matched 1 did not; NestedCondition on DataSourceAutoConfiguration.PooledDataSourceCondition.PooledDataSourceAvailable PooledDataSource found supported DataSource; NestedCondition on DataSourceAutoConfiguration.PooledDataSourceCondition.ExplicitType @ConditionalOnProperty (spring.datasource.type) did not find property 'type' (DataSourceAutoConfiguration.PooledDataSourceCondition)

   DataSourceConfiguration.Dbcp2:
      Did not match:
         - @ConditionalOnClass did not find required class 'org.apache.commons.dbcp2.BasicDataSource' (OnClassCondition)

   DataSourceConfiguration.Generic:
      Did not match:
         - @ConditionalOnProperty (spring.datasource.type) did not find property 'spring.datasource.type' (OnPropertyCondition)

   DataSourceConfiguration.OracleUcp:
      Did not match:
         - @ConditionalOnClass did not find required classes 'oracle.ucp.jdbc.PoolDataSourceImpl', 'oracle.jdbc.OracleConnection' (OnClassCondition)

   DataSourceConfiguration.Tomcat:
      Did not match:
         - @ConditionalOnClass did not find required class 'org.apache.tomcat.jdbc.pool.DataSource' (OnClassCondition)

   DataSourceInitializationConfiguration.InitializationSpecificCredentialsDataSourceInitializationConfiguration:
      Did not match:
         - AnyNestedCondition 0 matched 2 did not; NestedCondition on DataSourceInitializationConfiguration.InitializationSpecificCredentialsDataSourceInitializationConfiguration.DifferentCredentialsCondition.DataCredentials @ConditionalOnProperty (spring.datasource.data-username) did not find property 'data-username'; NestedCondition on DataSourceInitializationConfiguration.InitializationSpecificCredentialsDataSourceInitializationConfiguration.DifferentCredentialsCondition.SchemaCredentials @ConditionalOnProperty (spring.datasource.schema-username) did not find property 'schema-username' (DataSourceInitializationConfiguration.InitializationSpecificCredentialsDataSourceInitializationConfiguration.DifferentCredentialsCondition)

   DataSourceInitializationConfiguration.SharedCredentialsDataSourceInitializationConfiguration:
      Did not match:
         - DataSource Initialization did not find configured properties spring.datasource.data-username, spring.datasource.schema-password, spring.datasource.schema[0], spring.datasource.data[0], spring.datasource.data, spring.datasource.schema-username, spring.datasource.data-password, spring.datasource.initialization-mode, spring.datasource.schema, spring.datasource.sql-script-encoding, spring.datasource.separator, spring.datasource.platform, spring.datasource.continue-on-error (DataSourceInitializationConfiguration.SharedCredentialsDataSourceInitializationConfiguration.DataSourceInitializationCondition)

   DataSourceJmxConfiguration.TomcatDataSourceJmxConfiguration:
      Did not match:
         - @ConditionalOnClass did not find required class 'org.apache.tomcat.jdbc.pool.DataSourceProxy' (OnClassCondition)

   DataSourcePoolMetadataProvidersConfiguration.CommonsDbcp2PoolDataSourceMetadataProviderConfiguration:
      Did not match:
         - @ConditionalOnClass did not find required class 'org.apache.commons.dbcp2.BasicDataSource' (OnClassCondition)

   DataSourcePoolMetadataProvidersConfiguration.OracleUcpPoolDataSourceMetadataProviderConfiguration:
      Did not match:
         - @ConditionalOnClass did not find required classes 'oracle.ucp.jdbc.PoolDataSource', 'oracle.jdbc.OracleConnection' (OnClassCondition)

   DataSourcePoolMetadataProvidersConfiguration.TomcatDataSourcePoolMetadataProviderConfiguration:
      Did not match:
         - @ConditionalOnClass did not find required class 'org.apache.tomcat.jdbc.pool.DataSource' (OnClassCondition)

   DevToolsDataSourceAutoConfiguration:
      Did not match:
         - DevTools DataSource Condition did not find an auto-configured DataSource (DevToolsDataSourceAutoConfiguration.DevToolsDataSourceCondition)
      Matched:
         - Devtools devtools enabled. (OnEnabledDevToolsCondition)

   DevToolsDataSourceAutoConfiguration.DatabaseShutdownExecutorEntityManagerFactoryDependsOnPostProcessor:
      Did not match:
         - @ConditionalOnClass did not find required class 'org.springframework.orm.jpa.LocalContainerEntityManagerFactoryBean' (OnClassCondition)
         - Ancestor org.springframework.boot.devtools.autoconfigure.DevToolsDataSourceAutoConfiguration did not match (ConditionEvaluationReport.AncestorsMatchedCondition)

   DevToolsR2dbcAutoConfiguration:
      Did not match:
         - @ConditionalOnClass did not find required class 'io.r2dbc.spi.ConnectionFactory' (OnClassCondition)

   DispatcherServletAutoConfiguration.DispatcherServletConfiguration#multipartResolver:
      Did not match:
         - @ConditionalOnBean (types: org.springframework.web.multipart.MultipartResolver; SearchStrategy: all) did not find any beans of type org.springframework.web.multipart.MultipartResolver (OnBeanCondition)

   DruidFilterConfiguration#commonsLogFilter:
      Did not match:
         - @ConditionalOnProperty (spring.datasource.druid.filter.commons-log.enabled) did not find property 'enabled' (OnPropertyCondition)

   DruidFilterConfiguration#configFilter:
      Did not match:
         - @ConditionalOnProperty (spring.datasource.druid.filter.config.enabled) did not find property 'enabled' (OnPropertyCondition)

   DruidFilterConfiguration#encodingConvertFilter:
      Did not match:
         - @ConditionalOnProperty (spring.datasource.druid.filter.encoding.enabled) did not find property 'enabled' (OnPropertyCondition)

   DruidFilterConfiguration#log4j2Filter:
      Did not match:
         - @ConditionalOnProperty (spring.datasource.druid.filter.log4j2.enabled) did not find property 'enabled' (OnPropertyCondition)

   DruidFilterConfiguration#log4jFilter:
      Did not match:
         - @ConditionalOnProperty (spring.datasource.druid.filter.log4j.enabled) did not find property 'enabled' (OnPropertyCondition)

   DruidFilterConfiguration#slf4jLogFilter:
      Did not match:
         - @ConditionalOnProperty (spring.datasource.druid.filter.slf4j.enabled) did not find property 'enabled' (OnPropertyCondition)

   DruidFilterConfiguration#statFilter:
      Did not match:
         - @ConditionalOnProperty (spring.datasource.druid.filter.stat.enabled) did not find property 'enabled' (OnPropertyCondition)

   DruidFilterConfiguration#wallConfig:
      Did not match:
         - @ConditionalOnProperty (spring.datasource.druid.filter.wall.enabled) did not find property 'enabled' (OnPropertyCondition)

   DruidFilterConfiguration#wallFilter:
      Did not match:
         - @ConditionalOnProperty (spring.datasource.druid.filter.wall.enabled) did not find property 'enabled' (OnPropertyCondition)

   DruidSpringAopConfiguration:
      Did not match:
         - @ConditionalOnProperty (spring.datasource.druid.aop-patterns) did not find property 'spring.datasource.druid.aop-patterns' (OnPropertyCondition)

   DruidStatViewServletConfiguration:
      Did not match:
         - @ConditionalOnProperty (spring.datasource.druid.stat-view-servlet.enabled=true) did not find property 'spring.datasource.druid.stat-view-servlet.enabled' (OnPropertyCondition)
      Matched:
         - @ConditionalOnWebApplication (required) found 'session' scope (OnWebApplicationCondition)

   DruidWebStatFilterConfiguration:
      Did not match:
         - @ConditionalOnProperty (spring.datasource.druid.web-stat-filter.enabled=true) did not find property 'spring.datasource.druid.web-stat-filter.enabled' (OnPropertyCondition)
      Matched:
         - @ConditionalOnWebApplication (required) found 'session' scope (OnWebApplicationCondition)

   EhCacheCacheConfiguration:
      Did not match:
         - @ConditionalOnClass did not find required class 'net.sf.ehcache.Cache' (OnClassCondition)

   ElasticsearchDataAutoConfiguration:
      Did not match:
         - @ConditionalOnClass did not find required class 'org.springframework.data.elasticsearch.core.ElasticsearchRestTemplate' (OnClassCondition)

   ElasticsearchRepositoriesAutoConfiguration:
      Did not match:
         - @ConditionalOnClass did not find required class 'org.elasticsearch.client.Client' (OnClassCondition)

   ElasticsearchRestClientAutoConfiguration:
      Did not match:
         - @ConditionalOnClass did not find required class 'org.elasticsearch.client.RestClientBuilder' (OnClassCondition)

   EmbeddedLdapAutoConfiguration:
      Did not match:
         - @ConditionalOnClass did not find required class 'com.unboundid.ldap.listener.InMemoryDirectoryServer' (OnClassCondition)

   EmbeddedMongoAutoConfiguration:
      Did not match:
         - @ConditionalOnClass did not find required class 'com.mongodb.MongoClientSettings' (OnClassCondition)

   EmbeddedWebServerFactoryCustomizerAutoConfiguration.NettyWebServerFactoryCustomizerConfiguration:
      Did not match:
         - @ConditionalOnClass did not find required class 'reactor.netty.http.server.HttpServer' (OnClassCondition)

   EmbeddedWebServerFactoryCustomizerAutoConfiguration.TomcatWebServerFactoryCustomizerConfiguration:
      Did not match:
         - @ConditionalOnClass did not find required classes 'org.apache.catalina.startup.Tomcat', 'org.apache.coyote.UpgradeProtocol' (OnClassCondition)

   EmbeddedWebServerFactoryCustomizerAutoConfiguration.UndertowWebServerFactoryCustomizerConfiguration:
      Did not match:
         - @ConditionalOnClass did not find required classes 'io.undertow.Undertow', 'org.xnio.SslClientAuthMode' (OnClassCondition)

   ErrorWebFluxAutoConfiguration:
      Did not match:
         - @ConditionalOnClass did not find required class 'org.springframework.web.reactive.config.WebFluxConfigurer' (OnClassCondition)

   FlywayAutoConfiguration:
      Did not match:
         - @ConditionalOnClass did not find required class 'org.flywaydb.core.Flyway' (OnClassCondition)

   FreeMarkerAutoConfiguration:
      Did not match:
         - @ConditionalOnClass did not find required class 'org.springframework.ui.freemarker.FreeMarkerConfigurationFactory' (OnClassCondition)

   GroovyTemplateAutoConfiguration:
      Did not match:
         - @ConditionalOnClass did not find required class 'groovy.text.markup.MarkupTemplateEngine' (OnClassCondition)

   GsonHttpMessageConvertersConfiguration.GsonHttpMessageConverterConfiguration:
      Did not match:
         - AnyNestedCondition 0 matched 2 did not; NestedCondition on GsonHttpMessageConvertersConfiguration.PreferGsonOrJacksonAndJsonbUnavailableCondition.JacksonJsonbUnavailable NoneNestedConditions 1 matched 1 did not; NestedCondition on GsonHttpMessageConvertersConfiguration.JacksonAndJsonbUnavailableCondition.JsonbPreferred @ConditionalOnProperty (spring.mvc.converters.preferred-json-mapper=jsonb) did not find property 'spring.mvc.converters.preferred-json-mapper'; NestedCondition on GsonHttpMessageConvertersConfiguration.JacksonAndJsonbUnavailableCondition.JacksonAvailable @ConditionalOnBean (types: org.springframework.http.converter.json.MappingJackson2HttpMessageConverter; SearchStrategy: all) found bean 'mappingJackson2HttpMessageConverter'; NestedCondition on GsonHttpMessageConvertersConfiguration.PreferGsonOrJacksonAndJsonbUnavailableCondition.GsonPreferred @ConditionalOnProperty (spring.mvc.converters.preferred-json-mapper=gson) did not find property 'spring.mvc.converters.preferred-json-mapper' (GsonHttpMessageConvertersConfiguration.PreferGsonOrJacksonAndJsonbUnavailableCondition)

   H2ConsoleAutoConfiguration:
      Did not match:
         - @ConditionalOnClass did not find required class 'org.h2.server.web.WebServlet' (OnClassCondition)

   HazelcastAutoConfiguration:
      Did not match:
         - @ConditionalOnClass did not find required class 'com.hazelcast.core.HazelcastInstance' (OnClassCondition)

   HazelcastCacheConfiguration:
      Did not match:
         - @ConditionalOnClass did not find required class 'com.hazelcast.core.HazelcastInstance' (OnClassCondition)

   HazelcastJpaDependencyAutoConfiguration:
      Did not match:
         - @ConditionalOnClass did not find required class 'com.hazelcast.core.HazelcastInstance' (OnClassCondition)

   HibernateJpaAutoConfiguration:
      Did not match:
         - @ConditionalOnClass did not find required class 'javax.persistence.EntityManager' (OnClassCondition)

   HttpHandlerAutoConfiguration:
      Did not match:
         - @ConditionalOnClass did not find required class 'org.springframework.web.reactive.DispatcherHandler' (OnClassCondition)

   HypermediaAutoConfiguration:
      Did not match:
         - @ConditionalOnClass did not find required class 'org.springframework.hateoas.EntityModel' (OnClassCondition)

   InfinispanCacheConfiguration:
      Did not match:
         - @ConditionalOnClass did not find required class 'org.infinispan.spring.embedded.provider.SpringEmbeddedCacheManager' (OnClassCondition)

   InfluxDbAutoConfiguration:
      Did not match:
         - @ConditionalOnClass did not find required class 'org.influxdb.InfluxDB' (OnClassCondition)

   IntegrationAutoConfiguration:
      Did not match:
         - @ConditionalOnClass did not find required class 'org.springframework.integration.config.EnableIntegration' (OnClassCondition)

   JCacheCacheConfiguration:
      Did not match:
         - @ConditionalOnClass did not find required class 'javax.cache.Caching' (OnClassCondition)

   JacksonHttpMessageConvertersConfiguration.MappingJackson2XmlHttpMessageConverterConfiguration:
      Did not match:
         - @ConditionalOnClass did not find required class 'com.fasterxml.jackson.dataformat.xml.XmlMapper' (OnClassCondition)

   JdbcRepositoriesAutoConfiguration:
      Did not match:
         - @ConditionalOnClass did not find required class 'org.springframework.data.jdbc.repository.config.AbstractJdbcConfiguration' (OnClassCondition)

   JerseyAutoConfiguration:
      Did not match:
         - @ConditionalOnClass did not find required class 'org.glassfish.jersey.server.spring.SpringComponentProvider' (OnClassCondition)

   JmsAutoConfiguration:
      Did not match:
         - @ConditionalOnClass did not find required class 'javax.jms.Message' (OnClassCondition)

   JndiConnectionFactoryAutoConfiguration:
      Did not match:
         - @ConditionalOnClass did not find required class 'org.springframework.jms.core.JmsTemplate' (OnClassCondition)

   JndiDataSourceAutoConfiguration:
      Did not match:
         - @ConditionalOnProperty (spring.datasource.jndi-name) did not find property 'jndi-name' (OnPropertyCondition)
      Matched:
         - @ConditionalOnClass found required classes 'javax.sql.DataSource', 'org.springframework.jdbc.datasource.embedded.EmbeddedDatabaseType' (OnClassCondition)

   JooqAutoConfiguration:
      Did not match:
         - @ConditionalOnClass did not find required class 'org.jooq.DSLContext' (OnClassCondition)

   JpaRepositoriesAutoConfiguration:
      Did not match:
         - @ConditionalOnClass did not find required class 'org.springframework.data.jpa.repository.JpaRepository' (OnClassCondition)

   JsonbAutoConfiguration:
      Did not match:
         - @ConditionalOnClass did not find required class 'javax.json.bind.Jsonb' (OnClassCondition)

   JsonbHttpMessageConvertersConfiguration:
      Did not match:
         - @ConditionalOnClass did not find required class 'javax.json.bind.Jsonb' (OnClassCondition)

   JtaAutoConfiguration:
      Did not match:
         - @ConditionalOnClass did not find required class 'javax.transaction.Transaction' (OnClassCondition)

   KafkaAutoConfiguration:
      Did not match:
         - @ConditionalOnClass did not find required class 'org.springframework.kafka.core.KafkaTemplate' (OnClassCondition)

   LdapAutoConfiguration:
      Did not match:
         - @ConditionalOnClass did not find required class 'org.springframework.ldap.core.ContextSource' (OnClassCondition)

   LdapRepositoriesAutoConfiguration:
      Did not match:
         - @ConditionalOnClass did not find required class 'org.springframework.data.ldap.repository.LdapRepository' (OnClassCondition)

   LiquibaseAutoConfiguration:
      Did not match:
         - @ConditionalOnClass did not find required class 'liquibase.change.DatabaseChange' (OnClassCondition)

   MailSenderAutoConfiguration:
      Did not match:
         - @ConditionalOnClass did not find required class 'javax.mail.internet.MimeMessage' (OnClassCondition)

   MailSenderValidatorAutoConfiguration:
      Did not match:
         - @ConditionalOnSingleCandidate did not find required type 'org.springframework.mail.javamail.JavaMailSenderImpl' (OnBeanCondition)

   MessageSourceAutoConfiguration:
      Did not match:
         - ResourceBundle did not find bundle with basename messages (MessageSourceAutoConfiguration.ResourceBundleCondition)

   MongoAutoConfiguration:
      Did not match:
         - @ConditionalOnClass did not find required class 'com.mongodb.client.MongoClient' (OnClassCondition)

   MongoDataAutoConfiguration:
      Did not match:
         - @ConditionalOnClass did not find required class 'com.mongodb.client.MongoClient' (OnClassCondition)

   MongoReactiveAutoConfiguration:
      Did not match:
         - @ConditionalOnClass did not find required class 'com.mongodb.reactivestreams.client.MongoClient' (OnClassCondition)

   MongoReactiveDataAutoConfiguration:
      Did not match:
         - @ConditionalOnClass did not find required class 'com.mongodb.reactivestreams.client.MongoClient' (OnClassCondition)

   MongoReactiveRepositoriesAutoConfiguration:
      Did not match:
         - @ConditionalOnClass did not find required class 'com.mongodb.reactivestreams.client.MongoClient' (OnClassCondition)

   MongoRepositoriesAutoConfiguration:
      Did not match:
         - @ConditionalOnClass did not find required class 'com.mongodb.client.MongoClient' (OnClassCondition)

   MustacheAutoConfiguration:
      Did not match:
         - @ConditionalOnClass did not find required class 'com.samskivert.mustache.Mustache' (OnClassCondition)

   MybatisAutoConfiguration#sqlSessionFactory:
      Did not match:
         - @ConditionalOnMissingBean (types: org.apache.ibatis.session.SqlSessionFactory; SearchStrategy: all) found beans of type 'org.apache.ibatis.session.SqlSessionFactory' sqlSessionFactory (OnBeanCondition)

   MybatisAutoConfiguration#sqlSessionTemplate:
      Did not match:
         - @ConditionalOnMissingBean (types: org.mybatis.spring.SqlSessionTemplate; SearchStrategy: all) found beans of type 'org.mybatis.spring.SqlSessionTemplate' sqlSessionTemplate (OnBeanCondition)

   MybatisAutoConfiguration.MapperScannerRegistrarNotFoundConfiguration:
      Did not match:
         - @ConditionalOnMissingBean (types: org.mybatis.spring.mapper.MapperFactoryBean,org.mybatis.spring.mapper.MapperScannerConfigurer; SearchStrategy: all) found beans of type 'org.mybatis.spring.mapper.MapperScannerConfigurer' com.example.demo.DemoApplication#MapperScannerRegistrar#0 (OnBeanCondition)

   MybatisLanguageDriverAutoConfiguration.FreeMarkerConfiguration:
      Did not match:
         - @ConditionalOnClass did not find required classes 'org.mybatis.scripting.freemarker.FreeMarkerLanguageDriver', 'org.mybatis.scripting.freemarker.FreeMarkerLanguageDriverConfig' (OnClassCondition)

   MybatisLanguageDriverAutoConfiguration.LegacyFreeMarkerConfiguration:
      Did not match:
         - @ConditionalOnClass did not find required class 'org.mybatis.scripting.freemarker.FreeMarkerLanguageDriver' (OnClassCondition)

   MybatisLanguageDriverAutoConfiguration.LegacyVelocityConfiguration:
      Did not match:
         - @ConditionalOnClass did not find required class 'org.mybatis.scripting.velocity.Driver' (OnClassCondition)

   MybatisLanguageDriverAutoConfiguration.ThymeleafConfiguration:
      Did not match:
         - @ConditionalOnClass did not find required class 'org.mybatis.scripting.thymeleaf.ThymeleafLanguageDriver' (OnClassCondition)

   MybatisLanguageDriverAutoConfiguration.VelocityConfiguration:
      Did not match:
         - @ConditionalOnClass did not find required classes 'org.mybatis.scripting.velocity.VelocityLanguageDriver', 'org.mybatis.scripting.velocity.VelocityLanguageDriverConfig' (OnClassCondition)

   MybatisPlusAutoConfiguration.MapperScannerRegistrarNotFoundConfiguration:
      Did not match:
         - @ConditionalOnMissingBean (types: org.mybatis.spring.mapper.MapperFactoryBean,org.mybatis.spring.mapper.MapperScannerConfigurer; SearchStrategy: all) found beans of type 'org.mybatis.spring.mapper.MapperScannerConfigurer' com.example.demo.DemoApplication#MapperScannerRegistrar#0 (OnBeanCondition)

   MybatisPlusLanguageDriverAutoConfiguration.FreeMarkerConfiguration:
      Did not match:
         - @ConditionalOnClass did not find required classes 'org.mybatis.scripting.freemarker.FreeMarkerLanguageDriver', 'org.mybatis.scripting.freemarker.FreeMarkerLanguageDriverConfig' (OnClassCondition)

   MybatisPlusLanguageDriverAutoConfiguration.LegacyFreeMarkerConfiguration:
      Did not match:
         - @ConditionalOnClass did not find required class 'org.mybatis.scripting.freemarker.FreeMarkerLanguageDriver' (OnClassCondition)

   MybatisPlusLanguageDriverAutoConfiguration.ThymeleafConfiguration:
      Did not match:
         - @ConditionalOnClass did not find required class 'org.mybatis.scripting.thymeleaf.ThymeleafLanguageDriver' (OnClassCondition)

   MybatisPlusLanguageDriverAutoConfiguration.VelocityConfiguration:
      Did not match:
         - @ConditionalOnClass did not find required classes 'org.mybatis.scripting.velocity.VelocityLanguageDriver', 'org.mybatis.scripting.velocity.VelocityLanguageDriverConfig' (OnClassCondition)

   Neo4jAutoConfiguration:
      Did not match:
         - @ConditionalOnClass did not find required class 'org.neo4j.driver.Driver' (OnClassCondition)

   Neo4jDataAutoConfiguration:
      Did not match:
         - @ConditionalOnClass did not find required class 'org.neo4j.driver.Driver' (OnClassCondition)

   Neo4jReactiveDataAutoConfiguration:
      Did not match:
         - @ConditionalOnClass did not find required class 'org.neo4j.driver.Driver' (OnClassCondition)

   Neo4jReactiveRepositoriesAutoConfiguration:
      Did not match:
         - @ConditionalOnClass did not find required class 'org.neo4j.driver.Driver' (OnClassCondition)

   Neo4jRepositoriesAutoConfiguration:
      Did not match:
         - @ConditionalOnClass did not find required class 'org.neo4j.driver.Driver' (OnClassCondition)

   NettyAutoConfiguration:
      Did not match:
         - @ConditionalOnClass did not find required class 'io.netty.util.NettyRuntime' (OnClassCondition)

   OAuth2ClientAutoConfiguration:
      Did not match:
         - @ConditionalOnClass did not find required class 'org.springframework.security.config.annotation.web.configuration.EnableWebSecurity' (OnClassCondition)

   OAuth2ResourceServerAutoConfiguration:
      Did not match:
         - @ConditionalOnClass did not find required class 'org.springframework.security.oauth2.server.resource.BearerTokenAuthenticationToken' (OnClassCondition)

   ProjectInfoAutoConfiguration#buildProperties:
      Did not match:
         - @ConditionalOnResource did not find resource '${spring.info.build.location:classpath:META-INF/build-info.properties}' (OnResourceCondition)

   ProjectInfoAutoConfiguration#gitProperties:
      Did not match:
         - GitResource did not find git info at classpath:git.properties (ProjectInfoAutoConfiguration.GitResourceAvailableCondition)

   QuartzAutoConfiguration:
      Did not match:
         - @ConditionalOnClass did not find required class 'org.quartz.Scheduler' (OnClassCondition)

   R2dbcAutoConfiguration:
      Did not match:
         - @ConditionalOnClass did not find required class 'io.r2dbc.spi.ConnectionFactory' (OnClassCondition)

   R2dbcDataAutoConfiguration:
      Did not match:
         - @ConditionalOnClass did not find required class 'org.springframework.data.r2dbc.core.R2dbcEntityTemplate' (OnClassCondition)

   R2dbcInitializationConfiguration:
      Did not match:
         - @ConditionalOnClass did not find required classes 'io.r2dbc.spi.ConnectionFactory', 'org.springframework.r2dbc.connection.init.DatabasePopulator' (OnClassCondition)

   R2dbcRepositoriesAutoConfiguration:
      Did not match:
         - @ConditionalOnClass did not find required class 'io.r2dbc.spi.ConnectionFactory' (OnClassCondition)

   R2dbcTransactionManagerAutoConfiguration:
      Did not match:
         - @ConditionalOnClass did not find required class 'org.springframework.r2dbc.connection.R2dbcTransactionManager' (OnClassCondition)

   RSocketMessagingAutoConfiguration:
      Did not match:
         - @ConditionalOnClass did not find required class 'io.rsocket.RSocket' (OnClassCondition)

   RSocketRequesterAutoConfiguration:
      Did not match:
         - @ConditionalOnClass did not find required class 'io.rsocket.RSocket' (OnClassCondition)

   RSocketSecurityAutoConfiguration:
      Did not match:
         - @ConditionalOnClass did not find required class 'org.springframework.security.rsocket.core.SecuritySocketAcceptorInterceptor' (OnClassCondition)

   RSocketServerAutoConfiguration:
      Did not match:
         - @ConditionalOnClass did not find required class 'io.rsocket.core.RSocketServer' (OnClassCondition)

   RSocketStrategiesAutoConfiguration:
      Did not match:
         - @ConditionalOnClass did not find required class 'io.netty.buffer.PooledByteBufAllocator' (OnClassCondition)

   RabbitAutoConfiguration:
      Did not match:
         - @ConditionalOnClass did not find required class 'com.rabbitmq.client.Channel' (OnClassCondition)

   ReactiveElasticsearchRepositoriesAutoConfiguration:
      Did not match:
         - @ConditionalOnClass did not find required class 'org.springframework.data.elasticsearch.client.reactive.ReactiveElasticsearchClient' (OnClassCondition)

   ReactiveElasticsearchRestClientAutoConfiguration:
      Did not match:
         - @ConditionalOnClass did not find required class 'reactor.netty.http.client.HttpClient' (OnClassCondition)

   ReactiveMultipartAutoConfiguration:
      Did not match:
         - @ConditionalOnClass did not find required class 'org.springframework.web.reactive.config.WebFluxConfigurer' (OnClassCondition)

   ReactiveOAuth2ClientAutoConfiguration:
      Did not match:
         - @ConditionalOnClass did not find required class 'reactor.core.publisher.Flux' (OnClassCondition)

   ReactiveOAuth2ResourceServerAutoConfiguration:
      Did not match:
         - @ConditionalOnClass did not find required class 'org.springframework.security.config.annotation.web.reactive.EnableWebFluxSecurity' (OnClassCondition)

   ReactiveSecurityAutoConfiguration:
      Did not match:
         - @ConditionalOnClass did not find required class 'reactor.core.publisher.Flux' (OnClassCondition)

   ReactiveUserDetailsServiceAutoConfiguration:
      Did not match:
         - @ConditionalOnClass did not find required class 'org.springframework.security.authentication.ReactiveAuthenticationManager' (OnClassCondition)

   ReactiveWebServerFactoryAutoConfiguration:
      Did not match:
         - @ConditionalOnWebApplication did not find reactive web application classes (OnWebApplicationCondition)

   RedisAutoConfiguration:
      Did not match:
         - @ConditionalOnClass did not find required class 'org.springframework.data.redis.core.RedisOperations' (OnClassCondition)

   RedisCacheConfiguration:
      Did not match:
         - @ConditionalOnClass did not find required class 'org.springframework.data.redis.connection.RedisConnectionFactory' (OnClassCondition)

   RedisReactiveAutoConfiguration:
      Did not match:
         - @ConditionalOnClass did not find required class 'reactor.core.publisher.Flux' (OnClassCondition)

   RedisRepositoriesAutoConfiguration:
      Did not match:
         - @ConditionalOnClass did not find required class 'org.springframework.data.redis.repository.configuration.EnableRedisRepositories' (OnClassCondition)

   RemoteDevToolsAutoConfiguration:
      Did not match:
         - @ConditionalOnProperty (spring.devtools.remote.secret) did not find property 'secret' (OnPropertyCondition)
      Matched:
         - @ConditionalOnClass found required classes 'javax.servlet.Filter', 'org.springframework.http.server.ServerHttpRequest' (OnClassCondition)

   RepositoryRestMvcAutoConfiguration:
      Did not match:
         - @ConditionalOnClass did not find required class 'org.springframework.data.rest.webmvc.config.RepositoryRestMvcConfiguration' (OnClassCondition)

   Saml2RelyingPartyAutoConfiguration:
      Did not match:
         - @ConditionalOnClass did not find required class 'org.springframework.security.saml2.provider.service.registration.RelyingPartyRegistrationRepository' (OnClassCondition)

   SecurityAutoConfiguration:
      Did not match:
         - @ConditionalOnClass did not find required class 'org.springframework.security.authentication.DefaultAuthenticationEventPublisher' (OnClassCondition)

   SecurityFilterAutoConfiguration:
      Did not match:
         - @ConditionalOnClass did not find required class 'org.springframework.security.config.http.SessionCreationPolicy' (OnClassCondition)

   SendGridAutoConfiguration:
      Did not match:
         - @ConditionalOnClass did not find required class 'com.sendgrid.SendGrid' (OnClassCondition)

   ServletWebServerFactoryAutoConfiguration#tomcatServletWebServerFactoryCustomizer:
      Did not match:
         - @ConditionalOnClass did not find required class 'org.apache.catalina.startup.Tomcat' (OnClassCondition)

   ServletWebServerFactoryAutoConfiguration.ForwardedHeaderFilterConfiguration:
      Did not match:
         - @ConditionalOnProperty (server.forward-headers-strategy=framework) did not find property 'server.forward-headers-strategy' (OnPropertyCondition)

   ServletWebServerFactoryConfiguration.EmbeddedTomcat:
      Did not match:
         - @ConditionalOnClass did not find required classes 'org.apache.catalina.startup.Tomcat', 'org.apache.coyote.UpgradeProtocol' (OnClassCondition)

   ServletWebServerFactoryConfiguration.EmbeddedUndertow:
      Did not match:
         - @ConditionalOnClass did not find required classes 'io.undertow.Undertow', 'org.xnio.SslClientAuthMode' (OnClassCondition)

   SessionAutoConfiguration:
      Did not match:
         - @ConditionalOnClass did not find required class 'org.springframework.session.Session' (OnClassCondition)

   SolrAutoConfiguration:
      Did not match:
         - @ConditionalOnClass did not find required class 'org.apache.solr.client.solrj.impl.CloudSolrClient' (OnClassCondition)

   SpringDataWebAutoConfiguration:
      Did not match:
         - @ConditionalOnClass did not find required class 'org.springframework.data.web.PageableHandlerMethodArgumentResolver' (OnClassCondition)

   TaskSchedulingAutoConfiguration#taskScheduler:
      Did not match:
         - @ConditionalOnBean (names: org.springframework.context.annotation.internalScheduledAnnotationProcessor; SearchStrategy: all) did not find any beans named org.springframework.context.annotation.internalScheduledAnnotationProcessor (OnBeanCondition)

   ThymeleafAutoConfiguration:
      Did not match:
         - @ConditionalOnClass did not find required class 'org.thymeleaf.spring5.SpringTemplateEngine' (OnClassCondition)

   TransactionAutoConfiguration#transactionalOperator:
      Did not match:
         - @ConditionalOnSingleCandidate (types: org.springframework.transaction.ReactiveTransactionManager; SearchStrategy: all) did not find any beans (OnBeanCondition)

   TransactionAutoConfiguration.EnableTransactionManagementConfiguration.JdkDynamicAutoProxyConfiguration:
      Did not match:
         - @ConditionalOnProperty (spring.aop.proxy-target-class=false) did not find property 'proxy-target-class' (OnPropertyCondition)

   UserDetailsServiceAutoConfiguration:
      Did not match:
         - @ConditionalOnClass did not find required class 'org.springframework.security.authentication.AuthenticationManager' (OnClassCondition)

   ValidationAutoConfiguration:
      Did not match:
         - @ConditionalOnClass did not find required class 'javax.validation.executable.ExecutableValidator' (OnClassCondition)

   WebClientAutoConfiguration:
      Did not match:
         - @ConditionalOnClass did not find required class 'org.springframework.web.reactive.function.client.WebClient' (OnClassCondition)

   WebFluxAutoConfiguration:
      Did not match:
         - @ConditionalOnClass did not find required class 'org.springframework.web.reactive.config.WebFluxConfigurer' (OnClassCondition)

   WebMvcAutoConfiguration:
      Did not match:
         - @ConditionalOnMissingBean (types: org.springframework.web.servlet.config.annotation.WebMvcConfigurationSupport; SearchStrategy: all) found beans of type 'org.springframework.web.servlet.config.annotation.WebMvcConfigurationSupport' com.example.demo.Config.WebMvcConfig (OnBeanCondition)
      Matched:
         - @ConditionalOnClass found required classes 'javax.servlet.Servlet', 'org.springframework.web.servlet.DispatcherServlet', 'org.springframework.web.servlet.config.annotation.WebMvcConfigurer' (OnClassCondition)
         - found 'session' scope (OnWebApplicationCondition)

   WebMvcAutoConfiguration.ResourceChainCustomizerConfiguration:
      Did not match:
         - @ConditionalOnEnabledResourceChain did not find class org.webjars.WebJarAssetLocator (OnEnabledResourceChainCondition)
         - Ancestor org.springframework.boot.autoconfigure.web.servlet.WebMvcAutoConfiguration did not match (ConditionEvaluationReport.AncestorsMatchedCondition)

   WebServiceTemplateAutoConfiguration:
      Did not match:
         - @ConditionalOnClass did not find required class 'org.springframework.oxm.Marshaller' (OnClassCondition)

   WebServicesAutoConfiguration:
      Did not match:
         - @ConditionalOnClass did not find required class 'org.springframework.ws.transport.http.MessageDispatcherServlet' (OnClassCondition)

   WebSessionIdResolverAutoConfiguration:
      Did not match:
         - @ConditionalOnClass did not find required class 'reactor.core.publisher.Mono' (OnClassCondition)

   WebSocketMessagingAutoConfiguration:
      Did not match:
         - @ConditionalOnClass did not find required class 'org.springframework.web.socket.config.annotation.WebSocketMessageBrokerConfigurer' (OnClassCondition)

   WebSocketReactiveAutoConfiguration:
      Did not match:
         - @ConditionalOnWebApplication did not find reactive web application classes (OnWebApplicationCondition)

   WebSocketServletAutoConfiguration.Jetty10WebSocketConfiguration:
      Did not match:
         - @ConditionalOnClass did not find required classes 'org.eclipse.jetty.websocket.javax.server.internal.JavaxWebSocketServerContainer', 'org.eclipse.jetty.websocket.server.JettyWebSocketServerContainer' (OnClassCondition)

   WebSocketServletAutoConfiguration.TomcatWebSocketConfiguration:
      Did not match:
         - @ConditionalOnClass did not find required classes 'org.apache.catalina.startup.Tomcat', 'org.apache.tomcat.websocket.server.WsSci' (OnClassCondition)

   WebSocketServletAutoConfiguration.UndertowWebSocketConfiguration:
      Did not match:
         - @ConditionalOnClass did not find required class 'io.undertow.websockets.jsr.Bootstrap' (OnClassCondition)

   XADataSourceAutoConfiguration:
      Did not match:
         - @ConditionalOnClass did not find required class 'javax.transaction.TransactionManager' (OnClassCondition)


Exclusions:
-----------

    None


Unconditional classes:
----------------------

    org.springframework.boot.autoconfigure.context.ConfigurationPropertiesAutoConfiguration

    org.springframework.boot.autoconfigure.context.LifecycleAutoConfiguration

    org.springframework.boot.autoconfigure.context.PropertyPlaceholderAutoConfiguration

    org.springframework.boot.autoconfigure.availability.ApplicationAvailabilityAutoConfiguration

    org.springframework.boot.autoconfigure.info.ProjectInfoAutoConfiguration



2025-08-06 16:12:30.303 DEBUG 23844 --- [restartedMain] ySourcesPropertyResolver$DefaultResolver : Found key 'spring.liveBeansView.mbeanDomain' in PropertySource 'systemProperties' with value of type String
2025-08-06 16:12:30.305  INFO 23844 --- [restartedMain] com.example.demo.DemoApplication         : Started DemoApplication in 2.664 seconds (JVM running for 3.144)
2025-08-06 16:12:30.306 DEBUG 23844 --- [restartedMain] o.s.b.a.ApplicationAvailabilityBean      : Application availability state LivenessState changed to CORRECT
2025-08-06 16:12:30.307 DEBUG 23844 --- [restartedMain] o.s.boot.devtools.restart.Restarter      : Creating new Restarter for thread Thread[main,5,main]
2025-08-06 16:12:30.307 DEBUG 23844 --- [restartedMain] o.s.boot.devtools.restart.Restarter      : Immediately restarting application
2025-08-06 16:12:30.307 DEBUG 23844 --- [restartedMain] o.s.boot.devtools.restart.Restarter      : Starting application com.example.demo.DemoApplication with URLs [file:/D:/IDEAJAVA/origin/target/classes/]
2025-08-06 16:12:30.308 DEBUG 23844 --- [restartedMain] o.s.b.a.ApplicationAvailabilityBean      : Application availability state ReadinessState changed to ACCEPTING_TRAFFIC
2025-08-06 16:12:30.729 DEBUG 23844 --- [RMI TCP Connection(1)-192.168.75.1] sun.rmi.transport.tcp                    : RMI TCP Connection(1)-192.168.75.1: (port 49174) op = 82
2025-08-06 16:12:30.730 DEBUG 23844 --- [RMI TCP Connection(1)-192.168.75.1] sun.rmi.transport.tcp                    : RMI TCP Connection(1)-192.168.75.1: (port 49174) op = 80
2025-08-06 16:12:30.731 DEBUG 23844 --- [RMI TCP Connection(1)-192.168.75.1] sun.rmi.transport.tcp                    : RMI TCP Connection(1)-192.168.75.1: (port 49174) op = 80
2025-08-06 16:12:30.731 DEBUG 23844 --- [RMI TCP Connection(1)-192.168.75.1] sun.rmi.loader                           : RMI TCP Connection(1)-192.168.75.1: name = "[Ljava.rmi.server.ObjID;", codebase = "", defaultLoader = jdk.internal.loader.ClassLoaders$PlatformClassLoader@5ff3d777
2025-08-06 16:12:30.731 DEBUG 23844 --- [RMI TCP Connection(1)-192.168.75.1] sun.rmi.loader                           : RMI TCP Connection(1)-192.168.75.1: name = "java.rmi.server.ObjID", codebase = "", defaultLoader = jdk.internal.loader.ClassLoaders$PlatformClassLoader@5ff3d777
2025-08-06 16:12:30.731 DEBUG 23844 --- [RMI TCP Connection(1)-192.168.75.1] sun.rmi.loader                           : RMI TCP Connection(1)-192.168.75.1: name = "java.rmi.server.UID", codebase = "", defaultLoader = jdk.internal.loader.ClassLoaders$PlatformClassLoader@5ff3d777
2025-08-06 16:12:30.731 DEBUG 23844 --- [RMI TCP Connection(1)-192.168.75.1] sun.rmi.loader                           : RMI TCP Connection(1)-192.168.75.1: name = "java.rmi.dgc.Lease", codebase = "", defaultLoader = jdk.internal.loader.ClassLoaders$PlatformClassLoader@5ff3d777
2025-08-06 16:12:30.731 DEBUG 23844 --- [RMI TCP Connection(1)-192.168.75.1] sun.rmi.loader                           : RMI TCP Connection(1)-192.168.75.1: name = "java.rmi.dgc.VMID", codebase = "", defaultLoader = jdk.internal.loader.ClassLoaders$PlatformClassLoader@5ff3d777
2025-08-06 16:12:30.731 DEBUG 23844 --- [RMI TCP Connection(1)-192.168.75.1] sun.rmi.loader                           : RMI TCP Connection(1)-192.168.75.1: name = "[B", codebase = "", defaultLoader = jdk.internal.loader.ClassLoaders$PlatformClassLoader@5ff3d777
2025-08-06 16:12:30.732 DEBUG 23844 --- [RMI TCP Connection(1)-192.168.75.1] sun.rmi.transport.tcp                    : RMI TCP Connection(1)-192.168.75.1: (port 49174) op = 84
2025-08-06 16:12:30.732 DEBUG 23844 --- [RMI TCP Connection(1)-192.168.75.1] sun.rmi.transport.tcp                    : RMI TCP Connection(1)-192.168.75.1: (port 49174) op = 80
2025-08-06 16:12:30.732 DEBUG 23844 --- [RMI TCP Connection(1)-192.168.75.1] sun.rmi.transport.tcp                    : RMI TCP Connection(1)-192.168.75.1: (port 49174) op = 80
2025-08-06 16:12:30.732 DEBUG 23844 --- [RMI TCP Connection(1)-192.168.75.1] sun.rmi.loader                           : RMI TCP Connection(1)-192.168.75.1: name = "javax.management.ObjectName", codebase = ""
2025-08-06 16:12:30.733 DEBUG 23844 --- [RMI TCP Connection(1)-192.168.75.1] javax.management.remote.rmi              : connectionId=rmi://192.168.75.1  6, name=org.springframework.boot:type=Admin,name=SpringApplication, attribute=Ready
2025-08-06 16:12:30.734 DEBUG 23844 --- [RMI TCP Connection(1)-192.168.75.1] sun.rmi.transport.tcp                    : RMI TCP Connection(1)-192.168.75.1: (port 49174) op = 80
2025-08-06 16:12:30.735 DEBUG 23844 --- [RMI TCP Connection(1)-192.168.75.1] javax.management.remote.rmi              : [javax.management.remote.rmi.RMIConnectionImpl@19cccdfc: connectionId=rmi://192.168.75.1  6] closing.
2025-08-06 16:12:30.735 DEBUG 23844 --- [RMI TCP Connection(1)-192.168.75.1] javax.management.remote.rmi              : [javax.management.remote.rmi.RMIConnectionImpl@19cccdfc: connectionId=rmi://192.168.75.1  6] closed.
2025-08-06 16:12:30.747 DEBUG 23844 --- [RMI TCP Connection(2)-192.168.75.1] sun.rmi.transport.tcp                    : RMI TCP Connection(2)-192.168.75.1: accepted socket from [192.168.75.1:49185]
2025-08-06 16:12:30.748 DEBUG 23844 --- [RMI TCP Connection(2)-192.168.75.1] sun.rmi.transport.tcp                    : RMI TCP Connection(2)-192.168.75.1: (port 49174) op = 80
2025-08-06 16:12:30.749 DEBUG 23844 --- [RMI TCP Connection(2)-192.168.75.1] sun.rmi.transport.tcp                    : RMI TCP Connection(2)-192.168.75.1: (port 49174) op = 80
2025-08-06 16:12:30.749 DEBUG 23844 --- [RMI TCP Connection(2)-192.168.75.1] sun.rmi.loader                           : RMI TCP Connection(2)-192.168.75.1: name = "[Ljava.rmi.server.ObjID;", codebase = "", defaultLoader = jdk.internal.loader.ClassLoaders$PlatformClassLoader@5ff3d777
2025-08-06 16:12:30.749 DEBUG 23844 --- [RMI TCP Connection(2)-192.168.75.1] sun.rmi.loader                           : RMI TCP Connection(2)-192.168.75.1: name = "java.rmi.server.ObjID", codebase = "", defaultLoader = jdk.internal.loader.ClassLoaders$PlatformClassLoader@5ff3d777
2025-08-06 16:12:30.749 DEBUG 23844 --- [RMI TCP Connection(2)-192.168.75.1] sun.rmi.loader                           : RMI TCP Connection(2)-192.168.75.1: name = "java.rmi.server.UID", codebase = "", defaultLoader = jdk.internal.loader.ClassLoaders$PlatformClassLoader@5ff3d777
2025-08-06 16:12:30.749 DEBUG 23844 --- [RMI TCP Connection(2)-192.168.75.1] sun.rmi.loader                           : RMI TCP Connection(2)-192.168.75.1: name = "java.rmi.dgc.Lease", codebase = "", defaultLoader = jdk.internal.loader.ClassLoaders$PlatformClassLoader@5ff3d777
2025-08-06 16:12:30.749 DEBUG 23844 --- [RMI TCP Connection(2)-192.168.75.1] sun.rmi.loader                           : RMI TCP Connection(2)-192.168.75.1: name = "java.rmi.dgc.VMID", codebase = "", defaultLoader = jdk.internal.loader.ClassLoaders$PlatformClassLoader@5ff3d777
2025-08-06 16:12:30.749 DEBUG 23844 --- [RMI TCP Connection(2)-192.168.75.1] sun.rmi.loader                           : RMI TCP Connection(2)-192.168.75.1: name = "[B", codebase = "", defaultLoader = jdk.internal.loader.ClassLoaders$PlatformClassLoader@5ff3d777
2025-08-06 16:12:30.750 DEBUG 23844 --- [RMI TCP Connection(2)-192.168.75.1] sun.rmi.transport.tcp                    : RMI TCP Connection(2)-192.168.75.1: (port 49174) op = 84
2025-08-06 16:12:30.750 DEBUG 23844 --- [RMI TCP Connection(2)-192.168.75.1] sun.rmi.transport.tcp                    : RMI TCP Connection(2)-192.168.75.1: (port 49174) op = 80
2025-08-06 16:12:30.755 DEBUG 23844 --- [RMI TCP Connection(2)-192.168.75.1] sun.rmi.transport.tcp                    : RMI TCP Connection(2)-192.168.75.1: (port 49174) op = 82
2025-08-06 16:12:30.756 DEBUG 23844 --- [RMI TCP Connection(2)-192.168.75.1] sun.rmi.transport.tcp                    : RMI TCP Connection(2)-192.168.75.1: (port 49174) op = 80
2025-08-06 16:12:30.756 DEBUG 23844 --- [RMI TCP Connection(2)-192.168.75.1] sun.rmi.loader                           : RMI TCP Connection(2)-192.168.75.1: name = "javax.management.ObjectName", codebase = ""
2025-08-06 16:12:30.756 DEBUG 23844 --- [RMI TCP Connection(2)-192.168.75.1] sun.rmi.loader                           : RMI TCP Connection(2)-192.168.75.1: name = "java.rmi.MarshalledObject", codebase = ""
2025-08-06 16:12:30.757 DEBUG 23844 --- [RMI TCP Connection(2)-192.168.75.1] sun.rmi.loader                           : RMI TCP Connection(2)-192.168.75.1: name = "[B", codebase = ""
2025-08-06 16:12:30.757 DEBUG 23844 --- [RMI TCP Connection(2)-192.168.75.1] sun.rmi.loader                           : RMI TCP Connection(2)-192.168.75.1: name = "[Ljava.lang.String;", codebase = ""
2025-08-06 16:12:30.757 DEBUG 23844 --- [RMI TCP Connection(2)-192.168.75.1] javax.management.remote.rmi              : connectionId=rmi://192.168.75.1  7 unwrapping params with MBean extended ClassLoader.
2025-08-06 16:12:30.758 DEBUG 23844 --- [RMI TCP Connection(2)-192.168.75.1] sun.rmi.loader                           : RMI TCP Connection(2)-192.168.75.1: name = "[Ljava.lang.String;", codebase = "", defaultLoader = jdk.internal.loader.ClassLoaders$PlatformClassLoader@5ff3d777
2025-08-06 16:12:30.759 DEBUG 23844 --- [RMI TCP Connection(3)-192.168.75.1] sun.rmi.transport.tcp                    : RMI TCP Connection(3)-192.168.75.1: accepted socket from [192.168.75.1:49186]
2025-08-06 16:12:30.760 DEBUG 23844 --- [RMI TCP Connection(2)-192.168.75.1] javax.management.remote.rmi              : connectionId=rmi://192.168.75.1  7, name=org.springframework.boot:type=Admin,name=SpringApplication, operationName=getProperty, signature=[java.lang.String]
2025-08-06 16:12:30.760 DEBUG 23844 --- [RMI TCP Connection(3)-192.168.75.1] sun.rmi.transport.tcp                    : RMI TCP Connection(3)-192.168.75.1: (port 49174) op = 80
2025-08-06 16:12:30.760 DEBUG 23844 --- [RMI TCP Connection(2)-192.168.75.1] sun.rmi.transport.tcp                    : RMI TCP Connection(2)-192.168.75.1: (port 49174) op = 82
2025-08-06 16:12:30.760 DEBUG 23844 --- [RMI TCP Connection(2)-192.168.75.1] sun.rmi.transport.tcp                    : RMI TCP Connection(2)-192.168.75.1: (port 49174) op = 80
2025-08-06 16:12:30.760 DEBUG 23844 --- [RMI TCP Connection(2)-192.168.75.1] javax.management.remote.rmi              : [javax.management.remote.rmi.RMIConnectionImpl@77487a50: connectionId=rmi://192.168.75.1  7] closing.
2025-08-06 16:12:30.760 DEBUG 23844 --- [RMI TCP Connection(2)-192.168.75.1] javax.management.remote.rmi              : [javax.management.remote.rmi.RMIConnectionImpl@77487a50: connectionId=rmi://192.168.75.1  7] closed.
2025-08-06 16:12:30.761 DEBUG 23844 --- [RMI TCP Connection(3)-192.168.75.1] sun.rmi.transport.tcp                    : RMI TCP Connection(3)-192.168.75.1: (port 49174) op = 80
2025-08-06 16:12:30.761 DEBUG 23844 --- [RMI TCP Connection(3)-192.168.75.1] sun.rmi.loader                           : RMI TCP Connection(3)-192.168.75.1: name = "[Ljava.rmi.server.ObjID;", codebase = "", defaultLoader = jdk.internal.loader.ClassLoaders$PlatformClassLoader@5ff3d777
2025-08-06 16:12:30.761 DEBUG 23844 --- [RMI TCP Connection(3)-192.168.75.1] sun.rmi.loader                           : RMI TCP Connection(3)-192.168.75.1: name = "java.rmi.server.ObjID", codebase = "", defaultLoader = jdk.internal.loader.ClassLoaders$PlatformClassLoader@5ff3d777
2025-08-06 16:12:30.761 DEBUG 23844 --- [RMI TCP Connection(3)-192.168.75.1] sun.rmi.loader                           : RMI TCP Connection(3)-192.168.75.1: name = "java.rmi.server.UID", codebase = "", defaultLoader = jdk.internal.loader.ClassLoaders$PlatformClassLoader@5ff3d777
2025-08-06 16:12:30.762 DEBUG 23844 --- [RMI TCP Connection(3)-192.168.75.1] sun.rmi.loader                           : RMI TCP Connection(3)-192.168.75.1: name = "java.rmi.dgc.Lease", codebase = "", defaultLoader = jdk.internal.loader.ClassLoaders$PlatformClassLoader@5ff3d777
