2025-08-06 16:13:25.777 DEBUG 23844 --- [SpringApplicationShutdownHook] org.eclipse.jetty.io.ManagedSelector     : Wakeup on submit ManagedSelector@38fd2e1e{STOPPING} id=3 keys=0 selected=0 updates=1
2025-08-06 16:13:25.777 DEBUG 23844 --- [qtp766069067-36] org.eclipse.jetty.io.ManagedSelector     : Selector sun.nio.ch.WEPollSelectorImpl@53893a0f woken with none selected
2025-08-06 16:13:25.777 DEBUG 23844 --- [qtp766069067-36] org.eclipse.jetty.io.ManagedSelector     : Selector sun.nio.ch.WEPollSelectorImpl@53893a0f woken up from select, 0/0/0 selected
2025-08-06 16:13:25.777 DEBUG 23844 --- [qtp766069067-36] org.eclipse.jetty.io.ManagedSelector     : Selector sun.nio.ch.WEPollSelectorImpl@53893a0f processing 0 keys, 1 updates
2025-08-06 16:13:25.778 DEBUG 23844 --- [qtp766069067-36] org.eclipse.jetty.io.ManagedSelector     : updateable 1
2025-08-06 16:13:25.778 DEBUG 23844 --- [qtp766069067-36] org.eclipse.jetty.io.ManagedSelector     : update org.eclipse.jetty.io.ManagedSelector$StopSelector@68e15b46
2025-08-06 16:13:25.778 DEBUG 23844 --- [qtp766069067-36] org.eclipse.jetty.io.ManagedSelector     : updates 0
2025-08-06 16:13:25.778 DEBUG 23844 --- [SpringApplicationShutdownHook] org.eclipse.jetty.io.ManagedSelector     : Queued change lazy=false org.eclipse.jetty.io.ManagedSelector$CloseConnections@4cd712e0 on ManagedSelector@1ddfbffd{STOPPING} id=2 keys=0 selected=0 updates=0
2025-08-06 16:13:25.778 DEBUG 23844 --- [qtp766069067-36] o.e.jetty.util.thread.QueuedThreadPool   : ran org.eclipse.jetty.io.ManagedSelector$$Lambda$906/0x0000015c0c627698@1955270 in QueuedThreadPool[qtp766069067]@2da9494b{STARTED,8<=8<=200,i=4,r=-1,q=0}[ReservedThreadExecutor@24148cc1{reserved=0/12,pending=0}]
2025-08-06 16:13:25.778 DEBUG 23844 --- [SpringApplicationShutdownHook] org.eclipse.jetty.io.ManagedSelector     : Wakeup on submit ManagedSelector@1ddfbffd{STOPPING} id=2 keys=0 selected=0 updates=1
2025-08-06 16:13:25.778 DEBUG 23844 --- [qtp766069067-35] org.eclipse.jetty.io.ManagedSelector     : Selector sun.nio.ch.WEPollSelectorImpl@36d1356 woken with none selected
2025-08-06 16:13:25.778 DEBUG 23844 --- [qtp766069067-35] org.eclipse.jetty.io.ManagedSelector     : Selector sun.nio.ch.WEPollSelectorImpl@36d1356 woken up from select, 0/0/0 selected
2025-08-06 16:13:25.778 DEBUG 23844 --- [qtp766069067-35] org.eclipse.jetty.io.ManagedSelector     : Selector sun.nio.ch.WEPollSelectorImpl@36d1356 processing 0 keys, 1 updates
2025-08-06 16:13:25.778 DEBUG 23844 --- [qtp766069067-35] org.eclipse.jetty.io.ManagedSelector     : updateable 1
2025-08-06 16:13:25.778 DEBUG 23844 --- [qtp766069067-35] org.eclipse.jetty.io.ManagedSelector     : update org.eclipse.jetty.io.ManagedSelector$CloseConnections@4cd712e0
2025-08-06 16:13:25.778 DEBUG 23844 --- [qtp766069067-35] org.eclipse.jetty.io.ManagedSelector     : Closing 0 connections on ManagedSelector@1ddfbffd{STOPPING} id=2 keys=0 selected=0 updates=0
2025-08-06 16:13:25.778 DEBUG 23844 --- [qtp766069067-35] org.eclipse.jetty.io.ManagedSelector     : updates 0
2025-08-06 16:13:25.778 DEBUG 23844 --- [qtp766069067-35] org.eclipse.jetty.io.ManagedSelector     : Selector sun.nio.ch.WEPollSelectorImpl@36d1356 waiting with 0 keys
2025-08-06 16:13:25.778 DEBUG 23844 --- [SpringApplicationShutdownHook] org.eclipse.jetty.io.ManagedSelector     : Queued change lazy=false org.eclipse.jetty.io.ManagedSelector$StopSelector@56ef4a06 on ManagedSelector@1ddfbffd{STOPPING} id=2 keys=0 selected=0 updates=0
2025-08-06 16:13:25.778 DEBUG 23844 --- [SpringApplicationShutdownHook] org.eclipse.jetty.io.ManagedSelector     : Wakeup on submit ManagedSelector@1ddfbffd{STOPPING} id=2 keys=0 selected=0 updates=1
2025-08-06 16:13:25.778 DEBUG 23844 --- [qtp766069067-35] org.eclipse.jetty.io.ManagedSelector     : Selector sun.nio.ch.WEPollSelectorImpl@36d1356 woken with none selected
2025-08-06 16:13:25.778 DEBUG 23844 --- [qtp766069067-35] org.eclipse.jetty.io.ManagedSelector     : Selector sun.nio.ch.WEPollSelectorImpl@36d1356 woken up from select, 0/0/0 selected
2025-08-06 16:13:25.778 DEBUG 23844 --- [qtp766069067-35] org.eclipse.jetty.io.ManagedSelector     : Selector sun.nio.ch.WEPollSelectorImpl@36d1356 processing 0 keys, 1 updates
2025-08-06 16:13:25.778 DEBUG 23844 --- [qtp766069067-35] org.eclipse.jetty.io.ManagedSelector     : updateable 1
2025-08-06 16:13:25.778 DEBUG 23844 --- [qtp766069067-35] org.eclipse.jetty.io.ManagedSelector     : update org.eclipse.jetty.io.ManagedSelector$StopSelector@56ef4a06
2025-08-06 16:13:25.778 DEBUG 23844 --- [qtp766069067-35] org.eclipse.jetty.io.ManagedSelector     : updates 0
2025-08-06 16:13:25.778 DEBUG 23844 --- [qtp766069067-35] o.e.jetty.util.thread.QueuedThreadPool   : ran org.eclipse.jetty.io.ManagedSelector$$Lambda$906/0x0000015c0c627698@265e5ce8 in QueuedThreadPool[qtp766069067]@2da9494b{STARTED,8<=8<=200,i=5,r=-1,q=0}[ReservedThreadExecutor@24148cc1{reserved=0/12,pending=0}]
2025-08-06 16:13:25.778 DEBUG 23844 --- [SpringApplicationShutdownHook] org.eclipse.jetty.io.ManagedSelector     : Queued change lazy=false org.eclipse.jetty.io.ManagedSelector$CloseConnections@358ada29 on ManagedSelector@62d4fb2{STOPPING} id=1 keys=0 selected=0 updates=0
2025-08-06 16:13:25.778 DEBUG 23844 --- [SpringApplicationShutdownHook] org.eclipse.jetty.io.ManagedSelector     : Wakeup on submit ManagedSelector@62d4fb2{STOPPING} id=1 keys=0 selected=0 updates=1
2025-08-06 16:13:25.778 DEBUG 23844 --- [qtp766069067-33] org.eclipse.jetty.io.ManagedSelector     : Selector sun.nio.ch.WEPollSelectorImpl@67f8fed6 woken with none selected
2025-08-06 16:13:25.778 DEBUG 23844 --- [qtp766069067-33] org.eclipse.jetty.io.ManagedSelector     : Selector sun.nio.ch.WEPollSelectorImpl@67f8fed6 woken up from select, 0/0/0 selected
2025-08-06 16:13:25.778 DEBUG 23844 --- [qtp766069067-33] org.eclipse.jetty.io.ManagedSelector     : Selector sun.nio.ch.WEPollSelectorImpl@67f8fed6 processing 0 keys, 1 updates
